[2.354s] DEBUG:colcon:Command line arguments: ['/usr/bin/colcon', 'build']
[2.354s] DEBUG:colcon:Parsed command line arguments: Namespace(log_base=None, log_level=None, verb_name='build', build_base='build', install_base='install', merge_install=False, symlink_install=False, test_result_base=None, continue_on_error=False, executor='parallel', parallel_workers=20, event_handlers=None, ignore_user_meta=False, metas=['./colcon.meta'], base_paths=['.'], packages_ignore=None, packages_ignore_regex=None, paths=None, packages_up_to=None, packages_up_to_regex=None, packages_above=None, packages_above_and_dependencies=None, packages_above_depth=None, packages_select_by_dep=None, packages_skip_by_dep=None, packages_skip_up_to=None, packages_select_build_failed=False, packages_skip_build_finished=False, packages_select_test_failures=False, packages_skip_test_passed=False, packages_select=None, packages_skip=None, packages_select_regex=None, packages_skip_regex=None, packages_start=None, packages_end=None, allow_overriding=[], cmake_args=None, cmake_target=None, cmake_target_skip_unavailable=False, cmake_clean_cache=False, cmake_clean_first=False, cmake_force_configure=False, ament_cmake_args=None, catkin_cmake_args=None, catkin_skip_building_tests=False, mixin_files=None, mixin=None, verb_parser=<colcon_mixin.mixin.mixin_argument.MixinArgumentDecorator object at 0x7f19ec91d4b0>, verb_extension=<colcon_core.verb.build.BuildVerb object at 0x7f19ec90dbd0>, main=<bound method BuildVerb.main of <colcon_core.verb.build.BuildVerb object at 0x7f19ec90dbd0>>, mixin_verb=('build',))
[2.448s] Level 1:colcon.colcon_core.package_discovery:discover_packages(colcon_meta) check parameters
[2.449s] Level 1:colcon.colcon_core.package_discovery:discover_packages(recursive) check parameters
[2.449s] Level 1:colcon.colcon_core.package_discovery:discover_packages(ignore) check parameters
[2.449s] Level 1:colcon.colcon_core.package_discovery:discover_packages(path) check parameters
[2.449s] Level 1:colcon.colcon_core.package_discovery:discover_packages(colcon_meta) discover
[2.449s] Level 1:colcon.colcon_core.package_discovery:discover_packages(recursive) discover
[2.449s] INFO:colcon.colcon_core.package_discovery:Crawling recursively for packages in '/home/spacefactory5/workspaces/ros2_ws_training2.bis'
[2.449s] Level 1:colcon.colcon_core.package_identification:_identify(.) by extensions ['ignore', 'ignore_ament_install']
[2.449s] Level 1:colcon.colcon_core.package_identification:_identify(.) by extension 'ignore'
[2.449s] Level 1:colcon.colcon_core.package_identification:_identify(.) by extension 'ignore_ament_install'
[2.449s] Level 1:colcon.colcon_core.package_identification:_identify(.) by extensions ['colcon_pkg']
[2.449s] Level 1:colcon.colcon_core.package_identification:_identify(.) by extension 'colcon_pkg'
[2.449s] Level 1:colcon.colcon_core.package_identification:_identify(.) by extensions ['colcon_meta']
[2.449s] Level 1:colcon.colcon_core.package_identification:_identify(.) by extension 'colcon_meta'
[2.449s] Level 1:colcon.colcon_core.package_identification:_identify(.) by extensions ['ros']
[2.449s] Level 1:colcon.colcon_core.package_identification:_identify(.) by extension 'ros'
[2.470s] Level 1:colcon.colcon_core.package_identification:_identify(.) by extensions ['cmake', 'python']
[2.470s] Level 1:colcon.colcon_core.package_identification:_identify(.) by extension 'cmake'
[2.470s] Level 1:colcon.colcon_core.package_identification:_identify(.) by extension 'python'
[2.470s] Level 1:colcon.colcon_core.package_identification:_identify(.) by extensions ['python_setup_py']
[2.470s] Level 1:colcon.colcon_core.package_identification:_identify(.) by extension 'python_setup_py'
[2.470s] Level 1:colcon.colcon_core.package_identification:_identify(build) by extensions ['ignore', 'ignore_ament_install']
[2.470s] Level 1:colcon.colcon_core.package_identification:_identify(build) by extension 'ignore'
[2.470s] Level 1:colcon.colcon_core.package_identification:_identify(build) ignored
[2.470s] Level 1:colcon.colcon_core.package_identification:_identify(install) by extensions ['ignore', 'ignore_ament_install']
[2.470s] Level 1:colcon.colcon_core.package_identification:_identify(install) by extension 'ignore'
[2.470s] Level 1:colcon.colcon_core.package_identification:_identify(install) ignored
[2.470s] Level 1:colcon.colcon_core.package_identification:_identify(log) by extensions ['ignore', 'ignore_ament_install']
[2.470s] Level 1:colcon.colcon_core.package_identification:_identify(log) by extension 'ignore'
[2.470s] Level 1:colcon.colcon_core.package_identification:_identify(log) ignored
[2.470s] Level 1:colcon.colcon_core.package_identification:_identify(src) by extensions ['ignore', 'ignore_ament_install']
[2.470s] Level 1:colcon.colcon_core.package_identification:_identify(src) by extension 'ignore'
[2.470s] Level 1:colcon.colcon_core.package_identification:_identify(src) by extension 'ignore_ament_install'
[2.470s] Level 1:colcon.colcon_core.package_identification:_identify(src) by extensions ['colcon_pkg']
[2.470s] Level 1:colcon.colcon_core.package_identification:_identify(src) by extension 'colcon_pkg'
[2.470s] Level 1:colcon.colcon_core.package_identification:_identify(src) by extensions ['colcon_meta']
[2.470s] Level 1:colcon.colcon_core.package_identification:_identify(src) by extension 'colcon_meta'
[2.470s] Level 1:colcon.colcon_core.package_identification:_identify(src) by extensions ['ros']
[2.470s] Level 1:colcon.colcon_core.package_identification:_identify(src) by extension 'ros'
[2.470s] Level 1:colcon.colcon_core.package_identification:_identify(src) by extensions ['cmake', 'python']
[2.470s] Level 1:colcon.colcon_core.package_identification:_identify(src) by extension 'cmake'
[2.470s] Level 1:colcon.colcon_core.package_identification:_identify(src) by extension 'python'
[2.470s] Level 1:colcon.colcon_core.package_identification:_identify(src) by extensions ['python_setup_py']
[2.471s] Level 1:colcon.colcon_core.package_identification:_identify(src) by extension 'python_setup_py'
[2.471s] Level 1:colcon.colcon_core.package_identification:_identify(src/grasping_controller) by extensions ['ignore', 'ignore_ament_install']
[2.471s] Level 1:colcon.colcon_core.package_identification:_identify(src/grasping_controller) by extension 'ignore'
[2.471s] Level 1:colcon.colcon_core.package_identification:_identify(src/grasping_controller) by extension 'ignore_ament_install'
[2.471s] Level 1:colcon.colcon_core.package_identification:_identify(src/grasping_controller) by extensions ['colcon_pkg']
[2.471s] Level 1:colcon.colcon_core.package_identification:_identify(src/grasping_controller) by extension 'colcon_pkg'
[2.471s] Level 1:colcon.colcon_core.package_identification:_identify(src/grasping_controller) by extensions ['colcon_meta']
[2.471s] Level 1:colcon.colcon_core.package_identification:_identify(src/grasping_controller) by extension 'colcon_meta'
[2.471s] Level 1:colcon.colcon_core.package_identification:_identify(src/grasping_controller) by extensions ['ros']
[2.471s] Level 1:colcon.colcon_core.package_identification:_identify(src/grasping_controller) by extension 'ros'
[2.472s] DEBUG:colcon.colcon_core.package_identification:Package 'src/grasping_controller' with type 'ros.ament_python' and name 'grasping_controller'
[2.472s] Level 1:colcon.colcon_core.package_identification:_identify(src/isaacsim_rviz_training) by extensions ['ignore', 'ignore_ament_install']
[2.472s] Level 1:colcon.colcon_core.package_identification:_identify(src/isaacsim_rviz_training) by extension 'ignore'
[2.472s] Level 1:colcon.colcon_core.package_identification:_identify(src/isaacsim_rviz_training) by extension 'ignore_ament_install'
[2.472s] Level 1:colcon.colcon_core.package_identification:_identify(src/isaacsim_rviz_training) by extensions ['colcon_pkg']
[2.472s] Level 1:colcon.colcon_core.package_identification:_identify(src/isaacsim_rviz_training) by extension 'colcon_pkg'
[2.473s] Level 1:colcon.colcon_core.package_identification:_identify(src/isaacsim_rviz_training) by extensions ['colcon_meta']
[2.473s] Level 1:colcon.colcon_core.package_identification:_identify(src/isaacsim_rviz_training) by extension 'colcon_meta'
[2.473s] Level 1:colcon.colcon_core.package_identification:_identify(src/isaacsim_rviz_training) by extensions ['ros']
[2.473s] Level 1:colcon.colcon_core.package_identification:_identify(src/isaacsim_rviz_training) by extension 'ros'
[2.473s] DEBUG:colcon.colcon_core.package_identification:Package 'src/isaacsim_rviz_training' with type 'ros.ament_cmake' and name 'isaacsim_rviz_training'
[2.473s] Level 1:colcon.colcon_core.package_discovery:discover_packages(recursive) using defaults
[2.473s] Level 1:colcon.colcon_core.package_discovery:discover_packages(ignore) discover
[2.473s] Level 1:colcon.colcon_core.package_discovery:discover_packages(ignore) using defaults
[2.473s] Level 1:colcon.colcon_core.package_discovery:discover_packages(path) discover
[2.473s] Level 1:colcon.colcon_core.package_discovery:discover_packages(path) using defaults
[2.665s] Level 1:colcon.colcon_core.package_discovery:discover_packages(prefix_path) check parameters
[2.665s] Level 1:colcon.colcon_core.package_discovery:discover_packages(prefix_path) discover
[2.720s] DEBUG:colcon.colcon_installed_package_information.package_discovery:Found 2 installed packages in /home/spacefactory5/workspaces/ros2_ws_training2.bis/install
[2.746s] DEBUG:colcon.colcon_installed_package_information.package_discovery:Found 1 installed packages in /home/spacefactory5/workspaces/bt_library_ws/install
[2.787s] DEBUG:colcon.colcon_installed_package_information.package_discovery:Found 57 installed packages in /home/spacefactory5/workspaces/ws_moveit2/install
[2.814s] DEBUG:colcon.colcon_installed_package_information.package_discovery:Found 5 installed packages in /home/spacefactory5/workspaces/dev_ws/install
[2.840s] DEBUG:colcon.colcon_installed_package_information.package_discovery:Found 31 installed packages in /home/spacefactory5/workspaces/tiago_public_ws/install
[2.866s] DEBUG:colcon.colcon_installed_package_information.package_discovery:Found 8 installed packages in /home/spacefactory5/workspaces/ros2_ws_training3/install
[2.892s] DEBUG:colcon.colcon_installed_package_information.package_discovery:Found 5 installed packages in /home/spacefactory5/workspaces/ros2_ws_training2/install
[2.934s] DEBUG:colcon.colcon_installed_package_information.package_discovery:Found 431 installed packages in /opt/ros/humble
[2.936s] Level 1:colcon.colcon_core.package_discovery:discover_packages(prefix_path) using defaults
[3.032s] Level 5:colcon.colcon_core.verb:set package 'grasping_controller' build argument 'cmake_args' from command line to 'None'
[3.032s] Level 5:colcon.colcon_core.verb:set package 'grasping_controller' build argument 'cmake_target' from command line to 'None'
[3.032s] Level 5:colcon.colcon_core.verb:set package 'grasping_controller' build argument 'cmake_target_skip_unavailable' from command line to 'False'
[3.032s] Level 5:colcon.colcon_core.verb:set package 'grasping_controller' build argument 'cmake_clean_cache' from command line to 'False'
[3.032s] Level 5:colcon.colcon_core.verb:set package 'grasping_controller' build argument 'cmake_clean_first' from command line to 'False'
[3.032s] Level 5:colcon.colcon_core.verb:set package 'grasping_controller' build argument 'cmake_force_configure' from command line to 'False'
[3.032s] Level 5:colcon.colcon_core.verb:set package 'grasping_controller' build argument 'ament_cmake_args' from command line to 'None'
[3.032s] Level 5:colcon.colcon_core.verb:set package 'grasping_controller' build argument 'catkin_cmake_args' from command line to 'None'
[3.033s] Level 5:colcon.colcon_core.verb:set package 'grasping_controller' build argument 'catkin_skip_building_tests' from command line to 'False'
[3.033s] DEBUG:colcon.colcon_core.verb:Building package 'grasping_controller' with the following arguments: {'ament_cmake_args': None, 'build_base': '/home/spacefactory5/workspaces/ros2_ws_training2.bis/build/grasping_controller', 'catkin_cmake_args': None, 'catkin_skip_building_tests': False, 'cmake_args': None, 'cmake_clean_cache': False, 'cmake_clean_first': False, 'cmake_force_configure': False, 'cmake_target': None, 'cmake_target_skip_unavailable': False, 'install_base': '/home/spacefactory5/workspaces/ros2_ws_training2.bis/install/grasping_controller', 'merge_install': False, 'path': '/home/spacefactory5/workspaces/ros2_ws_training2.bis/src/grasping_controller', 'symlink_install': False, 'test_result_base': None}
[3.059s] Level 5:colcon.colcon_core.verb:set package 'isaacsim_rviz_training' build argument 'cmake_args' from command line to 'None'
[3.059s] Level 5:colcon.colcon_core.verb:set package 'isaacsim_rviz_training' build argument 'cmake_target' from command line to 'None'
[3.059s] Level 5:colcon.colcon_core.verb:set package 'isaacsim_rviz_training' build argument 'cmake_target_skip_unavailable' from command line to 'False'
[3.059s] Level 5:colcon.colcon_core.verb:set package 'isaacsim_rviz_training' build argument 'cmake_clean_cache' from command line to 'False'
[3.059s] Level 5:colcon.colcon_core.verb:set package 'isaacsim_rviz_training' build argument 'cmake_clean_first' from command line to 'False'
[3.059s] Level 5:colcon.colcon_core.verb:set package 'isaacsim_rviz_training' build argument 'cmake_force_configure' from command line to 'False'
[3.059s] Level 5:colcon.colcon_core.verb:set package 'isaacsim_rviz_training' build argument 'ament_cmake_args' from command line to 'None'
[3.059s] Level 5:colcon.colcon_core.verb:set package 'isaacsim_rviz_training' build argument 'catkin_cmake_args' from command line to 'None'
[3.059s] Level 5:colcon.colcon_core.verb:set package 'isaacsim_rviz_training' build argument 'catkin_skip_building_tests' from command line to 'False'
[3.059s] DEBUG:colcon.colcon_core.verb:Building package 'isaacsim_rviz_training' with the following arguments: {'ament_cmake_args': None, 'build_base': '/home/spacefactory5/workspaces/ros2_ws_training2.bis/build/isaacsim_rviz_training', 'catkin_cmake_args': None, 'catkin_skip_building_tests': False, 'cmake_args': None, 'cmake_clean_cache': False, 'cmake_clean_first': False, 'cmake_force_configure': False, 'cmake_target': None, 'cmake_target_skip_unavailable': False, 'install_base': '/home/spacefactory5/workspaces/ros2_ws_training2.bis/install/isaacsim_rviz_training', 'merge_install': False, 'path': '/home/spacefactory5/workspaces/ros2_ws_training2.bis/src/isaacsim_rviz_training', 'symlink_install': False, 'test_result_base': None}
[3.086s] INFO:colcon.colcon_core.executor:Executing jobs using 'parallel' executor
[3.125s] DEBUG:colcon.colcon_parallel_executor.executor.parallel:run_until_complete
[3.125s] INFO:colcon.colcon_ros.task.ament_python.build:Building ROS package in '/home/spacefactory5/workspaces/ros2_ws_training2.bis/src/grasping_controller' with build type 'ament_python'
[3.125s] Level 1:colcon.colcon_core.shell:create_environment_hook('grasping_controller', 'ament_prefix_path')
[3.160s] INFO:colcon.colcon_core.plugin_system:Skipping extension 'colcon_core.shell.bat': Not used on non-Windows systems
[3.160s] INFO:colcon.colcon_core.shell:Creating environment hook '/home/spacefactory5/workspaces/ros2_ws_training2.bis/install/grasping_controller/share/grasping_controller/hook/ament_prefix_path.ps1'
[3.161s] INFO:colcon.colcon_core.shell:Creating environment descriptor '/home/spacefactory5/workspaces/ros2_ws_training2.bis/install/grasping_controller/share/grasping_controller/hook/ament_prefix_path.dsv'
[3.161s] INFO:colcon.colcon_core.shell:Creating environment hook '/home/spacefactory5/workspaces/ros2_ws_training2.bis/install/grasping_controller/share/grasping_controller/hook/ament_prefix_path.sh'
[3.190s] INFO:colcon.colcon_core.shell:Skip shell extension 'powershell' for command environment: Not usable outside of PowerShell
[3.190s] DEBUG:colcon.colcon_core.shell:Skip shell extension 'dsv' for command environment
[3.476s] INFO:colcon.colcon_ros.task.ament_cmake.build:Building ROS package in '/home/spacefactory5/workspaces/ros2_ws_training2.bis/src/isaacsim_rviz_training' with build type 'ament_cmake'
[3.477s] INFO:colcon.colcon_cmake.task.cmake.build:Building CMake package in '/home/spacefactory5/workspaces/ros2_ws_training2.bis/src/isaacsim_rviz_training'
[3.505s] INFO:colcon.colcon_core.shell:Skip shell extension 'powershell' for command environment: Not usable outside of PowerShell
[3.505s] DEBUG:colcon.colcon_core.shell:Skip shell extension 'dsv' for command environment
[4.319s] INFO:colcon.colcon_core.task.python.build:Building Python package in '/home/spacefactory5/workspaces/ros2_ws_training2.bis/src/grasping_controller'
[4.362s] INFO:colcon.colcon_core.shell:Skip shell extension 'powershell' for command environment: Not usable outside of PowerShell
[4.362s] DEBUG:colcon.colcon_core.shell:Skip shell extension 'dsv' for command environment
[4.634s] DEBUG:colcon.colcon_core.event_handler.log_command:Invoking command in '/home/spacefactory5/workspaces/ros2_ws_training2.bis/build/isaacsim_rviz_training': CMAKE_PREFIX_PATH=${CMAKE_PREFIX_PATH}:/home/spacefactory5/workspaces/ros2_ws_training2.bis/install/grasping_controller:/home/spacefactory5/workspaces/ros2_ws_training3/install/grasping_controller:/home/spacefactory5/workspaces/ros2_ws_training2/install/py_pubsub_training:/home/spacefactory5/workspaces/ros2_ws_training2/install/lifecycle_py:/home/spacefactory5/workspaces/ros2_ws_training2/install/grasping_controller:/home/spacefactory5/workspaces/dev_ws/install/serial_motor_demo:/home/spacefactory5/workspaces/dev_ws/install/joy_tester:/home/spacefactory5/workspaces/ws_moveit2/install/moveit_configs_utils:/home/spacefactory5/workspaces/ws_moveit2/install/launch_param_builder:/home/spacefactory5/workspaces/tiago_public_ws/install/launch_pal:/opt/ros/humble /usr/bin/cmake --build /home/spacefactory5/workspaces/ros2_ws_training2.bis/build/isaacsim_rviz_training -- -j20 -l20
[4.709s] DEBUG:colcon.colcon_core.event_handler.log_command:Invoked command in '/home/spacefactory5/workspaces/ros2_ws_training2.bis/build/isaacsim_rviz_training' returned '0': CMAKE_PREFIX_PATH=${CMAKE_PREFIX_PATH}:/home/spacefactory5/workspaces/ros2_ws_training2.bis/install/grasping_controller:/home/spacefactory5/workspaces/ros2_ws_training3/install/grasping_controller:/home/spacefactory5/workspaces/ros2_ws_training2/install/py_pubsub_training:/home/spacefactory5/workspaces/ros2_ws_training2/install/lifecycle_py:/home/spacefactory5/workspaces/ros2_ws_training2/install/grasping_controller:/home/spacefactory5/workspaces/dev_ws/install/serial_motor_demo:/home/spacefactory5/workspaces/dev_ws/install/joy_tester:/home/spacefactory5/workspaces/ws_moveit2/install/moveit_configs_utils:/home/spacefactory5/workspaces/ws_moveit2/install/launch_param_builder:/home/spacefactory5/workspaces/tiago_public_ws/install/launch_pal:/opt/ros/humble /usr/bin/cmake --build /home/spacefactory5/workspaces/ros2_ws_training2.bis/build/isaacsim_rviz_training -- -j20 -l20
[4.847s] DEBUG:colcon.colcon_core.event_handler.log_command:Invoking command in '/home/spacefactory5/workspaces/ros2_ws_training2.bis/build/isaacsim_rviz_training': CMAKE_PREFIX_PATH=${CMAKE_PREFIX_PATH}:/home/spacefactory5/workspaces/ros2_ws_training2.bis/install/grasping_controller:/home/spacefactory5/workspaces/ros2_ws_training3/install/grasping_controller:/home/spacefactory5/workspaces/ros2_ws_training2/install/py_pubsub_training:/home/spacefactory5/workspaces/ros2_ws_training2/install/lifecycle_py:/home/spacefactory5/workspaces/ros2_ws_training2/install/grasping_controller:/home/spacefactory5/workspaces/dev_ws/install/serial_motor_demo:/home/spacefactory5/workspaces/dev_ws/install/joy_tester:/home/spacefactory5/workspaces/ws_moveit2/install/moveit_configs_utils:/home/spacefactory5/workspaces/ws_moveit2/install/launch_param_builder:/home/spacefactory5/workspaces/tiago_public_ws/install/launch_pal:/opt/ros/humble /usr/bin/cmake --install /home/spacefactory5/workspaces/ros2_ws_training2.bis/build/isaacsim_rviz_training
[4.860s] Level 1:colcon.colcon_core.environment:create_environment_scripts_only(isaacsim_rviz_training)
[4.863s] DEBUG:colcon.colcon_core.event_handler.log_command:Invoked command in '/home/spacefactory5/workspaces/ros2_ws_training2.bis/build/isaacsim_rviz_training' returned '0': CMAKE_PREFIX_PATH=${CMAKE_PREFIX_PATH}:/home/spacefactory5/workspaces/ros2_ws_training2.bis/install/grasping_controller:/home/spacefactory5/workspaces/ros2_ws_training3/install/grasping_controller:/home/spacefactory5/workspaces/ros2_ws_training2/install/py_pubsub_training:/home/spacefactory5/workspaces/ros2_ws_training2/install/lifecycle_py:/home/spacefactory5/workspaces/ros2_ws_training2/install/grasping_controller:/home/spacefactory5/workspaces/dev_ws/install/serial_motor_demo:/home/spacefactory5/workspaces/dev_ws/install/joy_tester:/home/spacefactory5/workspaces/ws_moveit2/install/moveit_configs_utils:/home/spacefactory5/workspaces/ws_moveit2/install/launch_param_builder:/home/spacefactory5/workspaces/tiago_public_ws/install/launch_pal:/opt/ros/humble /usr/bin/cmake --install /home/spacefactory5/workspaces/ros2_ws_training2.bis/build/isaacsim_rviz_training
[4.899s] Level 1:colcon.colcon_core.environment:checking '/home/spacefactory5/workspaces/ros2_ws_training2.bis/install/isaacsim_rviz_training' for CMake module files
[4.900s] Level 1:colcon.colcon_core.environment:checking '/home/spacefactory5/workspaces/ros2_ws_training2.bis/install/isaacsim_rviz_training' for CMake config files
[4.900s] Level 1:colcon.colcon_core.shell:create_environment_hook('isaacsim_rviz_training', 'cmake_prefix_path')
[4.944s] INFO:colcon.colcon_core.shell:Creating environment hook '/home/spacefactory5/workspaces/ros2_ws_training2.bis/install/isaacsim_rviz_training/share/isaacsim_rviz_training/hook/cmake_prefix_path.ps1'
[4.944s] INFO:colcon.colcon_core.shell:Creating environment descriptor '/home/spacefactory5/workspaces/ros2_ws_training2.bis/install/isaacsim_rviz_training/share/isaacsim_rviz_training/hook/cmake_prefix_path.dsv'
[4.945s] INFO:colcon.colcon_core.shell:Creating environment hook '/home/spacefactory5/workspaces/ros2_ws_training2.bis/install/isaacsim_rviz_training/share/isaacsim_rviz_training/hook/cmake_prefix_path.sh'
[4.946s] Level 1:colcon.colcon_core.environment:checking '/home/spacefactory5/workspaces/ros2_ws_training2.bis/install/isaacsim_rviz_training/lib'
[4.946s] Level 1:colcon.colcon_core.environment:checking '/home/spacefactory5/workspaces/ros2_ws_training2.bis/install/isaacsim_rviz_training/bin'
[4.946s] Level 1:colcon.colcon_core.environment:checking '/home/spacefactory5/workspaces/ros2_ws_training2.bis/install/isaacsim_rviz_training/lib/pkgconfig/isaacsim_rviz_training.pc'
[4.946s] Level 1:colcon.colcon_core.environment:checking '/home/spacefactory5/workspaces/ros2_ws_training2.bis/install/isaacsim_rviz_training/lib/python3.10/site-packages'
[4.946s] Level 1:colcon.colcon_core.environment:checking '/home/spacefactory5/workspaces/ros2_ws_training2.bis/install/isaacsim_rviz_training/bin'
[4.974s] INFO:colcon.colcon_core.shell:Creating package script '/home/spacefactory5/workspaces/ros2_ws_training2.bis/install/isaacsim_rviz_training/share/isaacsim_rviz_training/package.ps1'
[4.975s] INFO:colcon.colcon_core.shell:Creating package descriptor '/home/spacefactory5/workspaces/ros2_ws_training2.bis/install/isaacsim_rviz_training/share/isaacsim_rviz_training/package.dsv'
[4.975s] INFO:colcon.colcon_core.shell:Creating package script '/home/spacefactory5/workspaces/ros2_ws_training2.bis/install/isaacsim_rviz_training/share/isaacsim_rviz_training/package.sh'
[4.976s] INFO:colcon.colcon_core.shell:Creating package script '/home/spacefactory5/workspaces/ros2_ws_training2.bis/install/isaacsim_rviz_training/share/isaacsim_rviz_training/package.bash'
[4.977s] INFO:colcon.colcon_core.shell:Creating package script '/home/spacefactory5/workspaces/ros2_ws_training2.bis/install/isaacsim_rviz_training/share/isaacsim_rviz_training/package.zsh'
[4.977s] Level 1:colcon.colcon_core.environment:create_file_with_runtime_dependencies(/home/spacefactory5/workspaces/ros2_ws_training2.bis/install/isaacsim_rviz_training/share/colcon-core/packages/isaacsim_rviz_training)
[5.137s] Level 1:colcon.colcon_core.environment:create_environment_scripts_only(isaacsim_rviz_training)
[5.165s] Level 1:colcon.colcon_core.environment:checking '/home/spacefactory5/workspaces/ros2_ws_training2.bis/install/isaacsim_rviz_training' for CMake module files
[5.165s] Level 1:colcon.colcon_core.environment:checking '/home/spacefactory5/workspaces/ros2_ws_training2.bis/install/isaacsim_rviz_training' for CMake config files
[5.165s] Level 1:colcon.colcon_core.shell:create_environment_hook('isaacsim_rviz_training', 'cmake_prefix_path')
[5.193s] INFO:colcon.colcon_core.shell:Creating environment hook '/home/spacefactory5/workspaces/ros2_ws_training2.bis/install/isaacsim_rviz_training/share/isaacsim_rviz_training/hook/cmake_prefix_path.ps1'
[5.194s] INFO:colcon.colcon_core.shell:Creating environment descriptor '/home/spacefactory5/workspaces/ros2_ws_training2.bis/install/isaacsim_rviz_training/share/isaacsim_rviz_training/hook/cmake_prefix_path.dsv'
[5.194s] INFO:colcon.colcon_core.shell:Creating environment hook '/home/spacefactory5/workspaces/ros2_ws_training2.bis/install/isaacsim_rviz_training/share/isaacsim_rviz_training/hook/cmake_prefix_path.sh'
[5.194s] Level 1:colcon.colcon_core.environment:checking '/home/spacefactory5/workspaces/ros2_ws_training2.bis/install/isaacsim_rviz_training/lib'
[5.194s] Level 1:colcon.colcon_core.environment:checking '/home/spacefactory5/workspaces/ros2_ws_training2.bis/install/isaacsim_rviz_training/bin'
[5.194s] Level 1:colcon.colcon_core.environment:checking '/home/spacefactory5/workspaces/ros2_ws_training2.bis/install/isaacsim_rviz_training/lib/pkgconfig/isaacsim_rviz_training.pc'
[5.194s] Level 1:colcon.colcon_core.environment:checking '/home/spacefactory5/workspaces/ros2_ws_training2.bis/install/isaacsim_rviz_training/lib/python3.10/site-packages'
[5.195s] Level 1:colcon.colcon_core.environment:checking '/home/spacefactory5/workspaces/ros2_ws_training2.bis/install/isaacsim_rviz_training/bin'
[5.237s] INFO:colcon.colcon_core.shell:Creating package script '/home/spacefactory5/workspaces/ros2_ws_training2.bis/install/isaacsim_rviz_training/share/isaacsim_rviz_training/package.ps1'
[5.238s] INFO:colcon.colcon_core.shell:Creating package descriptor '/home/spacefactory5/workspaces/ros2_ws_training2.bis/install/isaacsim_rviz_training/share/isaacsim_rviz_training/package.dsv'
[5.238s] INFO:colcon.colcon_core.shell:Creating package script '/home/spacefactory5/workspaces/ros2_ws_training2.bis/install/isaacsim_rviz_training/share/isaacsim_rviz_training/package.sh'
[5.238s] INFO:colcon.colcon_core.shell:Creating package script '/home/spacefactory5/workspaces/ros2_ws_training2.bis/install/isaacsim_rviz_training/share/isaacsim_rviz_training/package.bash'
[5.239s] INFO:colcon.colcon_core.shell:Creating package script '/home/spacefactory5/workspaces/ros2_ws_training2.bis/install/isaacsim_rviz_training/share/isaacsim_rviz_training/package.zsh'
[5.239s] Level 1:colcon.colcon_core.environment:create_file_with_runtime_dependencies(/home/spacefactory5/workspaces/ros2_ws_training2.bis/install/isaacsim_rviz_training/share/colcon-core/packages/isaacsim_rviz_training)
[5.790s] DEBUG:colcon.colcon_core.event_handler.log_command:Invoking command in '/home/spacefactory5/workspaces/ros2_ws_training2.bis/src/grasping_controller': PYTHONPATH=/home/spacefactory5/workspaces/ros2_ws_training2.bis/build/grasping_controller/prefix_override:/home/spacefactory5/workspaces/ros2_ws_training2.bis/install/grasping_controller/lib/python3.10/site-packages:${PYTHONPATH} /usr/bin/python3 setup.py egg_info --egg-base ../../build/grasping_controller build --build-base /home/spacefactory5/workspaces/ros2_ws_training2.bis/build/grasping_controller/build install --record /home/spacefactory5/workspaces/ros2_ws_training2.bis/build/grasping_controller/install.log --single-version-externally-managed
[7.151s] DEBUG:colcon.colcon_core.event_handler.log_command:Invoked command in '/home/spacefactory5/workspaces/ros2_ws_training2.bis/src/grasping_controller' returned '0': PYTHONPATH=/home/spacefactory5/workspaces/ros2_ws_training2.bis/build/grasping_controller/prefix_override:/home/spacefactory5/workspaces/ros2_ws_training2.bis/install/grasping_controller/lib/python3.10/site-packages:${PYTHONPATH} /usr/bin/python3 setup.py egg_info --egg-base ../../build/grasping_controller build --build-base /home/spacefactory5/workspaces/ros2_ws_training2.bis/build/grasping_controller/build install --record /home/spacefactory5/workspaces/ros2_ws_training2.bis/build/grasping_controller/install.log --single-version-externally-managed
[7.179s] Level 1:colcon.colcon_core.environment:checking '/home/spacefactory5/workspaces/ros2_ws_training2.bis/install/grasping_controller' for CMake module files
[7.179s] Level 1:colcon.colcon_core.environment:checking '/home/spacefactory5/workspaces/ros2_ws_training2.bis/install/grasping_controller' for CMake config files
[7.180s] Level 1:colcon.colcon_core.environment:checking '/home/spacefactory5/workspaces/ros2_ws_training2.bis/install/grasping_controller/lib'
[7.180s] Level 1:colcon.colcon_core.environment:checking '/home/spacefactory5/workspaces/ros2_ws_training2.bis/install/grasping_controller/bin'
[7.180s] Level 1:colcon.colcon_core.environment:checking '/home/spacefactory5/workspaces/ros2_ws_training2.bis/install/grasping_controller/lib/pkgconfig/grasping_controller.pc'
[7.180s] Level 1:colcon.colcon_core.environment:checking '/home/spacefactory5/workspaces/ros2_ws_training2.bis/install/grasping_controller/lib/python3.10/site-packages'
[7.180s] Level 1:colcon.colcon_core.shell:create_environment_hook('grasping_controller', 'pythonpath')
[7.208s] INFO:colcon.colcon_core.shell:Creating environment hook '/home/spacefactory5/workspaces/ros2_ws_training2.bis/install/grasping_controller/share/grasping_controller/hook/pythonpath.ps1'
[7.209s] INFO:colcon.colcon_core.shell:Creating environment descriptor '/home/spacefactory5/workspaces/ros2_ws_training2.bis/install/grasping_controller/share/grasping_controller/hook/pythonpath.dsv'
[7.209s] INFO:colcon.colcon_core.shell:Creating environment hook '/home/spacefactory5/workspaces/ros2_ws_training2.bis/install/grasping_controller/share/grasping_controller/hook/pythonpath.sh'
[7.209s] Level 1:colcon.colcon_core.environment:checking '/home/spacefactory5/workspaces/ros2_ws_training2.bis/install/grasping_controller/bin'
[7.209s] Level 1:colcon.colcon_core.environment:create_environment_scripts_only(grasping_controller)
[7.237s] INFO:colcon.colcon_core.shell:Creating package script '/home/spacefactory5/workspaces/ros2_ws_training2.bis/install/grasping_controller/share/grasping_controller/package.ps1'
[7.237s] INFO:colcon.colcon_core.shell:Creating package descriptor '/home/spacefactory5/workspaces/ros2_ws_training2.bis/install/grasping_controller/share/grasping_controller/package.dsv'
[7.237s] INFO:colcon.colcon_core.shell:Creating package script '/home/spacefactory5/workspaces/ros2_ws_training2.bis/install/grasping_controller/share/grasping_controller/package.sh'
[7.237s] INFO:colcon.colcon_core.shell:Creating package script '/home/spacefactory5/workspaces/ros2_ws_training2.bis/install/grasping_controller/share/grasping_controller/package.bash'
[7.238s] INFO:colcon.colcon_core.shell:Creating package script '/home/spacefactory5/workspaces/ros2_ws_training2.bis/install/grasping_controller/share/grasping_controller/package.zsh'
[7.238s] Level 1:colcon.colcon_core.environment:create_file_with_runtime_dependencies(/home/spacefactory5/workspaces/ros2_ws_training2.bis/install/grasping_controller/share/colcon-core/packages/grasping_controller)
[7.238s] DEBUG:colcon.colcon_parallel_executor.executor.parallel:closing loop
[7.238s] DEBUG:colcon.colcon_parallel_executor.executor.parallel:loop closed
[7.238s] DEBUG:colcon.colcon_parallel_executor.executor.parallel:run_until_complete finished with '0'
[7.238s] DEBUG:colcon.colcon_core.event_reactor:joining thread
[7.286s] INFO:colcon.colcon_core.plugin_system:Skipping extension 'colcon_notification.desktop_notification.terminal_notifier': Not used on non-Darwin systems
[7.286s] INFO:colcon.colcon_core.plugin_system:Skipping extension 'colcon_notification.desktop_notification.win32': Not used on non-Windows systems
[7.286s] INFO:colcon.colcon_notification.desktop_notification:Sending desktop notification using 'notify2'
[7.296s] DEBUG:colcon.colcon_core.event_reactor:joined thread
[7.351s] INFO:colcon.colcon_core.shell:Creating prefix script '/home/spacefactory5/workspaces/ros2_ws_training2.bis/install/local_setup.ps1'
[7.351s] INFO:colcon.colcon_core.shell:Creating prefix util module '/home/spacefactory5/workspaces/ros2_ws_training2.bis/install/_local_setup_util_ps1.py'
[7.352s] INFO:colcon.colcon_core.shell:Creating prefix chain script '/home/spacefactory5/workspaces/ros2_ws_training2.bis/install/setup.ps1'
[7.390s] INFO:colcon.colcon_core.shell:Creating prefix script '/home/spacefactory5/workspaces/ros2_ws_training2.bis/install/local_setup.sh'
[7.390s] INFO:colcon.colcon_core.shell:Creating prefix util module '/home/spacefactory5/workspaces/ros2_ws_training2.bis/install/_local_setup_util_sh.py'
[7.391s] INFO:colcon.colcon_core.shell:Creating prefix chain script '/home/spacefactory5/workspaces/ros2_ws_training2.bis/install/setup.sh'
[7.437s] INFO:colcon.colcon_core.shell:Creating prefix script '/home/spacefactory5/workspaces/ros2_ws_training2.bis/install/local_setup.bash'
[7.437s] INFO:colcon.colcon_core.shell:Creating prefix chain script '/home/spacefactory5/workspaces/ros2_ws_training2.bis/install/setup.bash'
[7.469s] INFO:colcon.colcon_core.shell:Creating prefix script '/home/spacefactory5/workspaces/ros2_ws_training2.bis/install/local_setup.zsh'
[7.469s] INFO:colcon.colcon_core.shell:Creating prefix chain script '/home/spacefactory5/workspaces/ros2_ws_training2.bis/install/setup.zsh'
