[ 50%] [32mBuilding CXX object CMakeFiles/isaacsim_rviz_training.dir/hardware/dof6bot_hardware_interface.cpp.o[0m
In file included from [01m[K/usr/include/x86_64-linux-gnu/c++/11/bits/c++allocator.h:33[m[K,
                 from [01m[K/usr/include/c++/11/bits/allocator.h:46[m[K,
                 from [01m[K/usr/include/c++/11/string:41[m[K,
                 from [01m[K/home/spacefactory5/workspaces/ros2_ws_training2.bis/src/isaacsim_rviz_training/hardware/include/isaacsim_rviz_training/dof6bot_hardware_interface.hpp:22[m[K,
                 from [01m[K/home/spacefactory5/workspaces/ros2_ws_training2.bis/src/isaacsim_rviz_training/hardware/dof6bot_hardware_interface.cpp:14[m[K:
/usr/include/c++/11/ext/new_allocator.h: In instantiation of ‘[01m[Kvoid __gnu_cxx::new_allocator<_Tp>::construct(_Up*, _Args&& ...) [with _Up = hardware_interface::CommandInterface; _Args = {hardware_interface::StateInterface}; _Tp = hardware_interface::CommandInterface][m[K’:
[01m[K/usr/include/c++/11/bits/alloc_traits.h:516:17:[m[K   required from ‘[01m[Kstatic void std::allocator_traits<std::allocator<_CharT> >::construct(std::allocator_traits<std::allocator<_CharT> >::allocator_type&, _Up*, _Args&& ...) [with _Up = hardware_interface::CommandInterface; _Args = {hardware_interface::StateInterface}; _Tp = hardware_interface::CommandInterface; std::allocator_traits<std::allocator<_CharT> >::allocator_type = std::allocator<hardware_interface::CommandInterface>][m[K’
[01m[K/usr/include/c++/11/bits/vector.tcc:115:30:[m[K   required from ‘[01m[Kstd::vector<_Tp, _Alloc>::reference std::vector<_Tp, _Alloc>::emplace_back(_Args&& ...) [with _Args = {hardware_interface::StateInterface}; _Tp = hardware_interface::CommandInterface; _Alloc = std::allocator<hardware_interface::CommandInterface>; std::vector<_Tp, _Alloc>::reference = hardware_interface::CommandInterface&][m[K’
[01m[K/home/spacefactory5/workspaces/ros2_ws_training2.bis/src/isaacsim_rviz_training/hardware/dof6bot_hardware_interface.cpp:176:44:[m[K   required from here
[01m[K/usr/include/c++/11/ext/new_allocator.h:162:11:[m[K [01;31m[Kerror: [m[Kno matching function for call to ‘[01m[Khardware_interface::CommandInterface::CommandInterface(hardware_interface::StateInterface)[m[K’
  162 |         { [01;31m[K::new((void *)__p) _Up(std::forward<_Args>(__args)...)[m[K; }
      |           [01;31m[K^~~~~~~~~~~~~~~~~~~~~~~~~~~~~~~~~~~~~~~~~~~~~~~~~~~~~~[m[K
In file included from [01m[K/home/spacefactory5/workspaces/ros2_ws_training2.bis/src/isaacsim_rviz_training/hardware/include/isaacsim_rviz_training/dof6bot_hardware_interface.hpp:26[m[K,
                 from [01m[K/home/spacefactory5/workspaces/ros2_ws_training2.bis/src/isaacsim_rviz_training/hardware/dof6bot_hardware_interface.cpp:14[m[K:
[01m[K/opt/ros/humble/include/hardware_interface/handle.hpp:88:3:[m[K [01;36m[Knote: [m[Kcandidate: ‘[01m[Khardware_interface::ReadWriteHandle::ReadWriteHandle(const string&, const string&, double*)[m[K’
   88 |   [01;36m[KReadWriteHandle[m[K(
      |   [01;36m[K^~~~~~~~~~~~~~~[m[K
[01m[K/opt/ros/humble/include/hardware_interface/handle.hpp:139:26:[m[K [01;36m[Knote: [m[K  inherited here
  139 |   using ReadWriteHandle::[01;36m[KReadWriteHandle[m[K;
      |                          [01;36m[K^~~~~~~~~~~~~~~[m[K
[01m[K/opt/ros/humble/include/hardware_interface/handle.hpp:139:26:[m[K [01;36m[Knote: [m[K  candidate expects 3 arguments, 1 provided
[01m[K/opt/ros/humble/include/hardware_interface/handle.hpp:95:12:[m[K [01;36m[Knote: [m[Kcandidate: ‘[01m[Khardware_interface::ReadWriteHandle::ReadWriteHandle(const string&)[m[K’
   95 |   explicit [01;36m[KReadWriteHandle[m[K(const std::string & interface_name) : ReadOnlyHandle(interface_name) {}
      |            [01;36m[K^~~~~~~~~~~~~~~[m[K
[01m[K/opt/ros/humble/include/hardware_interface/handle.hpp:139:26:[m[K [01;36m[Knote: [m[K  inherited here
  139 |   using ReadWriteHandle::[01;36m[KReadWriteHandle[m[K;
      |                          [01;36m[K^~~~~~~~~~~~~~~[m[K
[01m[K/opt/ros/humble/include/hardware_interface/handle.hpp:95:48:[m[K [01;36m[Knote: [m[K  no known conversion for argument 1 from ‘[01m[Khardware_interface::StateInterface[m[K’ to ‘[01m[Kconst string&[m[K’ {aka ‘[01m[Kconst std::__cxx11::basic_string<char>&[m[K’}
   95 |   explicit ReadWriteHandle([01;36m[Kconst std::string & interface_name[m[K) : ReadOnlyHandle(interface_name) {}
      |                            [01;36m[K~~~~~~~~~~~~~~~~~~~~^~~~~~~~~~~~~~[m[K
[01m[K/opt/ros/humble/include/hardware_interface/handle.hpp:97:12:[m[K [01;36m[Knote: [m[Kcandidate: ‘[01m[Khardware_interface::ReadWriteHandle::ReadWriteHandle(const char*)[m[K’
   97 |   explicit [01;36m[KReadWriteHandle[m[K(const char * interface_name) : ReadOnlyHandle(interface_name) {}
      |            [01;36m[K^~~~~~~~~~~~~~~[m[K
[01m[K/opt/ros/humble/include/hardware_interface/handle.hpp:139:26:[m[K [01;36m[Knote: [m[K  inherited here
  139 |   using ReadWriteHandle::[01;36m[KReadWriteHandle[m[K;
      |                          [01;36m[K^~~~~~~~~~~~~~~[m[K
[01m[K/opt/ros/humble/include/hardware_interface/handle.hpp:97:41:[m[K [01;36m[Knote: [m[K  no known conversion for argument 1 from ‘[01m[Khardware_interface::StateInterface[m[K’ to ‘[01m[Kconst char*[m[K’
   97 |   explicit ReadWriteHandle([01;36m[Kconst char * interface_name[m[K) : ReadOnlyHandle(interface_name) {}
      |                            [01;36m[K~~~~~~~~~~~~~^~~~~~~~~~~~~~[m[K
[01m[K/opt/ros/humble/include/hardware_interface/handle.hpp:99:3:[m[K [01;36m[Knote: [m[Kcandidate: ‘[01m[Khardware_interface::ReadWriteHandle::ReadWriteHandle(const hardware_interface::ReadWriteHandle&)[m[K’
   99 |   [01;36m[KReadWriteHandle[m[K(const ReadWriteHandle & other) = default;
      |   [01;36m[K^~~~~~~~~~~~~~~[m[K
[01m[K/opt/ros/humble/include/hardware_interface/handle.hpp:139:26:[m[K [01;36m[Knote: [m[K  inherited here
  139 |   using ReadWriteHandle::[01;36m[KReadWriteHandle[m[K;
      |                          [01;36m[K^~~~~~~~~~~~~~~[m[K
[01m[K/opt/ros/humble/include/hardware_interface/handle.hpp:139:26:[m[K [01;36m[Knote: [m[K  an inherited constructor is not a candidate for initialization from an expression of the same or derived type
[01m[K/opt/ros/humble/include/hardware_interface/handle.hpp:101:3:[m[K [01;36m[Knote: [m[Kcandidate: ‘[01m[Khardware_interface::ReadWriteHandle::ReadWriteHandle(hardware_interface::ReadWriteHandle&&)[m[K’
  101 |   [01;36m[KReadWriteHandle[m[K(ReadWriteHandle && other) = default;
      |   [01;36m[K^~~~~~~~~~~~~~~[m[K
[01m[K/opt/ros/humble/include/hardware_interface/handle.hpp:139:26:[m[K [01;36m[Knote: [m[K  inherited here
  139 |   using ReadWriteHandle::[01;36m[KReadWriteHandle[m[K;
      |                          [01;36m[K^~~~~~~~~~~~~~~[m[K
[01m[K/opt/ros/humble/include/hardware_interface/handle.hpp:139:26:[m[K [01;36m[Knote: [m[K  an inherited constructor is not a candidate for initialization from an expression of the same or derived type
[01m[K/opt/ros/humble/include/hardware_interface/handle.hpp:137:3:[m[K [01;36m[Knote: [m[Kcandidate: ‘[01m[Khardware_interface::CommandInterface::CommandInterface(hardware_interface::CommandInterface&&)[m[K’
  137 |   [01;36m[KCommandInterface[m[K(CommandInterface && other) = default;
      |   [01;36m[K^~~~~~~~~~~~~~~~[m[K
[01m[K/opt/ros/humble/include/hardware_interface/handle.hpp:137:40:[m[K [01;36m[Knote: [m[K  no known conversion for argument 1 from ‘[01m[Khardware_interface::StateInterface[m[K’ to ‘[01m[Khardware_interface::CommandInterface&&[m[K’
  137 |   CommandInterface([01;36m[KCommandInterface && other[m[K) = default;
      |                    [01;36m[K~~~~~~~~~~~~~~~~~~~~^~~~~[m[K
gmake[2]: *** [CMakeFiles/isaacsim_rviz_training.dir/build.make:76: CMakeFiles/isaacsim_rviz_training.dir/hardware/dof6bot_hardware_interface.cpp.o] Error 1
gmake[1]: *** [CMakeFiles/Makefile2:137: CMakeFiles/isaacsim_rviz_training.dir/all] Error 2
gmake: *** [Makefile:146: all] Error 2
