[0.198s] Invoking command in '/home/spacefactory5/workspaces/ros2_ws_training2.bis/build/isaacsim_rviz_training': CMAKE_PREFIX_PATH=${CMAKE_PREFIX_PATH}:/opt/ros/humble /usr/bin/cmake --build /home/spacefactory5/workspaces/ros2_ws_training2.bis/build/isaacsim_rviz_training -- -j20 -l20
[0.422s] [ 50%] [32mBuilding CXX object CMakeFiles/isaacsim_rviz_training.dir/hardware/dof6bot_hardware_interface.cpp.o[0m
[2.924s] [100%] [32m[1mLinking CXX shared library libisaacsim_rviz_training.so[0m
[3.154s] [100%] Built target isaacsim_rviz_training
[3.186s] Invoked command in '/home/spacefactory5/workspaces/ros2_ws_training2.bis/build/isaacsim_rviz_training' returned '0': CMAKE_PREFIX_PATH=${CMAKE_PREFIX_PATH}:/opt/ros/humble /usr/bin/cmake --build /home/spacefactory5/workspaces/ros2_ws_training2.bis/build/isaacsim_rviz_training -- -j20 -l20
[3.443s] Invoking command in '/home/spacefactory5/workspaces/ros2_ws_training2.bis/build/isaacsim_rviz_training': CMAKE_PREFIX_PATH=${CMAKE_PREFIX_PATH}:/opt/ros/humble /usr/bin/cmake --install /home/spacefactory5/workspaces/ros2_ws_training2.bis/build/isaacsim_rviz_training
[3.461s] -- Install configuration: ""
[3.461s] -- Up-to-date: /home/spacefactory5/workspaces/ros2_ws_training2.bis/install/isaacsim_rviz_training/share/isaacsim_rviz_training/isaacsim_rviz_training.xml
[3.461s] -- Up-to-date: /home/spacefactory5/workspaces/ros2_ws_training2.bis/install/isaacsim_rviz_training/share/isaacsim_rviz_training//bringup
[3.461s] -- Up-to-date: /home/spacefactory5/workspaces/ros2_ws_training2.bis/install/isaacsim_rviz_training/share/isaacsim_rviz_training//bringup/launch
[3.461s] -- Up-to-date: /home/spacefactory5/workspaces/ros2_ws_training2.bis/install/isaacsim_rviz_training/share/isaacsim_rviz_training//bringup/launch/slrobot.launch.py
[3.461s] -- Up-to-date: /home/spacefactory5/workspaces/ros2_ws_training2.bis/install/isaacsim_rviz_training/share/isaacsim_rviz_training//bringup/launch/command_slrobot.launch.py
[3.461s] -- Up-to-date: /home/spacefactory5/workspaces/ros2_ws_training2.bis/install/isaacsim_rviz_training/share/isaacsim_rviz_training//bringup/config
[3.461s] -- Up-to-date: /home/spacefactory5/workspaces/ros2_ws_training2.bis/install/isaacsim_rviz_training/share/isaacsim_rviz_training//bringup/config/example.rviz
[3.461s] -- Installing: /home/spacefactory5/workspaces/ros2_ws_training2.bis/install/isaacsim_rviz_training/share/isaacsim_rviz_training//bringup/config/slrobot_ros_params.yaml
[3.462s] -- Up-to-date: /home/spacefactory5/workspaces/ros2_ws_training2.bis/install/isaacsim_rviz_training/share/isaacsim_rviz_training//controller
[3.462s] -- Installing: /home/spacefactory5/workspaces/ros2_ws_training2.bis/install/isaacsim_rviz_training/share/isaacsim_rviz_training//controller/test.cpp
[3.462s] -- Up-to-date: /home/spacefactory5/workspaces/ros2_ws_training2.bis/install/isaacsim_rviz_training/share/isaacsim_rviz_training//controller/helper_functions
[3.462s] -- Up-to-date: /home/spacefactory5/workspaces/ros2_ws_training2.bis/install/isaacsim_rviz_training/share/isaacsim_rviz_training//controller/helper_functions/load_ros_parameters.py
[3.462s] -- Installing: /home/spacefactory5/workspaces/ros2_ws_training2.bis/install/isaacsim_rviz_training/share/isaacsim_rviz_training//controller/test.hpp
[3.462s] -- Up-to-date: /home/spacefactory5/workspaces/ros2_ws_training2.bis/install/isaacsim_rviz_training/share/isaacsim_rviz_training//controller/command_slrobot.py
[3.462s] -- Up-to-date: /home/spacefactory5/workspaces/ros2_ws_training2.bis/install/isaacsim_rviz_training/share/isaacsim_rviz_training//controller/controlMsg2jointMsg_pubSub.py
[3.462s] -- Up-to-date: /home/spacefactory5/workspaces/ros2_ws_training2.bis/install/isaacsim_rviz_training/share/isaacsim_rviz_training//description
[3.462s] -- Up-to-date: /home/spacefactory5/workspaces/ros2_ws_training2.bis/install/isaacsim_rviz_training/share/isaacsim_rviz_training//description/usd
[3.462s] -- Installing: /home/spacefactory5/workspaces/ros2_ws_training2.bis/install/isaacsim_rviz_training/share/isaacsim_rviz_training//description/usd/spacelab_robot (3rd copy).usd
[3.470s] -- Up-to-date: /home/spacefactory5/workspaces/ros2_ws_training2.bis/install/isaacsim_rviz_training/share/isaacsim_rviz_training//description/usd/default_environment.usd
[3.470s] -- Up-to-date: /home/spacefactory5/workspaces/ros2_ws_training2.bis/install/isaacsim_rviz_training/share/isaacsim_rviz_training//description/usd/spacelab_scene2.usd
[3.470s] -- Up-to-date: /home/spacefactory5/workspaces/ros2_ws_training2.bis/install/isaacsim_rviz_training/share/isaacsim_rviz_training//description/usd/.thumbs
[3.470s] -- Up-to-date: /home/spacefactory5/workspaces/ros2_ws_training2.bis/install/isaacsim_rviz_training/share/isaacsim_rviz_training//description/usd/.thumbs/256x256
[3.470s] -- Up-to-date: /home/spacefactory5/workspaces/ros2_ws_training2.bis/install/isaacsim_rviz_training/share/isaacsim_rviz_training//description/usd/.thumbs/256x256/spacelab_scene1.usd.png
[3.471s] -- Installing: /home/spacefactory5/workspaces/ros2_ws_training2.bis/install/isaacsim_rviz_training/share/isaacsim_rviz_training//description/usd/.thumbs/256x256/spacelab_robot (copy).usd.png
[3.471s] -- Installing: /home/spacefactory5/workspaces/ros2_ws_training2.bis/install/isaacsim_rviz_training/share/isaacsim_rviz_training//description/usd/.thumbs/256x256/spacelab_robot_test.usd.png
[3.471s] -- Up-to-date: /home/spacefactory5/workspaces/ros2_ws_training2.bis/install/isaacsim_rviz_training/share/isaacsim_rviz_training//description/usd/.thumbs/256x256/spacelab_scene.usd.png
[3.471s] -- Up-to-date: /home/spacefactory5/workspaces/ros2_ws_training2.bis/install/isaacsim_rviz_training/share/isaacsim_rviz_training//description/usd/.thumbs/256x256/spacelab_robot.usd.png
[3.471s] -- Up-to-date: /home/spacefactory5/workspaces/ros2_ws_training2.bis/install/isaacsim_rviz_training/share/isaacsim_rviz_training//description/usd/.thumbs/256x256/spacelab_scene2.usd.png
[3.471s] -- Installing: /home/spacefactory5/workspaces/ros2_ws_training2.bis/install/isaacsim_rviz_training/share/isaacsim_rviz_training//description/usd/.thumbs/256x256/spacelab_robot (3rd copy).usd.png
[3.471s] -- Up-to-date: /home/spacefactory5/workspaces/ros2_ws_training2.bis/install/isaacsim_rviz_training/share/isaacsim_rviz_training//description/usd/spacelab_scene_robot.usd
[3.471s] -- Up-to-date: /home/spacefactory5/workspaces/ros2_ws_training2.bis/install/isaacsim_rviz_training/share/isaacsim_rviz_training//description/usd/spacelab_robot.usd
[3.471s] -- Up-to-date: /home/spacefactory5/workspaces/ros2_ws_training2.bis/install/isaacsim_rviz_training/share/isaacsim_rviz_training//description/usd/spacelab_scene.usd
[3.471s] -- Installing: /home/spacefactory5/workspaces/ros2_ws_training2.bis/install/isaacsim_rviz_training/share/isaacsim_rviz_training//description/usd/spacelab_robot (another copy).usd
[3.478s] -- Installing: /home/spacefactory5/workspaces/ros2_ws_training2.bis/install/isaacsim_rviz_training/share/isaacsim_rviz_training//description/usd/spacelab_robot_test.usd
[3.485s] -- Installing: /home/spacefactory5/workspaces/ros2_ws_training2.bis/install/isaacsim_rviz_training/share/isaacsim_rviz_training//description/usd/spacelab_robot (copy).usd
[3.491s] -- Up-to-date: /home/spacefactory5/workspaces/ros2_ws_training2.bis/install/isaacsim_rviz_training/share/isaacsim_rviz_training//description/urdf
[3.491s] -- Up-to-date: /home/spacefactory5/workspaces/ros2_ws_training2.bis/install/isaacsim_rviz_training/share/isaacsim_rviz_training//description/urdf/spacelab_robot
[3.491s] -- Up-to-date: /home/spacefactory5/workspaces/ros2_ws_training2.bis/install/isaacsim_rviz_training/share/isaacsim_rviz_training//description/urdf/spacelab_robot/spacelab_robot.usd
[3.491s] -- Up-to-date: /home/spacefactory5/workspaces/ros2_ws_training2.bis/install/isaacsim_rviz_training/share/isaacsim_rviz_training//description/urdf/gripper.xacro
[3.491s] -- Up-to-date: /home/spacefactory5/workspaces/ros2_ws_training2.bis/install/isaacsim_rviz_training/share/isaacsim_rviz_training//description/urdf/robot_core.xacro
[3.491s] -- Up-to-date: /home/spacefactory5/workspaces/ros2_ws_training2.bis/install/isaacsim_rviz_training/share/isaacsim_rviz_training//description/urdf/camera.xacro
[3.491s] -- Up-to-date: /home/spacefactory5/workspaces/ros2_ws_training2.bis/install/isaacsim_rviz_training/share/isaacsim_rviz_training//description/urdf/spacelab_robot.urdf
[3.491s] -- Up-to-date: /home/spacefactory5/workspaces/ros2_ws_training2.bis/install/isaacsim_rviz_training/share/isaacsim_rviz_training//description/urdf/lidar.xacro
[3.491s] -- Up-to-date: /home/spacefactory5/workspaces/ros2_ws_training2.bis/install/isaacsim_rviz_training/share/isaacsim_rviz_training//description/urdf/inertial_macros.xacro
[3.491s] -- Up-to-date: /home/spacefactory5/workspaces/ros2_ws_training2.bis/install/isaacsim_rviz_training/share/isaacsim_rviz_training//description/urdf/spacelab_robot.urdf.xacro
[3.491s] -- Up-to-date: /home/spacefactory5/workspaces/ros2_ws_training2.bis/install/isaacsim_rviz_training/share/isaacsim_rviz_training//description/stp
[3.491s] -- Up-to-date: /home/spacefactory5/workspaces/ros2_ws_training2.bis/install/isaacsim_rviz_training/share/isaacsim_rviz_training//description/stp/workbenches.stp
[3.491s] -- Up-to-date: /home/spacefactory5/workspaces/ros2_ws_training2.bis/install/isaacsim_rviz_training/share/isaacsim_rviz_training//description/stp/workbenches.usd
[3.491s] -- Up-to-date: /home/spacefactory5/workspaces/ros2_ws_training2.bis/install/isaacsim_rviz_training/share/isaacsim_rviz_training//description/stp/part2.stp
[3.491s] -- Up-to-date: /home/spacefactory5/workspaces/ros2_ws_training2.bis/install/isaacsim_rviz_training/share/isaacsim_rviz_training//description/stp/part3.stp
[3.491s] -- Up-to-date: /home/spacefactory5/workspaces/ros2_ws_training2.bis/install/isaacsim_rviz_training/share/isaacsim_rviz_training//description/stp/part4.stp
[3.492s] -- Up-to-date: /home/spacefactory5/workspaces/ros2_ws_training2.bis/install/isaacsim_rviz_training/share/isaacsim_rviz_training//description/stp/part.usd
[3.492s] -- Up-to-date: /home/spacefactory5/workspaces/ros2_ws_training2.bis/install/isaacsim_rviz_training/share/isaacsim_rviz_training//description/stp/part4.usd
[3.492s] -- Up-to-date: /home/spacefactory5/workspaces/ros2_ws_training2.bis/install/isaacsim_rviz_training/share/isaacsim_rviz_training//description/stp/part3.usd
[3.492s] -- Up-to-date: /home/spacefactory5/workspaces/ros2_ws_training2.bis/install/isaacsim_rviz_training/share/isaacsim_rviz_training//description/stp/parts_square.usd
[3.492s] -- Up-to-date: /home/spacefactory5/workspaces/ros2_ws_training2.bis/install/isaacsim_rviz_training/share/isaacsim_rviz_training//description/stp/part2.usd
[3.492s] -- Up-to-date: /home/spacefactory5/workspaces/ros2_ws_training2.bis/install/isaacsim_rviz_training/share/isaacsim_rviz_training//description/stp/part.stp
[3.492s] -- Up-to-date: /home/spacefactory5/workspaces/ros2_ws_training2.bis/install/isaacsim_rviz_training/share/isaacsim_rviz_training//description/stp/parts_square.stp
[3.492s] -- Up-to-date: /home/spacefactory5/workspaces/ros2_ws_training2.bis/install/isaacsim_rviz_training/share/isaacsim_rviz_training//description/meshes
[3.492s] -- Up-to-date: /home/spacefactory5/workspaces/ros2_ws_training2.bis/install/isaacsim_rviz_training/share/isaacsim_rviz_training//description/meshes/LIDAR_STRUCTURE.dae
[3.492s] -- Up-to-date: /home/spacefactory5/workspaces/ros2_ws_training2.bis/install/isaacsim_rviz_training/share/isaacsim_rviz_training//description/meshes/Shoulder.dae
[3.492s] -- Up-to-date: /home/spacefactory5/workspaces/ros2_ws_training2.bis/install/isaacsim_rviz_training/share/isaacsim_rviz_training//description/meshes/Wrist1.dae
[3.492s] -- Up-to-date: /home/spacefactory5/workspaces/ros2_ws_training2.bis/install/isaacsim_rviz_training/share/isaacsim_rviz_training//description/meshes/Wrist3.dae
[3.492s] -- Up-to-date: /home/spacefactory5/workspaces/ros2_ws_training2.bis/install/isaacsim_rviz_training/share/isaacsim_rviz_training//description/meshes/LIDAR.dae
[3.492s] -- Up-to-date: /home/spacefactory5/workspaces/ros2_ws_training2.bis/install/isaacsim_rviz_training/share/isaacsim_rviz_training//description/meshes/CAMERA.dae
[3.492s] -- Up-to-date: /home/spacefactory5/workspaces/ros2_ws_training2.bis/install/isaacsim_rviz_training/share/isaacsim_rviz_training//description/meshes/Forearm.dae
[3.492s] -- Up-to-date: /home/spacefactory5/workspaces/ros2_ws_training2.bis/install/isaacsim_rviz_training/share/isaacsim_rviz_training//description/meshes/RADICART_FULL.dae
[3.492s] -- Up-to-date: /home/spacefactory5/workspaces/ros2_ws_training2.bis/install/isaacsim_rviz_training/share/isaacsim_rviz_training//description/meshes/WORKBENCH.dae
[3.492s] -- Up-to-date: /home/spacefactory5/workspaces/ros2_ws_training2.bis/install/isaacsim_rviz_training/share/isaacsim_rviz_training//description/meshes/ROBOT_STRUCTURE.dae
[3.492s] -- Up-to-date: /home/spacefactory5/workspaces/ros2_ws_training2.bis/install/isaacsim_rviz_training/share/isaacsim_rviz_training//description/meshes/UpperArm.dae
[3.492s] -- Up-to-date: /home/spacefactory5/workspaces/ros2_ws_training2.bis/install/isaacsim_rviz_training/share/isaacsim_rviz_training//description/meshes/STORAGE.dae
[3.492s] -- Up-to-date: /home/spacefactory5/workspaces/ros2_ws_training2.bis/install/isaacsim_rviz_training/share/isaacsim_rviz_training//description/meshes/PART.dae
[3.492s] -- Up-to-date: /home/spacefactory5/workspaces/ros2_ws_training2.bis/install/isaacsim_rviz_training/share/isaacsim_rviz_training//description/meshes/Wrist2.dae
[3.492s] -- Up-to-date: /home/spacefactory5/workspaces/ros2_ws_training2.bis/install/isaacsim_rviz_training/share/isaacsim_rviz_training//description/meshes/END_EFFECTOR.dae
[3.492s] -- Up-to-date: /home/spacefactory5/workspaces/ros2_ws_training2.bis/install/isaacsim_rviz_training/share/isaacsim_rviz_training//description/meshes/RADICART_FULL_STRUCTURE.dae
[3.492s] -- Up-to-date: /home/spacefactory5/workspaces/ros2_ws_training2.bis/install/isaacsim_rviz_training/share/isaacsim_rviz_training//description/meshes/RADICART_FULL_PARTS.dae
[3.492s] -- Up-to-date: /home/spacefactory5/workspaces/ros2_ws_training2.bis/install/isaacsim_rviz_training/share/isaacsim_rviz_training//description/meshes/Base.dae
[3.492s] -- Up-to-date: /home/spacefactory5/workspaces/ros2_ws_training2.bis/install/isaacsim_rviz_training/share/isaacsim_rviz_training//description/ros2_control
[3.492s] -- Installing: /home/spacefactory5/workspaces/ros2_ws_training2.bis/install/isaacsim_rviz_training/share/isaacsim_rviz_training//description/ros2_control/ros2_control_with_mimic.xacro
[3.492s] -- Up-to-date: /home/spacefactory5/workspaces/ros2_ws_training2.bis/install/isaacsim_rviz_training/share/isaacsim_rviz_training//description/ros2_control/ros2_control_test_two_hw_component.xacro
[3.492s] -- Installing: /home/spacefactory5/workspaces/ros2_ws_training2.bis/install/isaacsim_rviz_training/share/isaacsim_rviz_training//description/ros2_control/ros2_control.xacro
[3.492s] -- Up-to-date: /home/spacefactory5/workspaces/ros2_ws_training2.bis/install/isaacsim_rviz_training/share/isaacsim_rviz_training//hardware
[3.493s] -- Up-to-date: /home/spacefactory5/workspaces/ros2_ws_training2.bis/install/isaacsim_rviz_training/share/isaacsim_rviz_training//hardware/dof6bot_hardware_interface.cpp
[3.493s] -- Up-to-date: /home/spacefactory5/workspaces/ros2_ws_training2.bis/install/isaacsim_rviz_training/share/isaacsim_rviz_training//hardware/include
[3.493s] -- Up-to-date: /home/spacefactory5/workspaces/ros2_ws_training2.bis/install/isaacsim_rviz_training/share/isaacsim_rviz_training//hardware/include/isaacsim_rviz_training
[3.493s] -- Installing: /home/spacefactory5/workspaces/ros2_ws_training2.bis/install/isaacsim_rviz_training/share/isaacsim_rviz_training//hardware/include/isaacsim_rviz_training/dof6bot_hardware_interface.hpp
[3.493s] -- Up-to-date: /home/spacefactory5/workspaces/ros2_ws_training2.bis/install/isaacsim_rviz_training/share/isaacsim_rviz_training//isaacsim
[3.493s] -- Installing: /home/spacefactory5/workspaces/ros2_ws_training2.bis/install/isaacsim_rviz_training/share/isaacsim_rviz_training//isaacsim/isaac_sim_node.py
[3.493s] -- Up-to-date: /home/spacefactory5/workspaces/ros2_ws_training2.bis/install/isaacsim_rviz_training/lib/isaacsim_rviz_training/command_slrobot.py
[3.493s] -- Installing: /home/spacefactory5/workspaces/ros2_ws_training2.bis/install/isaacsim_rviz_training/lib/isaacsim_rviz_training/isaac_sim_node.py
[3.493s] -- Up-to-date: /home/spacefactory5/workspaces/ros2_ws_training2.bis/install/isaacsim_rviz_training/lib/isaacsim_rviz_training/load_ros_parameters.py
[3.493s] -- Up-to-date: /home/spacefactory5/workspaces/ros2_ws_training2.bis/install/isaacsim_rviz_training/lib/isaacsim_rviz_training/controlMsg2jointMsg_pubSub.py
[3.493s] -- Installing: /home/spacefactory5/workspaces/ros2_ws_training2.bis/install/isaacsim_rviz_training/lib/libisaacsim_rviz_training.so
[3.493s] -- Set non-toolchain portion of runtime path of "/home/spacefactory5/workspaces/ros2_ws_training2.bis/install/isaacsim_rviz_training/lib/libisaacsim_rviz_training.so" to ""
[3.493s] -- Up-to-date: /home/spacefactory5/workspaces/ros2_ws_training2.bis/install/isaacsim_rviz_training/share/isaacsim_rviz_training/environment/library_path.sh
[3.493s] -- Up-to-date: /home/spacefactory5/workspaces/ros2_ws_training2.bis/install/isaacsim_rviz_training/share/isaacsim_rviz_training/environment/library_path.dsv
[3.493s] -- Up-to-date: /home/spacefactory5/workspaces/ros2_ws_training2.bis/install/isaacsim_rviz_training/share/ament_index/resource_index/package_run_dependencies/isaacsim_rviz_training
[3.493s] -- Up-to-date: /home/spacefactory5/workspaces/ros2_ws_training2.bis/install/isaacsim_rviz_training/share/ament_index/resource_index/parent_prefix_path/isaacsim_rviz_training
[3.493s] -- Up-to-date: /home/spacefactory5/workspaces/ros2_ws_training2.bis/install/isaacsim_rviz_training/share/isaacsim_rviz_training/environment/ament_prefix_path.sh
[3.493s] -- Up-to-date: /home/spacefactory5/workspaces/ros2_ws_training2.bis/install/isaacsim_rviz_training/share/isaacsim_rviz_training/environment/ament_prefix_path.dsv
[3.493s] -- Up-to-date: /home/spacefactory5/workspaces/ros2_ws_training2.bis/install/isaacsim_rviz_training/share/isaacsim_rviz_training/environment/path.sh
[3.493s] -- Up-to-date: /home/spacefactory5/workspaces/ros2_ws_training2.bis/install/isaacsim_rviz_training/share/isaacsim_rviz_training/environment/path.dsv
[3.493s] -- Up-to-date: /home/spacefactory5/workspaces/ros2_ws_training2.bis/install/isaacsim_rviz_training/share/isaacsim_rviz_training/local_setup.bash
[3.493s] -- Up-to-date: /home/spacefactory5/workspaces/ros2_ws_training2.bis/install/isaacsim_rviz_training/share/isaacsim_rviz_training/local_setup.sh
[3.493s] -- Up-to-date: /home/spacefactory5/workspaces/ros2_ws_training2.bis/install/isaacsim_rviz_training/share/isaacsim_rviz_training/local_setup.zsh
[3.493s] -- Up-to-date: /home/spacefactory5/workspaces/ros2_ws_training2.bis/install/isaacsim_rviz_training/share/isaacsim_rviz_training/local_setup.dsv
[3.493s] -- Installing: /home/spacefactory5/workspaces/ros2_ws_training2.bis/install/isaacsim_rviz_training/share/isaacsim_rviz_training/package.dsv
[3.493s] -- Up-to-date: /home/spacefactory5/workspaces/ros2_ws_training2.bis/install/isaacsim_rviz_training/share/ament_index/resource_index/packages/isaacsim_rviz_training
[3.493s] -- Up-to-date: /home/spacefactory5/workspaces/ros2_ws_training2.bis/install/isaacsim_rviz_training/share/ament_index/resource_index/hardware_interface__pluginlib__plugin/isaacsim_rviz_training
[3.493s] -- Up-to-date: /home/spacefactory5/workspaces/ros2_ws_training2.bis/install/isaacsim_rviz_training/share/isaacsim_rviz_training/cmake/isaacsim_rviz_trainingExport.cmake
[3.493s] -- Up-to-date: /home/spacefactory5/workspaces/ros2_ws_training2.bis/install/isaacsim_rviz_training/share/isaacsim_rviz_training/cmake/isaacsim_rviz_trainingExport-noconfig.cmake
[3.493s] -- Up-to-date: /home/spacefactory5/workspaces/ros2_ws_training2.bis/install/isaacsim_rviz_training/share/isaacsim_rviz_training/cmake/ament_cmake_export_targets-extras.cmake
[3.494s] -- Up-to-date: /home/spacefactory5/workspaces/ros2_ws_training2.bis/install/isaacsim_rviz_training/share/isaacsim_rviz_training/cmake/ament_cmake_export_dependencies-extras.cmake
[3.494s] -- Up-to-date: /home/spacefactory5/workspaces/ros2_ws_training2.bis/install/isaacsim_rviz_training/share/isaacsim_rviz_training/cmake/isaacsim_rviz_trainingConfig.cmake
[3.494s] -- Up-to-date: /home/spacefactory5/workspaces/ros2_ws_training2.bis/install/isaacsim_rviz_training/share/isaacsim_rviz_training/cmake/isaacsim_rviz_trainingConfig-version.cmake
[3.494s] -- Up-to-date: /home/spacefactory5/workspaces/ros2_ws_training2.bis/install/isaacsim_rviz_training/share/isaacsim_rviz_training/package.xml
[3.495s] Invoked command in '/home/spacefactory5/workspaces/ros2_ws_training2.bis/build/isaacsim_rviz_training' returned '0': CMAKE_PREFIX_PATH=${CMAKE_PREFIX_PATH}:/opt/ros/humble /usr/bin/cmake --install /home/spacefactory5/workspaces/ros2_ws_training2.bis/build/isaacsim_rviz_training
