[2.297s] DEBUG:colcon:Command line arguments: ['/usr/bin/colcon', 'build']
[2.297s] DEBUG:colcon:Parsed command line arguments: Namespace(log_base=None, log_level=None, verb_name='build', build_base='build', install_base='install', merge_install=False, symlink_install=False, test_result_base=None, continue_on_error=False, executor='parallel', parallel_workers=20, event_handlers=None, ignore_user_meta=False, metas=['./colcon.meta'], base_paths=['.'], packages_ignore=None, packages_ignore_regex=None, paths=None, packages_up_to=None, packages_up_to_regex=None, packages_above=None, packages_above_and_dependencies=None, packages_above_depth=None, packages_select_by_dep=None, packages_skip_by_dep=None, packages_skip_up_to=None, packages_select_build_failed=False, packages_skip_build_finished=False, packages_select_test_failures=False, packages_skip_test_passed=False, packages_select=None, packages_skip=None, packages_select_regex=None, packages_skip_regex=None, packages_start=None, packages_end=None, allow_overriding=[], cmake_args=None, cmake_target=None, cmake_target_skip_unavailable=False, cmake_clean_cache=False, cmake_clean_first=False, cmake_force_configure=False, ament_cmake_args=None, catkin_cmake_args=None, catkin_skip_building_tests=False, mixin_files=None, mixin=None, verb_parser=<colcon_mixin.mixin.mixin_argument.MixinArgumentDecorator object at 0x7cbf4a838be0>, verb_extension=<colcon_core.verb.build.BuildVerb object at 0x7cbf4b9a7eb0>, main=<bound method BuildVerb.main of <colcon_core.verb.build.BuildVerb object at 0x7cbf4b9a7eb0>>, mixin_verb=('build',))
[2.391s] Level 1:colcon.colcon_core.package_discovery:discover_packages(colcon_meta) check parameters
[2.392s] Level 1:colcon.colcon_core.package_discovery:discover_packages(recursive) check parameters
[2.392s] Level 1:colcon.colcon_core.package_discovery:discover_packages(ignore) check parameters
[2.392s] Level 1:colcon.colcon_core.package_discovery:discover_packages(path) check parameters
[2.392s] Level 1:colcon.colcon_core.package_discovery:discover_packages(colcon_meta) discover
[2.392s] Level 1:colcon.colcon_core.package_discovery:discover_packages(recursive) discover
[2.392s] INFO:colcon.colcon_core.package_discovery:Crawling recursively for packages in '/home/spacefactory5/workspaces/ros2_ws_training2.bis'
[2.392s] Level 1:colcon.colcon_core.package_identification:_identify(.) by extensions ['ignore', 'ignore_ament_install']
[2.392s] Level 1:colcon.colcon_core.package_identification:_identify(.) by extension 'ignore'
[2.392s] Level 1:colcon.colcon_core.package_identification:_identify(.) by extension 'ignore_ament_install'
[2.392s] Level 1:colcon.colcon_core.package_identification:_identify(.) by extensions ['colcon_pkg']
[2.392s] Level 1:colcon.colcon_core.package_identification:_identify(.) by extension 'colcon_pkg'
[2.392s] Level 1:colcon.colcon_core.package_identification:_identify(.) by extensions ['colcon_meta']
[2.392s] Level 1:colcon.colcon_core.package_identification:_identify(.) by extension 'colcon_meta'
[2.392s] Level 1:colcon.colcon_core.package_identification:_identify(.) by extensions ['ros']
[2.392s] Level 1:colcon.colcon_core.package_identification:_identify(.) by extension 'ros'
[2.412s] Level 1:colcon.colcon_core.package_identification:_identify(.) by extensions ['cmake', 'python']
[2.412s] Level 1:colcon.colcon_core.package_identification:_identify(.) by extension 'cmake'
[2.412s] Level 1:colcon.colcon_core.package_identification:_identify(.) by extension 'python'
[2.412s] Level 1:colcon.colcon_core.package_identification:_identify(.) by extensions ['python_setup_py']
[2.412s] Level 1:colcon.colcon_core.package_identification:_identify(.) by extension 'python_setup_py'
[2.412s] Level 1:colcon.colcon_core.package_identification:_identify(build) by extensions ['ignore', 'ignore_ament_install']
[2.412s] Level 1:colcon.colcon_core.package_identification:_identify(build) by extension 'ignore'
[2.412s] Level 1:colcon.colcon_core.package_identification:_identify(build) ignored
[2.412s] Level 1:colcon.colcon_core.package_identification:_identify(install) by extensions ['ignore', 'ignore_ament_install']
[2.412s] Level 1:colcon.colcon_core.package_identification:_identify(install) by extension 'ignore'
[2.412s] Level 1:colcon.colcon_core.package_identification:_identify(install) ignored
[2.413s] Level 1:colcon.colcon_core.package_identification:_identify(log) by extensions ['ignore', 'ignore_ament_install']
[2.413s] Level 1:colcon.colcon_core.package_identification:_identify(log) by extension 'ignore'
[2.413s] Level 1:colcon.colcon_core.package_identification:_identify(log) ignored
[2.413s] Level 1:colcon.colcon_core.package_identification:_identify(src) by extensions ['ignore', 'ignore_ament_install']
[2.413s] Level 1:colcon.colcon_core.package_identification:_identify(src) by extension 'ignore'
[2.413s] Level 1:colcon.colcon_core.package_identification:_identify(src) by extension 'ignore_ament_install'
[2.413s] Level 1:colcon.colcon_core.package_identification:_identify(src) by extensions ['colcon_pkg']
[2.413s] Level 1:colcon.colcon_core.package_identification:_identify(src) by extension 'colcon_pkg'
[2.413s] Level 1:colcon.colcon_core.package_identification:_identify(src) by extensions ['colcon_meta']
[2.413s] Level 1:colcon.colcon_core.package_identification:_identify(src) by extension 'colcon_meta'
[2.413s] Level 1:colcon.colcon_core.package_identification:_identify(src) by extensions ['ros']
[2.413s] Level 1:colcon.colcon_core.package_identification:_identify(src) by extension 'ros'
[2.413s] Level 1:colcon.colcon_core.package_identification:_identify(src) by extensions ['cmake', 'python']
[2.413s] Level 1:colcon.colcon_core.package_identification:_identify(src) by extension 'cmake'
[2.413s] Level 1:colcon.colcon_core.package_identification:_identify(src) by extension 'python'
[2.413s] Level 1:colcon.colcon_core.package_identification:_identify(src) by extensions ['python_setup_py']
[2.413s] Level 1:colcon.colcon_core.package_identification:_identify(src) by extension 'python_setup_py'
[2.413s] Level 1:colcon.colcon_core.package_identification:_identify(src/isaacsim_rviz_training) by extensions ['ignore', 'ignore_ament_install']
[2.413s] Level 1:colcon.colcon_core.package_identification:_identify(src/isaacsim_rviz_training) by extension 'ignore'
[2.413s] Level 1:colcon.colcon_core.package_identification:_identify(src/isaacsim_rviz_training) by extension 'ignore_ament_install'
[2.413s] Level 1:colcon.colcon_core.package_identification:_identify(src/isaacsim_rviz_training) by extensions ['colcon_pkg']
[2.413s] Level 1:colcon.colcon_core.package_identification:_identify(src/isaacsim_rviz_training) by extension 'colcon_pkg'
[2.413s] Level 1:colcon.colcon_core.package_identification:_identify(src/isaacsim_rviz_training) by extensions ['colcon_meta']
[2.413s] Level 1:colcon.colcon_core.package_identification:_identify(src/isaacsim_rviz_training) by extension 'colcon_meta'
[2.413s] Level 1:colcon.colcon_core.package_identification:_identify(src/isaacsim_rviz_training) by extensions ['ros']
[2.413s] Level 1:colcon.colcon_core.package_identification:_identify(src/isaacsim_rviz_training) by extension 'ros'
[2.416s] DEBUG:colcon.colcon_core.package_identification:Package 'src/isaacsim_rviz_training' with type 'ros.ament_cmake' and name 'isaacsim_rviz_training'
[2.416s] Level 1:colcon.colcon_core.package_discovery:discover_packages(recursive) using defaults
[2.416s] Level 1:colcon.colcon_core.package_discovery:discover_packages(ignore) discover
[2.416s] Level 1:colcon.colcon_core.package_discovery:discover_packages(ignore) using defaults
[2.416s] Level 1:colcon.colcon_core.package_discovery:discover_packages(path) discover
[2.416s] Level 1:colcon.colcon_core.package_discovery:discover_packages(path) using defaults
[2.603s] Level 1:colcon.colcon_core.package_discovery:discover_packages(prefix_path) check parameters
[2.603s] Level 1:colcon.colcon_core.package_discovery:discover_packages(prefix_path) discover
[2.655s] DEBUG:colcon.colcon_installed_package_information.package_discovery:Found 1 installed packages in /home/spacefactory5/workspaces/ros2_ws_training2.bis/install
[2.681s] DEBUG:colcon.colcon_installed_package_information.package_discovery:Found 433 installed packages in /opt/ros/humble
[2.682s] Level 1:colcon.colcon_core.package_discovery:discover_packages(prefix_path) using defaults
[2.785s] Level 5:colcon.colcon_core.verb:set package 'isaacsim_rviz_training' build argument 'cmake_args' from command line to 'None'
[2.785s] Level 5:colcon.colcon_core.verb:set package 'isaacsim_rviz_training' build argument 'cmake_target' from command line to 'None'
[2.785s] Level 5:colcon.colcon_core.verb:set package 'isaacsim_rviz_training' build argument 'cmake_target_skip_unavailable' from command line to 'False'
[2.785s] Level 5:colcon.colcon_core.verb:set package 'isaacsim_rviz_training' build argument 'cmake_clean_cache' from command line to 'False'
[2.785s] Level 5:colcon.colcon_core.verb:set package 'isaacsim_rviz_training' build argument 'cmake_clean_first' from command line to 'False'
[2.785s] Level 5:colcon.colcon_core.verb:set package 'isaacsim_rviz_training' build argument 'cmake_force_configure' from command line to 'False'
[2.785s] Level 5:colcon.colcon_core.verb:set package 'isaacsim_rviz_training' build argument 'ament_cmake_args' from command line to 'None'
[2.785s] Level 5:colcon.colcon_core.verb:set package 'isaacsim_rviz_training' build argument 'catkin_cmake_args' from command line to 'None'
[2.785s] Level 5:colcon.colcon_core.verb:set package 'isaacsim_rviz_training' build argument 'catkin_skip_building_tests' from command line to 'False'
[2.785s] DEBUG:colcon.colcon_core.verb:Building package 'isaacsim_rviz_training' with the following arguments: {'ament_cmake_args': None, 'build_base': '/home/spacefactory5/workspaces/ros2_ws_training2.bis/build/isaacsim_rviz_training', 'catkin_cmake_args': None, 'catkin_skip_building_tests': False, 'cmake_args': None, 'cmake_clean_cache': False, 'cmake_clean_first': False, 'cmake_force_configure': False, 'cmake_target': None, 'cmake_target_skip_unavailable': False, 'install_base': '/home/spacefactory5/workspaces/ros2_ws_training2.bis/install/isaacsim_rviz_training', 'merge_install': False, 'path': '/home/spacefactory5/workspaces/ros2_ws_training2.bis/src/isaacsim_rviz_training', 'symlink_install': False, 'test_result_base': None}
[2.810s] INFO:colcon.colcon_core.executor:Executing jobs using 'parallel' executor
[2.837s] DEBUG:colcon.colcon_parallel_executor.executor.parallel:run_until_complete
[2.837s] INFO:colcon.colcon_ros.task.ament_cmake.build:Building ROS package in '/home/spacefactory5/workspaces/ros2_ws_training2.bis/src/isaacsim_rviz_training' with build type 'ament_cmake'
[2.837s] INFO:colcon.colcon_cmake.task.cmake.build:Building CMake package in '/home/spacefactory5/workspaces/ros2_ws_training2.bis/src/isaacsim_rviz_training'
[2.871s] INFO:colcon.colcon_core.plugin_system:Skipping extension 'colcon_core.shell.bat': Not used on non-Windows systems
[2.872s] INFO:colcon.colcon_core.shell:Skip shell extension 'powershell' for command environment: Not usable outside of PowerShell
[2.872s] DEBUG:colcon.colcon_core.shell:Skip shell extension 'dsv' for command environment
[2.998s] DEBUG:colcon.colcon_core.event_handler.log_command:Invoking command in '/home/spacefactory5/workspaces/ros2_ws_training2.bis/build/isaacsim_rviz_training': CMAKE_PREFIX_PATH=${CMAKE_PREFIX_PATH}:/opt/ros/humble /usr/bin/cmake --build /home/spacefactory5/workspaces/ros2_ws_training2.bis/build/isaacsim_rviz_training -- -j20 -l20
[3.167s] DEBUG:colcon.colcon_core.event_handler.log_command:Invoked command in '/home/spacefactory5/workspaces/ros2_ws_training2.bis/build/isaacsim_rviz_training' returned '0': CMAKE_PREFIX_PATH=${CMAKE_PREFIX_PATH}:/opt/ros/humble /usr/bin/cmake --build /home/spacefactory5/workspaces/ros2_ws_training2.bis/build/isaacsim_rviz_training -- -j20 -l20
[3.383s] DEBUG:colcon.colcon_core.event_handler.log_command:Invoking command in '/home/spacefactory5/workspaces/ros2_ws_training2.bis/build/isaacsim_rviz_training': CMAKE_PREFIX_PATH=${CMAKE_PREFIX_PATH}:/opt/ros/humble /usr/bin/cmake --install /home/spacefactory5/workspaces/ros2_ws_training2.bis/build/isaacsim_rviz_training
[3.398s] Level 1:colcon.colcon_core.environment:create_environment_scripts_only(isaacsim_rviz_training)
[3.401s] DEBUG:colcon.colcon_core.event_handler.log_command:Invoked command in '/home/spacefactory5/workspaces/ros2_ws_training2.bis/build/isaacsim_rviz_training' returned '0': CMAKE_PREFIX_PATH=${CMAKE_PREFIX_PATH}:/opt/ros/humble /usr/bin/cmake --install /home/spacefactory5/workspaces/ros2_ws_training2.bis/build/isaacsim_rviz_training
[3.435s] Level 1:colcon.colcon_core.environment:checking '/home/spacefactory5/workspaces/ros2_ws_training2.bis/install/isaacsim_rviz_training' for CMake module files
[3.435s] Level 1:colcon.colcon_core.environment:checking '/home/spacefactory5/workspaces/ros2_ws_training2.bis/install/isaacsim_rviz_training' for CMake config files
[3.436s] Level 1:colcon.colcon_core.shell:create_environment_hook('isaacsim_rviz_training', 'cmake_prefix_path')
[3.462s] INFO:colcon.colcon_core.shell:Creating environment hook '/home/spacefactory5/workspaces/ros2_ws_training2.bis/install/isaacsim_rviz_training/share/isaacsim_rviz_training/hook/cmake_prefix_path.ps1'
[3.462s] INFO:colcon.colcon_core.shell:Creating environment descriptor '/home/spacefactory5/workspaces/ros2_ws_training2.bis/install/isaacsim_rviz_training/share/isaacsim_rviz_training/hook/cmake_prefix_path.dsv'
[3.463s] INFO:colcon.colcon_core.shell:Creating environment hook '/home/spacefactory5/workspaces/ros2_ws_training2.bis/install/isaacsim_rviz_training/share/isaacsim_rviz_training/hook/cmake_prefix_path.sh'
[3.463s] Level 1:colcon.colcon_core.environment:checking '/home/spacefactory5/workspaces/ros2_ws_training2.bis/install/isaacsim_rviz_training/lib'
[3.463s] Level 1:colcon.colcon_core.shell:create_environment_hook('isaacsim_rviz_training', 'ld_library_path_lib')
[3.491s] INFO:colcon.colcon_core.shell:Creating environment hook '/home/spacefactory5/workspaces/ros2_ws_training2.bis/install/isaacsim_rviz_training/share/isaacsim_rviz_training/hook/ld_library_path_lib.ps1'
[3.491s] INFO:colcon.colcon_core.shell:Creating environment descriptor '/home/spacefactory5/workspaces/ros2_ws_training2.bis/install/isaacsim_rviz_training/share/isaacsim_rviz_training/hook/ld_library_path_lib.dsv'
[3.491s] INFO:colcon.colcon_core.shell:Creating environment hook '/home/spacefactory5/workspaces/ros2_ws_training2.bis/install/isaacsim_rviz_training/share/isaacsim_rviz_training/hook/ld_library_path_lib.sh'
[3.491s] Level 1:colcon.colcon_core.environment:checking '/home/spacefactory5/workspaces/ros2_ws_training2.bis/install/isaacsim_rviz_training/bin'
[3.492s] Level 1:colcon.colcon_core.environment:checking '/home/spacefactory5/workspaces/ros2_ws_training2.bis/install/isaacsim_rviz_training/lib/pkgconfig/isaacsim_rviz_training.pc'
[3.492s] Level 1:colcon.colcon_core.environment:checking '/home/spacefactory5/workspaces/ros2_ws_training2.bis/install/isaacsim_rviz_training/lib/python3.10/site-packages'
[3.492s] Level 1:colcon.colcon_core.environment:checking '/home/spacefactory5/workspaces/ros2_ws_training2.bis/install/isaacsim_rviz_training/bin'
[3.517s] INFO:colcon.colcon_core.shell:Creating package script '/home/spacefactory5/workspaces/ros2_ws_training2.bis/install/isaacsim_rviz_training/share/isaacsim_rviz_training/package.ps1'
[3.518s] INFO:colcon.colcon_core.shell:Creating package descriptor '/home/spacefactory5/workspaces/ros2_ws_training2.bis/install/isaacsim_rviz_training/share/isaacsim_rviz_training/package.dsv'
[3.518s] INFO:colcon.colcon_core.shell:Creating package script '/home/spacefactory5/workspaces/ros2_ws_training2.bis/install/isaacsim_rviz_training/share/isaacsim_rviz_training/package.sh'
[3.519s] INFO:colcon.colcon_core.shell:Creating package script '/home/spacefactory5/workspaces/ros2_ws_training2.bis/install/isaacsim_rviz_training/share/isaacsim_rviz_training/package.bash'
[3.519s] INFO:colcon.colcon_core.shell:Creating package script '/home/spacefactory5/workspaces/ros2_ws_training2.bis/install/isaacsim_rviz_training/share/isaacsim_rviz_training/package.zsh'
[3.519s] Level 1:colcon.colcon_core.environment:create_file_with_runtime_dependencies(/home/spacefactory5/workspaces/ros2_ws_training2.bis/install/isaacsim_rviz_training/share/colcon-core/packages/isaacsim_rviz_training)
[3.804s] Level 1:colcon.colcon_core.environment:create_environment_scripts_only(isaacsim_rviz_training)
[3.829s] Level 1:colcon.colcon_core.environment:checking '/home/spacefactory5/workspaces/ros2_ws_training2.bis/install/isaacsim_rviz_training' for CMake module files
[3.830s] Level 1:colcon.colcon_core.environment:checking '/home/spacefactory5/workspaces/ros2_ws_training2.bis/install/isaacsim_rviz_training' for CMake config files
[3.830s] Level 1:colcon.colcon_core.shell:create_environment_hook('isaacsim_rviz_training', 'cmake_prefix_path')
[3.856s] INFO:colcon.colcon_core.shell:Creating environment hook '/home/spacefactory5/workspaces/ros2_ws_training2.bis/install/isaacsim_rviz_training/share/isaacsim_rviz_training/hook/cmake_prefix_path.ps1'
[3.856s] INFO:colcon.colcon_core.shell:Creating environment descriptor '/home/spacefactory5/workspaces/ros2_ws_training2.bis/install/isaacsim_rviz_training/share/isaacsim_rviz_training/hook/cmake_prefix_path.dsv'
[3.856s] INFO:colcon.colcon_core.shell:Creating environment hook '/home/spacefactory5/workspaces/ros2_ws_training2.bis/install/isaacsim_rviz_training/share/isaacsim_rviz_training/hook/cmake_prefix_path.sh'
[3.857s] Level 1:colcon.colcon_core.environment:checking '/home/spacefactory5/workspaces/ros2_ws_training2.bis/install/isaacsim_rviz_training/lib'
[3.857s] Level 1:colcon.colcon_core.shell:create_environment_hook('isaacsim_rviz_training', 'ld_library_path_lib')
[3.884s] INFO:colcon.colcon_core.shell:Creating environment hook '/home/spacefactory5/workspaces/ros2_ws_training2.bis/install/isaacsim_rviz_training/share/isaacsim_rviz_training/hook/ld_library_path_lib.ps1'
[3.884s] INFO:colcon.colcon_core.shell:Creating environment descriptor '/home/spacefactory5/workspaces/ros2_ws_training2.bis/install/isaacsim_rviz_training/share/isaacsim_rviz_training/hook/ld_library_path_lib.dsv'
[3.884s] INFO:colcon.colcon_core.shell:Creating environment hook '/home/spacefactory5/workspaces/ros2_ws_training2.bis/install/isaacsim_rviz_training/share/isaacsim_rviz_training/hook/ld_library_path_lib.sh'
[3.885s] Level 1:colcon.colcon_core.environment:checking '/home/spacefactory5/workspaces/ros2_ws_training2.bis/install/isaacsim_rviz_training/bin'
[3.885s] Level 1:colcon.colcon_core.environment:checking '/home/spacefactory5/workspaces/ros2_ws_training2.bis/install/isaacsim_rviz_training/lib/pkgconfig/isaacsim_rviz_training.pc'
[3.885s] Level 1:colcon.colcon_core.environment:checking '/home/spacefactory5/workspaces/ros2_ws_training2.bis/install/isaacsim_rviz_training/lib/python3.10/site-packages'
[3.885s] Level 1:colcon.colcon_core.environment:checking '/home/spacefactory5/workspaces/ros2_ws_training2.bis/install/isaacsim_rviz_training/bin'
[3.911s] INFO:colcon.colcon_core.shell:Creating package script '/home/spacefactory5/workspaces/ros2_ws_training2.bis/install/isaacsim_rviz_training/share/isaacsim_rviz_training/package.ps1'
[3.911s] INFO:colcon.colcon_core.shell:Creating package descriptor '/home/spacefactory5/workspaces/ros2_ws_training2.bis/install/isaacsim_rviz_training/share/isaacsim_rviz_training/package.dsv'
[3.911s] INFO:colcon.colcon_core.shell:Creating package script '/home/spacefactory5/workspaces/ros2_ws_training2.bis/install/isaacsim_rviz_training/share/isaacsim_rviz_training/package.sh'
[3.912s] INFO:colcon.colcon_core.shell:Creating package script '/home/spacefactory5/workspaces/ros2_ws_training2.bis/install/isaacsim_rviz_training/share/isaacsim_rviz_training/package.bash'
[3.912s] INFO:colcon.colcon_core.shell:Creating package script '/home/spacefactory5/workspaces/ros2_ws_training2.bis/install/isaacsim_rviz_training/share/isaacsim_rviz_training/package.zsh'
[3.912s] Level 1:colcon.colcon_core.environment:create_file_with_runtime_dependencies(/home/spacefactory5/workspaces/ros2_ws_training2.bis/install/isaacsim_rviz_training/share/colcon-core/packages/isaacsim_rviz_training)
[3.912s] DEBUG:colcon.colcon_parallel_executor.executor.parallel:closing loop
[3.912s] DEBUG:colcon.colcon_parallel_executor.executor.parallel:loop closed
[3.913s] DEBUG:colcon.colcon_parallel_executor.executor.parallel:run_until_complete finished with '0'
[3.913s] DEBUG:colcon.colcon_core.event_reactor:joining thread
[3.979s] INFO:colcon.colcon_core.plugin_system:Skipping extension 'colcon_notification.desktop_notification.terminal_notifier': Not used on non-Darwin systems
[3.979s] INFO:colcon.colcon_core.plugin_system:Skipping extension 'colcon_notification.desktop_notification.win32': Not used on non-Windows systems
[3.979s] INFO:colcon.colcon_notification.desktop_notification:Sending desktop notification using 'notify2'
[3.990s] DEBUG:colcon.colcon_core.event_reactor:joined thread
[4.021s] INFO:colcon.colcon_core.shell:Creating prefix script '/home/spacefactory5/workspaces/ros2_ws_training2.bis/install/local_setup.ps1'
[4.021s] INFO:colcon.colcon_core.shell:Creating prefix util module '/home/spacefactory5/workspaces/ros2_ws_training2.bis/install/_local_setup_util_ps1.py'
[4.022s] INFO:colcon.colcon_core.shell:Creating prefix chain script '/home/spacefactory5/workspaces/ros2_ws_training2.bis/install/setup.ps1'
[4.050s] INFO:colcon.colcon_core.shell:Creating prefix script '/home/spacefactory5/workspaces/ros2_ws_training2.bis/install/local_setup.sh'
[4.050s] INFO:colcon.colcon_core.shell:Creating prefix util module '/home/spacefactory5/workspaces/ros2_ws_training2.bis/install/_local_setup_util_sh.py'
[4.051s] INFO:colcon.colcon_core.shell:Creating prefix chain script '/home/spacefactory5/workspaces/ros2_ws_training2.bis/install/setup.sh'
[4.078s] INFO:colcon.colcon_core.shell:Creating prefix script '/home/spacefactory5/workspaces/ros2_ws_training2.bis/install/local_setup.bash'
[4.078s] INFO:colcon.colcon_core.shell:Creating prefix chain script '/home/spacefactory5/workspaces/ros2_ws_training2.bis/install/setup.bash'
[4.105s] INFO:colcon.colcon_core.shell:Creating prefix script '/home/spacefactory5/workspaces/ros2_ws_training2.bis/install/local_setup.zsh'
[4.105s] INFO:colcon.colcon_core.shell:Creating prefix chain script '/home/spacefactory5/workspaces/ros2_ws_training2.bis/install/setup.zsh'
