[4.507s] Invoking command in '/home/spacefactory5/workspaces/ros2_ws_training2.bis/src/grasping_controller': PYTHONPATH=/home/spacefactory5/workspaces/ros2_ws_training2.bis/build/grasping_controller/prefix_override:/home/spacefactory5/workspaces/ros2_ws_training2.bis/install/grasping_controller/lib/python3.10/site-packages:${PYTHONPATH} /usr/bin/python3 setup.py egg_info --egg-base ../../build/grasping_controller build --build-base /home/spacefactory5/workspaces/ros2_ws_training2.bis/build/grasping_controller/build install --record /home/spacefactory5/workspaces/ros2_ws_training2.bis/build/grasping_controller/install.log --single-version-externally-managed
[5.616s] running egg_info
[5.670s] writing ../../build/grasping_controller/grasping_controller.egg-info/PKG-INFO
[5.671s] writing dependency_links to ../../build/grasping_controller/grasping_controller.egg-info/dependency_links.txt
[5.671s] writing entry points to ../../build/grasping_controller/grasping_controller.egg-info/entry_points.txt
[5.671s] writing requirements to ../../build/grasping_controller/grasping_controller.egg-info/requires.txt
[5.671s] writing top-level names to ../../build/grasping_controller/grasping_controller.egg-info/top_level.txt
[6.028s] writing manifest file '../../build/grasping_controller/grasping_controller.egg-info/SOURCES.txt'
[6.028s] running build
[6.028s] running build_py
[6.028s] running install
[6.028s] /home/spacefactory5/.local/share/ov/pkg/isaac_sim-2023.1.1/kit/exts/omni.kit.pip_archive/pip_prebundle/setuptools/_distutils/cmd.py:66: SetuptoolsDeprecationWarning: setup.py install is deprecated.
[6.028s] !!
[6.028s] 
[6.028s]         ********************************************************************************
[6.028s]         Please avoid running ``setup.py`` directly.
[6.028s]         Instead, use pypa/build, pypa/installer or other
[6.028s]         standards-based tools.
[6.028s] 
[6.029s]         See https://blog.ganssle.io/articles/2021/10/setup-py-deprecated.html for details.
[6.029s]         ********************************************************************************
[6.029s] 
[6.029s] !!
[6.029s]   self.initialize_options()
[6.040s] running install_lib
[6.088s] running install_data
[6.145s] running install_egg_info
[6.189s] removing '/home/spacefactory5/workspaces/ros2_ws_training2.bis/install/grasping_controller/lib/python3.10/site-packages/grasping_controller-0.20.3-py3.10.egg-info' (and everything under it)
[6.189s] Copying ../../build/grasping_controller/grasping_controller.egg-info to /home/spacefactory5/workspaces/ros2_ws_training2.bis/install/grasping_controller/lib/python3.10/site-packages/grasping_controller-0.20.3-py3.10.egg-info
[6.189s] running install_scripts
[6.649s] Installing grasping_controller script to /home/spacefactory5/workspaces/ros2_ws_training2.bis/install/grasping_controller/lib/grasping_controller
[6.650s] writing list of installed files to '/home/spacefactory5/workspaces/ros2_ws_training2.bis/build/grasping_controller/install.log'
[6.685s] Invoked command in '/home/spacefactory5/workspaces/ros2_ws_training2.bis/src/grasping_controller' returned '0': PYTHONPATH=/home/spacefactory5/workspaces/ros2_ws_training2.bis/build/grasping_controller/prefix_override:/home/spacefactory5/workspaces/ros2_ws_training2.bis/install/grasping_controller/lib/python3.10/site-packages:${PYTHONPATH} /usr/bin/python3 setup.py egg_info --egg-base ../../build/grasping_controller build --build-base /home/spacefactory5/workspaces/ros2_ws_training2.bis/build/grasping_controller/build install --record /home/spacefactory5/workspaces/ros2_ws_training2.bis/build/grasping_controller/install.log --single-version-externally-managed
