[1.908s] Invoking command in '/home/spacefactory5/workspaces/ros2_ws_training2.bis/build/isaacsim_rviz_training': CMAKE_PREFIX_PATH=${CMAKE_PREFIX_PATH}:/home/spacefactory5/workspaces/ros2_ws_training2.bis/install/grasping_controller:/home/spacefactory5/workspaces/ros2_ws_training3/install/grasping_controller:/home/spacefactory5/workspaces/ros2_ws_training2/install/py_pubsub_training:/home/spacefactory5/workspaces/ros2_ws_training2/install/lifecycle_py:/home/spacefactory5/workspaces/ros2_ws_training2/install/grasping_controller:/home/spacefactory5/workspaces/dev_ws/install/serial_motor_demo:/home/spacefactory5/workspaces/dev_ws/install/joy_tester:/home/spacefactory5/workspaces/ws_moveit2/install/moveit_configs_utils:/home/spacefactory5/workspaces/ws_moveit2/install/launch_param_builder:/home/spacefactory5/workspaces/tiago_public_ws/install/launch_pal:/opt/ros/humble /usr/bin/cmake --build /home/spacefactory5/workspaces/ros2_ws_training2.bis/build/isaacsim_rviz_training -- -j20 -l20
[2.019s] Invoked command in '/home/spacefactory5/workspaces/ros2_ws_training2.bis/build/isaacsim_rviz_training' returned '0': CMAKE_PREFIX_PATH=${CMAKE_PREFIX_PATH}:/home/spacefactory5/workspaces/ros2_ws_training2.bis/install/grasping_controller:/home/spacefactory5/workspaces/ros2_ws_training3/install/grasping_controller:/home/spacefactory5/workspaces/ros2_ws_training2/install/py_pubsub_training:/home/spacefactory5/workspaces/ros2_ws_training2/install/lifecycle_py:/home/spacefactory5/workspaces/ros2_ws_training2/install/grasping_controller:/home/spacefactory5/workspaces/dev_ws/install/serial_motor_demo:/home/spacefactory5/workspaces/dev_ws/install/joy_tester:/home/spacefactory5/workspaces/ws_moveit2/install/moveit_configs_utils:/home/spacefactory5/workspaces/ws_moveit2/install/launch_param_builder:/home/spacefactory5/workspaces/tiago_public_ws/install/launch_pal:/opt/ros/humble /usr/bin/cmake --build /home/spacefactory5/workspaces/ros2_ws_training2.bis/build/isaacsim_rviz_training -- -j20 -l20
[2.253s] Invoking command in '/home/spacefactory5/workspaces/ros2_ws_training2.bis/build/isaacsim_rviz_training': CMAKE_PREFIX_PATH=${CMAKE_PREFIX_PATH}:/home/spacefactory5/workspaces/ros2_ws_training2.bis/install/grasping_controller:/home/spacefactory5/workspaces/ros2_ws_training3/install/grasping_controller:/home/spacefactory5/workspaces/ros2_ws_training2/install/py_pubsub_training:/home/spacefactory5/workspaces/ros2_ws_training2/install/lifecycle_py:/home/spacefactory5/workspaces/ros2_ws_training2/install/grasping_controller:/home/spacefactory5/workspaces/dev_ws/install/serial_motor_demo:/home/spacefactory5/workspaces/dev_ws/install/joy_tester:/home/spacefactory5/workspaces/ws_moveit2/install/moveit_configs_utils:/home/spacefactory5/workspaces/ws_moveit2/install/launch_param_builder:/home/spacefactory5/workspaces/tiago_public_ws/install/launch_pal:/opt/ros/humble /usr/bin/cmake --install /home/spacefactory5/workspaces/ros2_ws_training2.bis/build/isaacsim_rviz_training
[2.268s] -- Install configuration: ""
[2.268s] -- Up-to-date: /home/spacefactory5/workspaces/ros2_ws_training2.bis/install/isaacsim_rviz_training/share/isaacsim_rviz_training//launch
[2.268s] -- Up-to-date: /home/spacefactory5/workspaces/ros2_ws_training2.bis/install/isaacsim_rviz_training/share/isaacsim_rviz_training//launch/gripper_open.launch.py
[2.268s] -- Up-to-date: /home/spacefactory5/workspaces/ros2_ws_training2.bis/install/isaacsim_rviz_training/share/isaacsim_rviz_training//launch/init2_position.launch.py
[2.268s] -- Up-to-date: /home/spacefactory5/workspaces/ros2_ws_training2.bis/install/isaacsim_rviz_training/share/isaacsim_rviz_training//launch/init_rviz.launch.py
[2.268s] -- Up-to-date: /home/spacefactory5/workspaces/ros2_ws_training2.bis/install/isaacsim_rviz_training/share/isaacsim_rviz_training//launch/init1_position.launch.py
[2.268s] -- Up-to-date: /home/spacefactory5/workspaces/ros2_ws_training2.bis/install/isaacsim_rviz_training/share/isaacsim_rviz_training//launch/gripper_close.launch.py
[2.269s] -- Up-to-date: /home/spacefactory5/workspaces/ros2_ws_training2.bis/install/isaacsim_rviz_training/share/isaacsim_rviz_training//launch/start_world.launch.py
[2.269s] -- Up-to-date: /home/spacefactory5/workspaces/ros2_ws_training2.bis/install/isaacsim_rviz_training/share/isaacsim_rviz_training//launch/place_far_position.launch.py
[2.269s] -- Up-to-date: /home/spacefactory5/workspaces/ros2_ws_training2.bis/install/isaacsim_rviz_training/share/isaacsim_rviz_training//launch/publish_urdf.launch.py
[2.269s] -- Up-to-date: /home/spacefactory5/workspaces/ros2_ws_training2.bis/install/isaacsim_rviz_training/share/isaacsim_rviz_training//launch/rest_position.launch.py
[2.269s] -- Up-to-date: /home/spacefactory5/workspaces/ros2_ws_training2.bis/install/isaacsim_rviz_training/share/isaacsim_rviz_training//launch/spawn_robot_ros2.launch.xml
[2.269s] -- Up-to-date: /home/spacefactory5/workspaces/ros2_ws_training2.bis/install/isaacsim_rviz_training/share/isaacsim_rviz_training//launch/pick_position.launch.py
[2.269s] -- Up-to-date: /home/spacefactory5/workspaces/ros2_ws_training2.bis/install/isaacsim_rviz_training/share/isaacsim_rviz_training//launch/test.launch.py
[2.269s] -- Up-to-date: /home/spacefactory5/workspaces/ros2_ws_training2.bis/install/isaacsim_rviz_training/share/isaacsim_rviz_training//launch/place_position.launch.py
[2.269s] -- Up-to-date: /home/spacefactory5/workspaces/ros2_ws_training2.bis/install/isaacsim_rviz_training/share/isaacsim_rviz_training//launch/sl_robot.launch.py
[2.269s] -- Up-to-date: /home/spacefactory5/workspaces/ros2_ws_training2.bis/install/isaacsim_rviz_training/share/isaacsim_rviz_training//launch/spawn_robot_description.launch.py
[2.269s] -- Up-to-date: /home/spacefactory5/workspaces/ros2_ws_training2.bis/install/isaacsim_rviz_training/share/isaacsim_rviz_training//launch/pick_far_position.launch.py
[2.269s] -- Up-to-date: /home/spacefactory5/workspaces/ros2_ws_training2.bis/install/isaacsim_rviz_training/share/isaacsim_rviz_training//models
[2.269s] -- Up-to-date: /home/spacefactory5/workspaces/ros2_ws_training2.bis/install/isaacsim_rviz_training/share/isaacsim_rviz_training//models/usd
[2.270s] -- Up-to-date: /home/spacefactory5/workspaces/ros2_ws_training2.bis/install/isaacsim_rviz_training/share/isaacsim_rviz_training//models/usd/default_environment.usd
[2.270s] -- Up-to-date: /home/spacefactory5/workspaces/ros2_ws_training2.bis/install/isaacsim_rviz_training/share/isaacsim_rviz_training//models/usd/spacelab_scene2.usd
[2.270s] -- Up-to-date: /home/spacefactory5/workspaces/ros2_ws_training2.bis/install/isaacsim_rviz_training/share/isaacsim_rviz_training//models/usd/.thumbs
[2.270s] -- Up-to-date: /home/spacefactory5/workspaces/ros2_ws_training2.bis/install/isaacsim_rviz_training/share/isaacsim_rviz_training//models/usd/.thumbs/256x256
[2.270s] -- Up-to-date: /home/spacefactory5/workspaces/ros2_ws_training2.bis/install/isaacsim_rviz_training/share/isaacsim_rviz_training//models/usd/.thumbs/256x256/spacelab_scene1.usd.png
[2.270s] -- Up-to-date: /home/spacefactory5/workspaces/ros2_ws_training2.bis/install/isaacsim_rviz_training/share/isaacsim_rviz_training//models/usd/.thumbs/256x256/spacelab_scene.usd.png
[2.270s] -- Up-to-date: /home/spacefactory5/workspaces/ros2_ws_training2.bis/install/isaacsim_rviz_training/share/isaacsim_rviz_training//models/usd/.thumbs/256x256/spacelab_scene2.usd.png
[2.270s] -- Up-to-date: /home/spacefactory5/workspaces/ros2_ws_training2.bis/install/isaacsim_rviz_training/share/isaacsim_rviz_training//models/usd/spacelab_scene_robot.usd
[2.270s] -- Up-to-date: /home/spacefactory5/workspaces/ros2_ws_training2.bis/install/isaacsim_rviz_training/share/isaacsim_rviz_training//models/usd/spacelab_robot.usd
[2.270s] -- Up-to-date: /home/spacefactory5/workspaces/ros2_ws_training2.bis/install/isaacsim_rviz_training/share/isaacsim_rviz_training//models/usd/spacelab_scene.usd
[2.270s] -- Up-to-date: /home/spacefactory5/workspaces/ros2_ws_training2.bis/install/isaacsim_rviz_training/share/isaacsim_rviz_training//models/urdf
[2.270s] -- Up-to-date: /home/spacefactory5/workspaces/ros2_ws_training2.bis/install/isaacsim_rviz_training/share/isaacsim_rviz_training//models/urdf/gripper.xacro
[2.270s] -- Up-to-date: /home/spacefactory5/workspaces/ros2_ws_training2.bis/install/isaacsim_rviz_training/share/isaacsim_rviz_training//models/urdf/robot_core.xacro
[2.270s] -- Up-to-date: /home/spacefactory5/workspaces/ros2_ws_training2.bis/install/isaacsim_rviz_training/share/isaacsim_rviz_training//models/urdf/camera.xacro
[2.270s] -- Up-to-date: /home/spacefactory5/workspaces/ros2_ws_training2.bis/install/isaacsim_rviz_training/share/isaacsim_rviz_training//models/urdf/robot_gazebo.xacro
[2.270s] -- Up-to-date: /home/spacefactory5/workspaces/ros2_ws_training2.bis/install/isaacsim_rviz_training/share/isaacsim_rviz_training//models/urdf/spacelab_robot.urdf
[2.271s] -- Up-to-date: /home/spacefactory5/workspaces/ros2_ws_training2.bis/install/isaacsim_rviz_training/share/isaacsim_rviz_training//models/urdf/lidar.xacro
[2.271s] -- Up-to-date: /home/spacefactory5/workspaces/ros2_ws_training2.bis/install/isaacsim_rviz_training/share/isaacsim_rviz_training//models/urdf/inertial_macros.xacro
[2.271s] -- Up-to-date: /home/spacefactory5/workspaces/ros2_ws_training2.bis/install/isaacsim_rviz_training/share/isaacsim_rviz_training//models/urdf/spacelab_robot.urdf.xacro
[2.271s] -- Up-to-date: /home/spacefactory5/workspaces/ros2_ws_training2.bis/install/isaacsim_rviz_training/share/isaacsim_rviz_training//models/urdf/ros2_control.xacro
[2.271s] -- Up-to-date: /home/spacefactory5/workspaces/ros2_ws_training2.bis/install/isaacsim_rviz_training/share/isaacsim_rviz_training//models/stp
[2.272s] -- Up-to-date: /home/spacefactory5/workspaces/ros2_ws_training2.bis/install/isaacsim_rviz_training/share/isaacsim_rviz_training//models/stp/workbenches.stp
[2.272s] -- Up-to-date: /home/spacefactory5/workspaces/ros2_ws_training2.bis/install/isaacsim_rviz_training/share/isaacsim_rviz_training//models/stp/workbenches.usd
[2.272s] -- Up-to-date: /home/spacefactory5/workspaces/ros2_ws_training2.bis/install/isaacsim_rviz_training/share/isaacsim_rviz_training//models/stp/part2.stp
[2.272s] -- Up-to-date: /home/spacefactory5/workspaces/ros2_ws_training2.bis/install/isaacsim_rviz_training/share/isaacsim_rviz_training//models/stp/part3.stp
[2.272s] -- Up-to-date: /home/spacefactory5/workspaces/ros2_ws_training2.bis/install/isaacsim_rviz_training/share/isaacsim_rviz_training//models/stp/part4.stp
[2.272s] -- Up-to-date: /home/spacefactory5/workspaces/ros2_ws_training2.bis/install/isaacsim_rviz_training/share/isaacsim_rviz_training//models/stp/part.usd
[2.272s] -- Up-to-date: /home/spacefactory5/workspaces/ros2_ws_training2.bis/install/isaacsim_rviz_training/share/isaacsim_rviz_training//models/stp/part4.usd
[2.272s] -- Up-to-date: /home/spacefactory5/workspaces/ros2_ws_training2.bis/install/isaacsim_rviz_training/share/isaacsim_rviz_training//models/stp/part3.usd
[2.272s] -- Up-to-date: /home/spacefactory5/workspaces/ros2_ws_training2.bis/install/isaacsim_rviz_training/share/isaacsim_rviz_training//models/stp/parts_square.usd
[2.272s] -- Up-to-date: /home/spacefactory5/workspaces/ros2_ws_training2.bis/install/isaacsim_rviz_training/share/isaacsim_rviz_training//models/stp/part2.usd
[2.272s] -- Up-to-date: /home/spacefactory5/workspaces/ros2_ws_training2.bis/install/isaacsim_rviz_training/share/isaacsim_rviz_training//models/stp/part.stp
[2.272s] -- Up-to-date: /home/spacefactory5/workspaces/ros2_ws_training2.bis/install/isaacsim_rviz_training/share/isaacsim_rviz_training//models/stp/parts_square.stp
[2.273s] -- Up-to-date: /home/spacefactory5/workspaces/ros2_ws_training2.bis/install/isaacsim_rviz_training/share/isaacsim_rviz_training//models/meshes
[2.273s] -- Up-to-date: /home/spacefactory5/workspaces/ros2_ws_training2.bis/install/isaacsim_rviz_training/share/isaacsim_rviz_training//models/meshes/LIDAR_STRUCTURE.dae
[2.273s] -- Up-to-date: /home/spacefactory5/workspaces/ros2_ws_training2.bis/install/isaacsim_rviz_training/share/isaacsim_rviz_training//models/meshes/Shoulder.dae
[2.273s] -- Up-to-date: /home/spacefactory5/workspaces/ros2_ws_training2.bis/install/isaacsim_rviz_training/share/isaacsim_rviz_training//models/meshes/Wrist1.dae
[2.273s] -- Up-to-date: /home/spacefactory5/workspaces/ros2_ws_training2.bis/install/isaacsim_rviz_training/share/isaacsim_rviz_training//models/meshes/Wrist3.dae
[2.273s] -- Up-to-date: /home/spacefactory5/workspaces/ros2_ws_training2.bis/install/isaacsim_rviz_training/share/isaacsim_rviz_training//models/meshes/LIDAR.dae
[2.273s] -- Up-to-date: /home/spacefactory5/workspaces/ros2_ws_training2.bis/install/isaacsim_rviz_training/share/isaacsim_rviz_training//models/meshes/CAMERA.dae
[2.273s] -- Up-to-date: /home/spacefactory5/workspaces/ros2_ws_training2.bis/install/isaacsim_rviz_training/share/isaacsim_rviz_training//models/meshes/Forearm.dae
[2.274s] -- Up-to-date: /home/spacefactory5/workspaces/ros2_ws_training2.bis/install/isaacsim_rviz_training/share/isaacsim_rviz_training//models/meshes/RADICART_FULL.dae
[2.274s] -- Up-to-date: /home/spacefactory5/workspaces/ros2_ws_training2.bis/install/isaacsim_rviz_training/share/isaacsim_rviz_training//models/meshes/WORKBENCH.dae
[2.274s] -- Up-to-date: /home/spacefactory5/workspaces/ros2_ws_training2.bis/install/isaacsim_rviz_training/share/isaacsim_rviz_training//models/meshes/ROBOT_STRUCTURE.dae
[2.274s] -- Up-to-date: /home/spacefactory5/workspaces/ros2_ws_training2.bis/install/isaacsim_rviz_training/share/isaacsim_rviz_training//models/meshes/UpperArm.dae
[2.274s] -- Up-to-date: /home/spacefactory5/workspaces/ros2_ws_training2.bis/install/isaacsim_rviz_training/share/isaacsim_rviz_training//models/meshes/STORAGE.dae
[2.274s] -- Up-to-date: /home/spacefactory5/workspaces/ros2_ws_training2.bis/install/isaacsim_rviz_training/share/isaacsim_rviz_training//models/meshes/PART.dae
[2.274s] -- Up-to-date: /home/spacefactory5/workspaces/ros2_ws_training2.bis/install/isaacsim_rviz_training/share/isaacsim_rviz_training//models/meshes/Wrist2.dae
[2.274s] -- Up-to-date: /home/spacefactory5/workspaces/ros2_ws_training2.bis/install/isaacsim_rviz_training/share/isaacsim_rviz_training//models/meshes/END_EFFECTOR.dae
[2.274s] -- Up-to-date: /home/spacefactory5/workspaces/ros2_ws_training2.bis/install/isaacsim_rviz_training/share/isaacsim_rviz_training//models/meshes/RADICART_FULL_STRUCTURE.dae
[2.274s] -- Up-to-date: /home/spacefactory5/workspaces/ros2_ws_training2.bis/install/isaacsim_rviz_training/share/isaacsim_rviz_training//models/meshes/RADICART_FULL_PARTS.dae
[2.274s] -- Up-to-date: /home/spacefactory5/workspaces/ros2_ws_training2.bis/install/isaacsim_rviz_training/share/isaacsim_rviz_training//models/meshes/Base.dae
[2.274s] -- Up-to-date: /home/spacefactory5/workspaces/ros2_ws_training2.bis/install/isaacsim_rviz_training/share/isaacsim_rviz_training//scripts
[2.274s] -- Installing: /home/spacefactory5/workspaces/ros2_ws_training2.bis/install/isaacsim_rviz_training/share/isaacsim_rviz_training//scripts/isaac_sim_urdf_import.py
[2.274s] -- Up-to-date: /home/spacefactory5/workspaces/ros2_ws_training2.bis/install/isaacsim_rviz_training/share/isaacsim_rviz_training//scripts/sl_robot_isaac_ros2.py
[2.274s] -- Up-to-date: /home/spacefactory5/workspaces/ros2_ws_training2.bis/install/isaacsim_rviz_training/share/isaacsim_rviz_training//config
[2.274s] -- Up-to-date: /home/spacefactory5/workspaces/ros2_ws_training2.bis/install/isaacsim_rviz_training/share/isaacsim_rviz_training//config/my_controllers.yaml
[2.274s] -- Up-to-date: /home/spacefactory5/workspaces/ros2_ws_training2.bis/install/isaacsim_rviz_training/share/isaacsim_rviz_training//config/example.rviz
[2.274s] -- Up-to-date: /home/spacefactory5/workspaces/ros2_ws_training2.bis/install/isaacsim_rviz_training/share/isaacsim_rviz_training//config/slrobot_ros_params.yaml
[2.274s] -- Up-to-date: /home/spacefactory5/workspaces/ros2_ws_training2.bis/install/isaacsim_rviz_training/lib/isaacsim_rviz_training/sl_robot_isaac_ros2.py
[2.274s] -- Installing: /home/spacefactory5/workspaces/ros2_ws_training2.bis/install/isaacsim_rviz_training/lib/isaacsim_rviz_training/isaac_sim_urdf_import.py
[2.274s] -- Up-to-date: /home/spacefactory5/workspaces/ros2_ws_training2.bis/install/isaacsim_rviz_training/share/ament_index/resource_index/package_run_dependencies/isaacsim_rviz_training
[2.274s] -- Up-to-date: /home/spacefactory5/workspaces/ros2_ws_training2.bis/install/isaacsim_rviz_training/share/ament_index/resource_index/parent_prefix_path/isaacsim_rviz_training
[2.274s] -- Up-to-date: /home/spacefactory5/workspaces/ros2_ws_training2.bis/install/isaacsim_rviz_training/share/isaacsim_rviz_training/environment/ament_prefix_path.sh
[2.275s] -- Up-to-date: /home/spacefactory5/workspaces/ros2_ws_training2.bis/install/isaacsim_rviz_training/share/isaacsim_rviz_training/environment/ament_prefix_path.dsv
[2.275s] -- Up-to-date: /home/spacefactory5/workspaces/ros2_ws_training2.bis/install/isaacsim_rviz_training/share/isaacsim_rviz_training/environment/path.sh
[2.275s] -- Up-to-date: /home/spacefactory5/workspaces/ros2_ws_training2.bis/install/isaacsim_rviz_training/share/isaacsim_rviz_training/environment/path.dsv
[2.275s] -- Up-to-date: /home/spacefactory5/workspaces/ros2_ws_training2.bis/install/isaacsim_rviz_training/share/isaacsim_rviz_training/local_setup.bash
[2.275s] -- Up-to-date: /home/spacefactory5/workspaces/ros2_ws_training2.bis/install/isaacsim_rviz_training/share/isaacsim_rviz_training/local_setup.sh
[2.275s] -- Up-to-date: /home/spacefactory5/workspaces/ros2_ws_training2.bis/install/isaacsim_rviz_training/share/isaacsim_rviz_training/local_setup.zsh
[2.275s] -- Up-to-date: /home/spacefactory5/workspaces/ros2_ws_training2.bis/install/isaacsim_rviz_training/share/isaacsim_rviz_training/local_setup.dsv
[2.275s] -- Installing: /home/spacefactory5/workspaces/ros2_ws_training2.bis/install/isaacsim_rviz_training/share/isaacsim_rviz_training/package.dsv
[2.275s] -- Up-to-date: /home/spacefactory5/workspaces/ros2_ws_training2.bis/install/isaacsim_rviz_training/share/ament_index/resource_index/packages/isaacsim_rviz_training
[2.275s] -- Up-to-date: /home/spacefactory5/workspaces/ros2_ws_training2.bis/install/isaacsim_rviz_training/share/isaacsim_rviz_training/cmake/isaacsim_rviz_trainingConfig.cmake
[2.275s] -- Up-to-date: /home/spacefactory5/workspaces/ros2_ws_training2.bis/install/isaacsim_rviz_training/share/isaacsim_rviz_training/cmake/isaacsim_rviz_trainingConfig-version.cmake
[2.275s] -- Up-to-date: /home/spacefactory5/workspaces/ros2_ws_training2.bis/install/isaacsim_rviz_training/share/isaacsim_rviz_training/package.xml
[2.275s] Invoked command in '/home/spacefactory5/workspaces/ros2_ws_training2.bis/build/isaacsim_rviz_training' returned '0': CMAKE_PREFIX_PATH=${CMAKE_PREFIX_PATH}:/home/spacefactory5/workspaces/ros2_ws_training2.bis/install/grasping_controller:/home/spacefactory5/workspaces/ros2_ws_training3/install/grasping_controller:/home/spacefactory5/workspaces/ros2_ws_training2/install/py_pubsub_training:/home/spacefactory5/workspaces/ros2_ws_training2/install/lifecycle_py:/home/spacefactory5/workspaces/ros2_ws_training2/install/grasping_controller:/home/spacefactory5/workspaces/dev_ws/install/serial_motor_demo:/home/spacefactory5/workspaces/dev_ws/install/joy_tester:/home/spacefactory5/workspaces/ws_moveit2/install/moveit_configs_utils:/home/spacefactory5/workspaces/ws_moveit2/install/launch_param_builder:/home/spacefactory5/workspaces/tiago_public_ws/install/launch_pal:/opt/ros/humble /usr/bin/cmake --install /home/spacefactory5/workspaces/ros2_ws_training2.bis/build/isaacsim_rviz_training
