running egg_info
writing ../../build/grasping_controller/grasping_controller.egg-info/PKG-INFO
writing dependency_links to ../../build/grasping_controller/grasping_controller.egg-info/dependency_links.txt
writing entry points to ../../build/grasping_controller/grasping_controller.egg-info/entry_points.txt
writing requirements to ../../build/grasping_controller/grasping_controller.egg-info/requires.txt
writing top-level names to ../../build/grasping_controller/grasping_controller.egg-info/top_level.txt
writing manifest file '../../build/grasping_controller/grasping_controller.egg-info/SOURCES.txt'
running build
running build_py
/home/spacefactory5/.local/share/ov/pkg/isaac_sim-2023.1.1/kit/exts/omni.kit.pip_archive/pip_prebundle/setuptools/_distutils/cmd.py:66: SetuptoolsDeprecationWarning: setup.py install is deprecated.
!!

        ********************************************************************************
        Please avoid running ``setup.py`` directly.
        Instead, use pypa/build, pypa/installer or other
        standards-based tools.

        See https://blog.ganssle.io/articles/2021/10/setup-py-deprecated.html for details.
        ********************************************************************************

!!
  self.initialize_options()
running install
running install_lib
running install_data
running install_egg_info
removing '/home/spacefactory5/workspaces/ros2_ws_training2.bis/install/grasping_controller/lib/python3.10/site-packages/grasping_controller-0.20.3-py3.10.egg-info' (and everything under it)
Copying ../../build/grasping_controller/grasping_controller.egg-info to /home/spacefactory5/workspaces/ros2_ws_training2.bis/install/grasping_controller/lib/python3.10/site-packages/grasping_controller-0.20.3-py3.10.egg-info
running install_scripts
Installing grasping_controller script to /home/spacefactory5/workspaces/ros2_ws_training2.bis/install/grasping_controller/lib/grasping_controller
writing list of installed files to '/home/spacefactory5/workspaces/ros2_ws_training2.bis/build/grasping_controller/install.log'
