[2.724s] Invoking command in '/home/spacefactory5/workspaces/ros2_ws_training2.bis/src/grasping_controller': PYTHONPATH=/home/spacefactory5/workspaces/ros2_ws_training2.bis/build/grasping_controller/prefix_override:/home/spacefactory5/workspaces/ros2_ws_training2.bis/install/grasping_controller/lib/python3.10/site-packages:${PYTHONPATH} /usr/bin/python3 setup.py egg_info --egg-base ../../build/grasping_controller build --build-base /home/spacefactory5/workspaces/ros2_ws_training2.bis/build/grasping_controller/build install --record /home/spacefactory5/workspaces/ros2_ws_training2.bis/build/grasping_controller/install.log --single-version-externally-managed
[3.329s] running egg_info
[3.361s] writing ../../build/grasping_controller/grasping_controller.egg-info/PKG-INFO
[3.362s] writing dependency_links to ../../build/grasping_controller/grasping_controller.egg-info/dependency_links.txt
[3.362s] writing entry points to ../../build/grasping_controller/grasping_controller.egg-info/entry_points.txt
[3.362s] writing requirements to ../../build/grasping_controller/grasping_controller.egg-info/requires.txt
[3.362s] writing top-level names to ../../build/grasping_controller/grasping_controller.egg-info/top_level.txt
[3.673s] writing manifest file '../../build/grasping_controller/grasping_controller.egg-info/SOURCES.txt'
[3.673s] running build
[3.673s] running build_py
[3.673s] running install
[3.673s] /home/spacefactory5/.local/share/ov/pkg/isaac_sim-2023.1.1/kit/exts/omni.kit.pip_archive/pip_prebundle/setuptools/_distutils/cmd.py:66: SetuptoolsDeprecationWarning: setup.py install is deprecated.
[3.673s] !!
[3.673s] 
[3.673s]         ********************************************************************************
[3.674s]         Please avoid running ``setup.py`` directly.
[3.674s]         Instead, use pypa/build, pypa/installer or other
[3.674s]         standards-based tools.
[3.674s] 
[3.674s]         See https://blog.ganssle.io/articles/2021/10/setup-py-deprecated.html for details.
[3.674s]         ********************************************************************************
[3.674s] 
[3.674s] !!
[3.674s]   self.initialize_options()
[3.682s] running install_lib
[3.713s] running install_data
[3.747s] running install_egg_info
[3.773s] removing '/home/spacefactory5/workspaces/ros2_ws_training2.bis/install/grasping_controller/lib/python3.10/site-packages/grasping_controller-0.20.3-py3.10.egg-info' (and everything under it)
[3.773s] Copying ../../build/grasping_controller/grasping_controller.egg-info to /home/spacefactory5/workspaces/ros2_ws_training2.bis/install/grasping_controller/lib/python3.10/site-packages/grasping_controller-0.20.3-py3.10.egg-info
[3.774s] running install_scripts
[4.053s] Installing grasping_controller script to /home/spacefactory5/workspaces/ros2_ws_training2.bis/install/grasping_controller/lib/grasping_controller
[4.054s] writing list of installed files to '/home/spacefactory5/workspaces/ros2_ws_training2.bis/build/grasping_controller/install.log'
[4.075s] Invoked command in '/home/spacefactory5/workspaces/ros2_ws_training2.bis/src/grasping_controller' returned '0': PYTHONPATH=/home/spacefactory5/workspaces/ros2_ws_training2.bis/build/grasping_controller/prefix_override:/home/spacefactory5/workspaces/ros2_ws_training2.bis/install/grasping_controller/lib/python3.10/site-packages:${PYTHONPATH} /usr/bin/python3 setup.py egg_info --egg-base ../../build/grasping_controller build --build-base /home/spacefactory5/workspaces/ros2_ws_training2.bis/build/grasping_controller/build install --record /home/spacefactory5/workspaces/ros2_ws_training2.bis/build/grasping_controller/install.log --single-version-externally-managed
