[3.521s] Invoking command in '/home/spacefactory5/workspaces/ros2_ws_training2.bis/src/grasping_controller': PYTHONPATH=/home/spacefactory5/workspaces/ros2_ws_training2.bis/build/grasping_controller/prefix_override:/home/spacefactory5/workspaces/ros2_ws_training2.bis/install/grasping_controller/lib/python3.10/site-packages:${PYTHONPATH} /usr/bin/python3 setup.py egg_info --egg-base ../../build/grasping_controller build --build-base /home/spacefactory5/workspaces/ros2_ws_training2.bis/build/grasping_controller/build install --record /home/spacefactory5/workspaces/ros2_ws_training2.bis/build/grasping_controller/install.log --single-version-externally-managed
[4.297s] running egg_info
[4.343s] writing ../../build/grasping_controller/grasping_controller.egg-info/PKG-INFO
[4.344s] writing dependency_links to ../../build/grasping_controller/grasping_controller.egg-info/dependency_links.txt
[4.344s] writing entry points to ../../build/grasping_controller/grasping_controller.egg-info/entry_points.txt
[4.344s] writing requirements to ../../build/grasping_controller/grasping_controller.egg-info/requires.txt
[4.344s] writing top-level names to ../../build/grasping_controller/grasping_controller.egg-info/top_level.txt
[4.734s] writing manifest file '../../build/grasping_controller/grasping_controller.egg-info/SOURCES.txt'
[4.734s] running build
[4.734s] running build_py
[4.735s] running install
[4.735s] /home/spacefactory5/.local/share/ov/pkg/isaac_sim-2023.1.1/kit/exts/omni.kit.pip_archive/pip_prebundle/setuptools/_distutils/cmd.py:66: SetuptoolsDeprecationWarning: setup.py install is deprecated.
[4.736s] !!
[4.736s] 
[4.736s]         ********************************************************************************
[4.736s]         Please avoid running ``setup.py`` directly.
[4.736s]         Instead, use pypa/build, pypa/installer or other
[4.736s]         standards-based tools.
[4.736s] 
[4.736s]         See https://blog.ganssle.io/articles/2021/10/setup-py-deprecated.html for details.
[4.736s]         ********************************************************************************
[4.736s] 
[4.736s] !!
[4.736s]   self.initialize_options()
[4.746s] running install_lib
[4.782s] running install_data
[4.835s] running install_egg_info
[4.872s] removing '/home/spacefactory5/workspaces/ros2_ws_training2.bis/install/grasping_controller/lib/python3.10/site-packages/grasping_controller-0.20.3-py3.10.egg-info' (and everything under it)
[4.872s] Copying ../../build/grasping_controller/grasping_controller.egg-info to /home/spacefactory5/workspaces/ros2_ws_training2.bis/install/grasping_controller/lib/python3.10/site-packages/grasping_controller-0.20.3-py3.10.egg-info
[4.873s] running install_scripts
[5.282s] Installing grasping_controller script to /home/spacefactory5/workspaces/ros2_ws_training2.bis/install/grasping_controller/lib/grasping_controller
[5.282s] writing list of installed files to '/home/spacefactory5/workspaces/ros2_ws_training2.bis/build/grasping_controller/install.log'
[5.346s] Invoked command in '/home/spacefactory5/workspaces/ros2_ws_training2.bis/src/grasping_controller' returned '0': PYTHONPATH=/home/spacefactory5/workspaces/ros2_ws_training2.bis/build/grasping_controller/prefix_override:/home/spacefactory5/workspaces/ros2_ws_training2.bis/install/grasping_controller/lib/python3.10/site-packages:${PYTHONPATH} /usr/bin/python3 setup.py egg_info --egg-base ../../build/grasping_controller build --build-base /home/spacefactory5/workspaces/ros2_ws_training2.bis/build/grasping_controller/build install --record /home/spacefactory5/workspaces/ros2_ws_training2.bis/build/grasping_controller/install.log --single-version-externally-managed
