[0.266s] Invoking command in '/home/spacefactory5/workspaces/ros2_ws_training2.bis/build/isaacsim_rviz_training': CMAKE_PREFIX_PATH=${CMAKE_PREFIX_PATH}:/opt/ros/humble /usr/bin/cmake --build /home/spacefactory5/workspaces/ros2_ws_training2.bis/build/isaacsim_rviz_training -- -j20 -l20
[0.468s] [100%] Built target isaacsim_rviz_training
[0.487s] Invoked command in '/home/spacefactory5/workspaces/ros2_ws_training2.bis/build/isaacsim_rviz_training' returned '0': CMAKE_PREFIX_PATH=${CMAKE_PREFIX_PATH}:/opt/ros/humble /usr/bin/cmake --build /home/spacefactory5/workspaces/ros2_ws_training2.bis/build/isaacsim_rviz_training -- -j20 -l20
[0.770s] Invoking command in '/home/spacefactory5/workspaces/ros2_ws_training2.bis/build/isaacsim_rviz_training': CMAKE_PREFIX_PATH=${CMAKE_PREFIX_PATH}:/opt/ros/humble /usr/bin/cmake --install /home/spacefactory5/workspaces/ros2_ws_training2.bis/build/isaacsim_rviz_training
[0.787s] -- Install configuration: ""
[0.787s] -- Up-to-date: /home/spacefactory5/workspaces/ros2_ws_training2.bis/install/isaacsim_rviz_training/share/isaacsim_rviz_training/isaacsim_rviz_training.xml
[0.787s] -- Up-to-date: /home/spacefactory5/workspaces/ros2_ws_training2.bis/install/isaacsim_rviz_training/share/isaacsim_rviz_training//bringup
[0.787s] -- Up-to-date: /home/spacefactory5/workspaces/ros2_ws_training2.bis/install/isaacsim_rviz_training/share/isaacsim_rviz_training//bringup/launch
[0.788s] -- Up-to-date: /home/spacefactory5/workspaces/ros2_ws_training2.bis/install/isaacsim_rviz_training/share/isaacsim_rviz_training//bringup/launch/slrobot.launch.py
[0.788s] -- Up-to-date: /home/spacefactory5/workspaces/ros2_ws_training2.bis/install/isaacsim_rviz_training/share/isaacsim_rviz_training//bringup/launch/command_slrobot.launch.py
[0.788s] -- Up-to-date: /home/spacefactory5/workspaces/ros2_ws_training2.bis/install/isaacsim_rviz_training/share/isaacsim_rviz_training//bringup/config
[0.788s] -- Up-to-date: /home/spacefactory5/workspaces/ros2_ws_training2.bis/install/isaacsim_rviz_training/share/isaacsim_rviz_training//bringup/config/example.rviz
[0.788s] -- Up-to-date: /home/spacefactory5/workspaces/ros2_ws_training2.bis/install/isaacsim_rviz_training/share/isaacsim_rviz_training//bringup/config/slrobot_ros_params.yaml
[0.788s] -- Up-to-date: /home/spacefactory5/workspaces/ros2_ws_training2.bis/install/isaacsim_rviz_training/share/isaacsim_rviz_training//controller
[0.788s] -- Up-to-date: /home/spacefactory5/workspaces/ros2_ws_training2.bis/install/isaacsim_rviz_training/share/isaacsim_rviz_training//controller/helper_functions
[0.788s] -- Up-to-date: /home/spacefactory5/workspaces/ros2_ws_training2.bis/install/isaacsim_rviz_training/share/isaacsim_rviz_training//controller/helper_functions/load_ros_parameters.py
[0.788s] -- Up-to-date: /home/spacefactory5/workspaces/ros2_ws_training2.bis/install/isaacsim_rviz_training/share/isaacsim_rviz_training//controller/command_slrobot.py
[0.788s] -- Up-to-date: /home/spacefactory5/workspaces/ros2_ws_training2.bis/install/isaacsim_rviz_training/share/isaacsim_rviz_training//controller/controlMsg2jointMsg_pubSub.py
[0.788s] -- Up-to-date: /home/spacefactory5/workspaces/ros2_ws_training2.bis/install/isaacsim_rviz_training/share/isaacsim_rviz_training//description
[0.788s] -- Up-to-date: /home/spacefactory5/workspaces/ros2_ws_training2.bis/install/isaacsim_rviz_training/share/isaacsim_rviz_training//description/usd
[0.789s] -- Up-to-date: /home/spacefactory5/workspaces/ros2_ws_training2.bis/install/isaacsim_rviz_training/share/isaacsim_rviz_training//description/usd/spacelab_robot (3rd copy).usd
[0.789s] -- Up-to-date: /home/spacefactory5/workspaces/ros2_ws_training2.bis/install/isaacsim_rviz_training/share/isaacsim_rviz_training//description/usd/default_environment.usd
[0.789s] -- Up-to-date: /home/spacefactory5/workspaces/ros2_ws_training2.bis/install/isaacsim_rviz_training/share/isaacsim_rviz_training//description/usd/spacelab_scene2.usd
[0.789s] -- Up-to-date: /home/spacefactory5/workspaces/ros2_ws_training2.bis/install/isaacsim_rviz_training/share/isaacsim_rviz_training//description/usd/.thumbs
[0.789s] -- Up-to-date: /home/spacefactory5/workspaces/ros2_ws_training2.bis/install/isaacsim_rviz_training/share/isaacsim_rviz_training//description/usd/.thumbs/256x256
[0.789s] -- Up-to-date: /home/spacefactory5/workspaces/ros2_ws_training2.bis/install/isaacsim_rviz_training/share/isaacsim_rviz_training//description/usd/.thumbs/256x256/spacelab_scene1.usd.png
[0.789s] -- Up-to-date: /home/spacefactory5/workspaces/ros2_ws_training2.bis/install/isaacsim_rviz_training/share/isaacsim_rviz_training//description/usd/.thumbs/256x256/spacelab_robot (copy).usd.png
[0.790s] -- Up-to-date: /home/spacefactory5/workspaces/ros2_ws_training2.bis/install/isaacsim_rviz_training/share/isaacsim_rviz_training//description/usd/.thumbs/256x256/spacelab_robot_test.usd.png
[0.790s] -- Up-to-date: /home/spacefactory5/workspaces/ros2_ws_training2.bis/install/isaacsim_rviz_training/share/isaacsim_rviz_training//description/usd/.thumbs/256x256/spacelab_scene.usd.png
[0.791s] -- Up-to-date: /home/spacefactory5/workspaces/ros2_ws_training2.bis/install/isaacsim_rviz_training/share/isaacsim_rviz_training//description/usd/.thumbs/256x256/spacelab_robot.usd.png
[0.791s] -- Up-to-date: /home/spacefactory5/workspaces/ros2_ws_training2.bis/install/isaacsim_rviz_training/share/isaacsim_rviz_training//description/usd/.thumbs/256x256/spacelab_scene2.usd.png
[0.792s] -- Up-to-date: /home/spacefactory5/workspaces/ros2_ws_training2.bis/install/isaacsim_rviz_training/share/isaacsim_rviz_training//description/usd/.thumbs/256x256/spacelab_robot_womimic.usd.png
[0.792s] -- Up-to-date: /home/spacefactory5/workspaces/ros2_ws_training2.bis/install/isaacsim_rviz_training/share/isaacsim_rviz_training//description/usd/.thumbs/256x256/spacelab_robot (3rd copy).usd.png
[0.792s] -- Up-to-date: /home/spacefactory5/workspaces/ros2_ws_training2.bis/install/isaacsim_rviz_training/share/isaacsim_rviz_training//description/usd/spacelab_scene_robot.usd
[0.793s] -- Up-to-date: /home/spacefactory5/workspaces/ros2_ws_training2.bis/install/isaacsim_rviz_training/share/isaacsim_rviz_training//description/usd/spacelab_robot_womimic.usd
[0.793s] -- Up-to-date: /home/spacefactory5/workspaces/ros2_ws_training2.bis/install/isaacsim_rviz_training/share/isaacsim_rviz_training//description/usd/spacelab_robot.usd
[0.794s] -- Up-to-date: /home/spacefactory5/workspaces/ros2_ws_training2.bis/install/isaacsim_rviz_training/share/isaacsim_rviz_training//description/usd/spacelab_scene.usd
[0.794s] -- Up-to-date: /home/spacefactory5/workspaces/ros2_ws_training2.bis/install/isaacsim_rviz_training/share/isaacsim_rviz_training//description/usd/spacelab_robot (another copy).usd
[0.795s] -- Up-to-date: /home/spacefactory5/workspaces/ros2_ws_training2.bis/install/isaacsim_rviz_training/share/isaacsim_rviz_training//description/usd/spacelab_robot_test.usd
[0.795s] -- Up-to-date: /home/spacefactory5/workspaces/ros2_ws_training2.bis/install/isaacsim_rviz_training/share/isaacsim_rviz_training//description/usd/spacelab_robot (copy).usd
[0.796s] -- Up-to-date: /home/spacefactory5/workspaces/ros2_ws_training2.bis/install/isaacsim_rviz_training/share/isaacsim_rviz_training//description/urdf
[0.796s] -- Up-to-date: /home/spacefactory5/workspaces/ros2_ws_training2.bis/install/isaacsim_rviz_training/share/isaacsim_rviz_training//description/urdf/spacelab_robot
[0.797s] -- Up-to-date: /home/spacefactory5/workspaces/ros2_ws_training2.bis/install/isaacsim_rviz_training/share/isaacsim_rviz_training//description/urdf/spacelab_robot/spacelab_robot.usd
[0.797s] -- Installing: /home/spacefactory5/workspaces/ros2_ws_training2.bis/install/isaacsim_rviz_training/share/isaacsim_rviz_training//description/urdf/slrobot2
[0.798s] -- Installing: /home/spacefactory5/workspaces/ros2_ws_training2.bis/install/isaacsim_rviz_training/share/isaacsim_rviz_training//description/urdf/slrobot2/spacelab_robot
[0.799s] -- Installing: /home/spacefactory5/workspaces/ros2_ws_training2.bis/install/isaacsim_rviz_training/share/isaacsim_rviz_training//description/urdf/slrobot2/spacelab_robot/spacelab_robot.usd
[0.799s] -- Up-to-date: /home/spacefactory5/workspaces/ros2_ws_training2.bis/install/isaacsim_rviz_training/share/isaacsim_rviz_training//description/urdf/gripper.xacro
[0.800s] -- Up-to-date: /home/spacefactory5/workspaces/ros2_ws_training2.bis/install/isaacsim_rviz_training/share/isaacsim_rviz_training//description/urdf/robot_core.xacro
[0.803s] -- Up-to-date: /home/spacefactory5/workspaces/ros2_ws_training2.bis/install/isaacsim_rviz_training/share/isaacsim_rviz_training//description/urdf/slrobot
[0.804s] -- Up-to-date: /home/spacefactory5/workspaces/ros2_ws_training2.bis/install/isaacsim_rviz_training/share/isaacsim_rviz_training//description/urdf/slrobot/spacelab_robot
[0.805s] -- Up-to-date: /home/spacefactory5/workspaces/ros2_ws_training2.bis/install/isaacsim_rviz_training/share/isaacsim_rviz_training//description/urdf/slrobot/spacelab_robot/spacelab_robot.usd
[0.805s] -- Up-to-date: /home/spacefactory5/workspaces/ros2_ws_training2.bis/install/isaacsim_rviz_training/share/isaacsim_rviz_training//description/urdf/camera.xacro
[0.806s] -- Up-to-date: /home/spacefactory5/workspaces/ros2_ws_training2.bis/install/isaacsim_rviz_training/share/isaacsim_rviz_training//description/urdf/spacelab_robot.urdf
[0.806s] -- Up-to-date: /home/spacefactory5/workspaces/ros2_ws_training2.bis/install/isaacsim_rviz_training/share/isaacsim_rviz_training//description/urdf/lidar.xacro
[0.807s] -- Up-to-date: /home/spacefactory5/workspaces/ros2_ws_training2.bis/install/isaacsim_rviz_training/share/isaacsim_rviz_training//description/urdf/inertial_macros.xacro
[0.807s] -- Up-to-date: /home/spacefactory5/workspaces/ros2_ws_training2.bis/install/isaacsim_rviz_training/share/isaacsim_rviz_training//description/urdf/spacelab_robot.urdf.xacro
[0.808s] -- Up-to-date: /home/spacefactory5/workspaces/ros2_ws_training2.bis/install/isaacsim_rviz_training/share/isaacsim_rviz_training//description/stp
[0.808s] -- Up-to-date: /home/spacefactory5/workspaces/ros2_ws_training2.bis/install/isaacsim_rviz_training/share/isaacsim_rviz_training//description/stp/workbenches.stp
[0.809s] -- Up-to-date: /home/spacefactory5/workspaces/ros2_ws_training2.bis/install/isaacsim_rviz_training/share/isaacsim_rviz_training//description/stp/workbenches.usd
[0.809s] -- Up-to-date: /home/spacefactory5/workspaces/ros2_ws_training2.bis/install/isaacsim_rviz_training/share/isaacsim_rviz_training//description/stp/part2.stp
[0.810s] -- Up-to-date: /home/spacefactory5/workspaces/ros2_ws_training2.bis/install/isaacsim_rviz_training/share/isaacsim_rviz_training//description/stp/part3.stp
[0.810s] -- Up-to-date: /home/spacefactory5/workspaces/ros2_ws_training2.bis/install/isaacsim_rviz_training/share/isaacsim_rviz_training//description/stp/part4.stp
[0.811s] -- Up-to-date: /home/spacefactory5/workspaces/ros2_ws_training2.bis/install/isaacsim_rviz_training/share/isaacsim_rviz_training//description/stp/part.usd
[0.811s] -- Up-to-date: /home/spacefactory5/workspaces/ros2_ws_training2.bis/install/isaacsim_rviz_training/share/isaacsim_rviz_training//description/stp/part4.usd
[0.812s] -- Up-to-date: /home/spacefactory5/workspaces/ros2_ws_training2.bis/install/isaacsim_rviz_training/share/isaacsim_rviz_training//description/stp/part3.usd
[0.812s] -- Up-to-date: /home/spacefactory5/workspaces/ros2_ws_training2.bis/install/isaacsim_rviz_training/share/isaacsim_rviz_training//description/stp/parts_square.usd
[0.812s] -- Up-to-date: /home/spacefactory5/workspaces/ros2_ws_training2.bis/install/isaacsim_rviz_training/share/isaacsim_rviz_training//description/stp/part2.usd
[0.813s] -- Up-to-date: /home/spacefactory5/workspaces/ros2_ws_training2.bis/install/isaacsim_rviz_training/share/isaacsim_rviz_training//description/stp/part.stp
[0.813s] -- Up-to-date: /home/spacefactory5/workspaces/ros2_ws_training2.bis/install/isaacsim_rviz_training/share/isaacsim_rviz_training//description/stp/parts_square.stp
[0.814s] -- Up-to-date: /home/spacefactory5/workspaces/ros2_ws_training2.bis/install/isaacsim_rviz_training/share/isaacsim_rviz_training//description/meshes
[0.814s] -- Up-to-date: /home/spacefactory5/workspaces/ros2_ws_training2.bis/install/isaacsim_rviz_training/share/isaacsim_rviz_training//description/meshes/LIDAR_STRUCTURE.dae
[0.815s] -- Up-to-date: /home/spacefactory5/workspaces/ros2_ws_training2.bis/install/isaacsim_rviz_training/share/isaacsim_rviz_training//description/meshes/Shoulder.dae
[0.815s] -- Up-to-date: /home/spacefactory5/workspaces/ros2_ws_training2.bis/install/isaacsim_rviz_training/share/isaacsim_rviz_training//description/meshes/Wrist1.dae
[0.816s] -- Up-to-date: /home/spacefactory5/workspaces/ros2_ws_training2.bis/install/isaacsim_rviz_training/share/isaacsim_rviz_training//description/meshes/Wrist3.dae
[0.816s] -- Up-to-date: /home/spacefactory5/workspaces/ros2_ws_training2.bis/install/isaacsim_rviz_training/share/isaacsim_rviz_training//description/meshes/LIDAR.dae
[0.817s] -- Up-to-date: /home/spacefactory5/workspaces/ros2_ws_training2.bis/install/isaacsim_rviz_training/share/isaacsim_rviz_training//description/meshes/CAMERA.dae
[0.817s] -- Up-to-date: /home/spacefactory5/workspaces/ros2_ws_training2.bis/install/isaacsim_rviz_training/share/isaacsim_rviz_training//description/meshes/Forearm.dae
[0.817s] -- Up-to-date: /home/spacefactory5/workspaces/ros2_ws_training2.bis/install/isaacsim_rviz_training/share/isaacsim_rviz_training//description/meshes/RADICART_FULL.dae
[0.818s] -- Up-to-date: /home/spacefactory5/workspaces/ros2_ws_training2.bis/install/isaacsim_rviz_training/share/isaacsim_rviz_training//description/meshes/WORKBENCH.dae
[0.818s] -- Up-to-date: /home/spacefactory5/workspaces/ros2_ws_training2.bis/install/isaacsim_rviz_training/share/isaacsim_rviz_training//description/meshes/ROBOT_STRUCTURE.dae
[0.818s] -- Up-to-date: /home/spacefactory5/workspaces/ros2_ws_training2.bis/install/isaacsim_rviz_training/share/isaacsim_rviz_training//description/meshes/UpperArm.dae
[0.818s] -- Up-to-date: /home/spacefactory5/workspaces/ros2_ws_training2.bis/install/isaacsim_rviz_training/share/isaacsim_rviz_training//description/meshes/STORAGE.dae
[0.818s] -- Up-to-date: /home/spacefactory5/workspaces/ros2_ws_training2.bis/install/isaacsim_rviz_training/share/isaacsim_rviz_training//description/meshes/PART.dae
[0.818s] -- Up-to-date: /home/spacefactory5/workspaces/ros2_ws_training2.bis/install/isaacsim_rviz_training/share/isaacsim_rviz_training//description/meshes/Wrist2.dae
[0.818s] -- Up-to-date: /home/spacefactory5/workspaces/ros2_ws_training2.bis/install/isaacsim_rviz_training/share/isaacsim_rviz_training//description/meshes/END_EFFECTOR.dae
[0.818s] -- Up-to-date: /home/spacefactory5/workspaces/ros2_ws_training2.bis/install/isaacsim_rviz_training/share/isaacsim_rviz_training//description/meshes/RADICART_FULL_STRUCTURE.dae
[0.818s] -- Up-to-date: /home/spacefactory5/workspaces/ros2_ws_training2.bis/install/isaacsim_rviz_training/share/isaacsim_rviz_training//description/meshes/RADICART_FULL_PARTS.dae
[0.818s] -- Up-to-date: /home/spacefactory5/workspaces/ros2_ws_training2.bis/install/isaacsim_rviz_training/share/isaacsim_rviz_training//description/meshes/Base.dae
[0.818s] -- Up-to-date: /home/spacefactory5/workspaces/ros2_ws_training2.bis/install/isaacsim_rviz_training/share/isaacsim_rviz_training//description/ros2_control
[0.818s] -- Up-to-date: /home/spacefactory5/workspaces/ros2_ws_training2.bis/install/isaacsim_rviz_training/share/isaacsim_rviz_training//description/ros2_control/ros2_control_with_mimic.xacro
[0.818s] -- Up-to-date: /home/spacefactory5/workspaces/ros2_ws_training2.bis/install/isaacsim_rviz_training/share/isaacsim_rviz_training//description/ros2_control/ros2_control_test_two_hw_component.xacro
[0.818s] -- Up-to-date: /home/spacefactory5/workspaces/ros2_ws_training2.bis/install/isaacsim_rviz_training/share/isaacsim_rviz_training//description/ros2_control/ros2_control.xacro
[0.818s] -- Up-to-date: /home/spacefactory5/workspaces/ros2_ws_training2.bis/install/isaacsim_rviz_training/share/isaacsim_rviz_training//hardware
[0.819s] -- Up-to-date: /home/spacefactory5/workspaces/ros2_ws_training2.bis/install/isaacsim_rviz_training/share/isaacsim_rviz_training//hardware/dof6bot_hardware_interface.cpp
[0.819s] -- Up-to-date: /home/spacefactory5/workspaces/ros2_ws_training2.bis/install/isaacsim_rviz_training/share/isaacsim_rviz_training//hardware/include
[0.819s] -- Up-to-date: /home/spacefactory5/workspaces/ros2_ws_training2.bis/install/isaacsim_rviz_training/share/isaacsim_rviz_training//hardware/include/isaacsim_rviz_training
[0.819s] -- Up-to-date: /home/spacefactory5/workspaces/ros2_ws_training2.bis/install/isaacsim_rviz_training/share/isaacsim_rviz_training//hardware/include/isaacsim_rviz_training/dof6bot_hardware_interface.hpp
[0.819s] -- Up-to-date: /home/spacefactory5/workspaces/ros2_ws_training2.bis/install/isaacsim_rviz_training/share/isaacsim_rviz_training//isaacsim
[0.819s] -- Installing: /home/spacefactory5/workspaces/ros2_ws_training2.bis/install/isaacsim_rviz_training/share/isaacsim_rviz_training//isaacsim/isaac_sim_node.py
[0.819s] -- Up-to-date: /home/spacefactory5/workspaces/ros2_ws_training2.bis/install/isaacsim_rviz_training/lib/isaacsim_rviz_training/command_slrobot.py
[0.819s] -- Installing: /home/spacefactory5/workspaces/ros2_ws_training2.bis/install/isaacsim_rviz_training/lib/isaacsim_rviz_training/isaac_sim_node.py
[0.819s] -- Up-to-date: /home/spacefactory5/workspaces/ros2_ws_training2.bis/install/isaacsim_rviz_training/lib/isaacsim_rviz_training/load_ros_parameters.py
[0.819s] -- Up-to-date: /home/spacefactory5/workspaces/ros2_ws_training2.bis/install/isaacsim_rviz_training/lib/isaacsim_rviz_training/controlMsg2jointMsg_pubSub.py
[0.819s] -- Up-to-date: /home/spacefactory5/workspaces/ros2_ws_training2.bis/install/isaacsim_rviz_training/lib/libisaacsim_rviz_training.so
[0.819s] -- Up-to-date: /home/spacefactory5/workspaces/ros2_ws_training2.bis/install/isaacsim_rviz_training/share/isaacsim_rviz_training/environment/library_path.sh
[0.819s] -- Up-to-date: /home/spacefactory5/workspaces/ros2_ws_training2.bis/install/isaacsim_rviz_training/share/isaacsim_rviz_training/environment/library_path.dsv
[0.819s] -- Up-to-date: /home/spacefactory5/workspaces/ros2_ws_training2.bis/install/isaacsim_rviz_training/share/ament_index/resource_index/package_run_dependencies/isaacsim_rviz_training
[0.819s] -- Up-to-date: /home/spacefactory5/workspaces/ros2_ws_training2.bis/install/isaacsim_rviz_training/share/ament_index/resource_index/parent_prefix_path/isaacsim_rviz_training
[0.819s] -- Up-to-date: /home/spacefactory5/workspaces/ros2_ws_training2.bis/install/isaacsim_rviz_training/share/isaacsim_rviz_training/environment/ament_prefix_path.sh
[0.820s] -- Up-to-date: /home/spacefactory5/workspaces/ros2_ws_training2.bis/install/isaacsim_rviz_training/share/isaacsim_rviz_training/environment/ament_prefix_path.dsv
[0.820s] -- Up-to-date: /home/spacefactory5/workspaces/ros2_ws_training2.bis/install/isaacsim_rviz_training/share/isaacsim_rviz_training/environment/path.sh
[0.820s] -- Up-to-date: /home/spacefactory5/workspaces/ros2_ws_training2.bis/install/isaacsim_rviz_training/share/isaacsim_rviz_training/environment/path.dsv
[0.820s] -- Up-to-date: /home/spacefactory5/workspaces/ros2_ws_training2.bis/install/isaacsim_rviz_training/share/isaacsim_rviz_training/local_setup.bash
[0.820s] -- Up-to-date: /home/spacefactory5/workspaces/ros2_ws_training2.bis/install/isaacsim_rviz_training/share/isaacsim_rviz_training/local_setup.sh
[0.820s] -- Up-to-date: /home/spacefactory5/workspaces/ros2_ws_training2.bis/install/isaacsim_rviz_training/share/isaacsim_rviz_training/local_setup.zsh
[0.820s] -- Up-to-date: /home/spacefactory5/workspaces/ros2_ws_training2.bis/install/isaacsim_rviz_training/share/isaacsim_rviz_training/local_setup.dsv
[0.820s] -- Installing: /home/spacefactory5/workspaces/ros2_ws_training2.bis/install/isaacsim_rviz_training/share/isaacsim_rviz_training/package.dsv
[0.820s] -- Up-to-date: /home/spacefactory5/workspaces/ros2_ws_training2.bis/install/isaacsim_rviz_training/share/ament_index/resource_index/packages/isaacsim_rviz_training
[0.820s] -- Up-to-date: /home/spacefactory5/workspaces/ros2_ws_training2.bis/install/isaacsim_rviz_training/share/ament_index/resource_index/hardware_interface__pluginlib__plugin/isaacsim_rviz_training
[0.820s] -- Up-to-date: /home/spacefactory5/workspaces/ros2_ws_training2.bis/install/isaacsim_rviz_training/share/isaacsim_rviz_training/cmake/isaacsim_rviz_trainingExport.cmake
[0.820s] -- Up-to-date: /home/spacefactory5/workspaces/ros2_ws_training2.bis/install/isaacsim_rviz_training/share/isaacsim_rviz_training/cmake/isaacsim_rviz_trainingExport-noconfig.cmake
[0.820s] -- Up-to-date: /home/spacefactory5/workspaces/ros2_ws_training2.bis/install/isaacsim_rviz_training/share/isaacsim_rviz_training/cmake/ament_cmake_export_targets-extras.cmake
[0.820s] -- Up-to-date: /home/spacefactory5/workspaces/ros2_ws_training2.bis/install/isaacsim_rviz_training/share/isaacsim_rviz_training/cmake/ament_cmake_export_dependencies-extras.cmake
[0.820s] -- Up-to-date: /home/spacefactory5/workspaces/ros2_ws_training2.bis/install/isaacsim_rviz_training/share/isaacsim_rviz_training/cmake/isaacsim_rviz_trainingConfig.cmake
[0.820s] -- Up-to-date: /home/spacefactory5/workspaces/ros2_ws_training2.bis/install/isaacsim_rviz_training/share/isaacsim_rviz_training/cmake/isaacsim_rviz_trainingConfig-version.cmake
[0.820s] -- Up-to-date: /home/spacefactory5/workspaces/ros2_ws_training2.bis/install/isaacsim_rviz_training/share/isaacsim_rviz_training/package.xml
[0.821s] Invoked command in '/home/spacefactory5/workspaces/ros2_ws_training2.bis/build/isaacsim_rviz_training' returned '0': CMAKE_PREFIX_PATH=${CMAKE_PREFIX_PATH}:/opt/ros/humble /usr/bin/cmake --install /home/spacefactory5/workspaces/ros2_ws_training2.bis/build/isaacsim_rviz_training
