[4.400s] Invoking command in '/home/spacefactory5/workspaces/ros2_ws_training2.bis/src/grasping_controller': PYTHONPATH=/home/spacefactory5/workspaces/ros2_ws_training2.bis/build/grasping_controller/prefix_override:/home/spacefactory5/workspaces/ros2_ws_training2.bis/install/grasping_controller/lib/python3.10/site-packages:${PYTHONPATH} /usr/bin/python3 setup.py egg_info --egg-base ../../build/grasping_controller build --build-base /home/spacefactory5/workspaces/ros2_ws_training2.bis/build/grasping_controller/build install --record /home/spacefactory5/workspaces/ros2_ws_training2.bis/build/grasping_controller/install.log --single-version-externally-managed
[5.270s] running egg_info
[5.327s] writing ../../build/grasping_controller/grasping_controller.egg-info/PKG-INFO
[5.327s] writing dependency_links to ../../build/grasping_controller/grasping_controller.egg-info/dependency_links.txt
[5.328s] writing entry points to ../../build/grasping_controller/grasping_controller.egg-info/entry_points.txt
[5.328s] writing requirements to ../../build/grasping_controller/grasping_controller.egg-info/requires.txt
[5.328s] writing top-level names to ../../build/grasping_controller/grasping_controller.egg-info/top_level.txt
[5.748s] writing manifest file '../../build/grasping_controller/grasping_controller.egg-info/SOURCES.txt'
[5.748s] running build
[5.748s] running build_py
[5.748s] running install
[5.749s] /home/spacefactory5/.local/share/ov/pkg/isaac_sim-2023.1.1/kit/exts/omni.kit.pip_archive/pip_prebundle/setuptools/_distutils/cmd.py:66: SetuptoolsDeprecationWarning: setup.py install is deprecated.
[5.749s] !!
[5.749s] 
[5.749s]         ********************************************************************************
[5.749s]         Please avoid running ``setup.py`` directly.
[5.749s]         Instead, use pypa/build, pypa/installer or other
[5.749s]         standards-based tools.
[5.749s] 
[5.749s]         See https://blog.ganssle.io/articles/2021/10/setup-py-deprecated.html for details.
[5.749s]         ********************************************************************************
[5.750s] 
[5.750s] !!
[5.750s]   self.initialize_options()
[5.759s] running install_lib
[5.805s] running install_data
[5.857s] running install_egg_info
[5.894s] removing '/home/spacefactory5/workspaces/ros2_ws_training2.bis/install/grasping_controller/lib/python3.10/site-packages/grasping_controller-0.20.3-py3.10.egg-info' (and everything under it)
[5.894s] Copying ../../build/grasping_controller/grasping_controller.egg-info to /home/spacefactory5/workspaces/ros2_ws_training2.bis/install/grasping_controller/lib/python3.10/site-packages/grasping_controller-0.20.3-py3.10.egg-info
[5.895s] running install_scripts
[6.302s] Installing grasping_controller script to /home/spacefactory5/workspaces/ros2_ws_training2.bis/install/grasping_controller/lib/grasping_controller
[6.303s] writing list of installed files to '/home/spacefactory5/workspaces/ros2_ws_training2.bis/build/grasping_controller/install.log'
[6.344s] Invoked command in '/home/spacefactory5/workspaces/ros2_ws_training2.bis/src/grasping_controller' returned '0': PYTHONPATH=/home/spacefactory5/workspaces/ros2_ws_training2.bis/build/grasping_controller/prefix_override:/home/spacefactory5/workspaces/ros2_ws_training2.bis/install/grasping_controller/lib/python3.10/site-packages:${PYTHONPATH} /usr/bin/python3 setup.py egg_info --egg-base ../../build/grasping_controller build --build-base /home/spacefactory5/workspaces/ros2_ws_training2.bis/build/grasping_controller/build install --record /home/spacefactory5/workspaces/ros2_ws_training2.bis/build/grasping_controller/install.log --single-version-externally-managed
