running egg_info
creating ../../build/grasping_controller/grasping_controller.egg-info
writing ../../build/grasping_controller/grasping_controller.egg-info/PKG-INFO
writing dependency_links to ../../build/grasping_controller/grasping_controller.egg-info/dependency_links.txt
writing entry points to ../../build/grasping_controller/grasping_controller.egg-info/entry_points.txt
writing requirements to ../../build/grasping_controller/grasping_controller.egg-info/requires.txt
writing top-level names to ../../build/grasping_controller/grasping_controller.egg-info/top_level.txt
writing manifest file '../../build/grasping_controller/grasping_controller.egg-info/SOURCES.txt'
writing manifest file '../../build/grasping_controller/grasping_controller.egg-info/SOURCES.txt'
running build
running build_py
creating /home/spacefactory5/workspaces/ros2_ws_training2.bis/build/grasping_controller/build
creating /home/spacefactory5/workspaces/ros2_ws_training2.bis/build/grasping_controller/build/lib
creating /home/spacefactory5/workspaces/ros2_ws_training2.bis/build/grasping_controller/build/lib/grasping_controller
copying grasping_controller/__init__.py -> /home/spacefactory5/workspaces/ros2_ws_training2.bis/build/grasping_controller/build/lib/grasping_controller
copying grasping_controller/grasping_controller.py -> /home/spacefactory5/workspaces/ros2_ws_training2.bis/build/grasping_controller/build/lib/grasping_controller
running install
running install_lib
creating /home/spacefactory5/workspaces/ros2_ws_training2.bis/install/grasping_controller/lib/python3.10/site-packages/grasping_controller
copying /home/spacefactory5/workspaces/ros2_ws_training2.bis/build/grasping_controller/build/lib/grasping_controller/__init__.py -> /home/spacefactory5/workspaces/ros2_ws_training2.bis/install/grasping_controller/lib/python3.10/site-packages/grasping_controller
copying /home/spacefactory5/workspaces/ros2_ws_training2.bis/build/grasping_controller/build/lib/grasping_controller/grasping_controller.py -> /home/spacefactory5/workspaces/ros2_ws_training2.bis/install/grasping_controller/lib/python3.10/site-packages/grasping_controller
byte-compiling /home/spacefactory5/workspaces/ros2_ws_training2.bis/install/grasping_controller/lib/python3.10/site-packages/grasping_controller/__init__.py to __init__.cpython-310.pyc
byte-compiling /home/spacefactory5/workspaces/ros2_ws_training2.bis/install/grasping_controller/lib/python3.10/site-packages/grasping_controller/grasping_controller.py to grasping_controller.cpython-310.pyc
running install_data
creating /home/spacefactory5/workspaces/ros2_ws_training2.bis/install/grasping_controller/share/ament_index
creating /home/spacefactory5/workspaces/ros2_ws_training2.bis/install/grasping_controller/share/ament_index/resource_index
creating /home/spacefactory5/workspaces/ros2_ws_training2.bis/install/grasping_controller/share/ament_index/resource_index/packages
copying resource/grasping_controller -> /home/spacefactory5/workspaces/ros2_ws_training2.bis/install/grasping_controller/share/ament_index/resource_index/packages
copying package.xml -> /home/spacefactory5/workspaces/ros2_ws_training2.bis/install/grasping_controller/share/grasping_controller
creating /home/spacefactory5/workspaces/ros2_ws_training2.bis/install/grasping_controller/share/grasping_controller/config
copying config/Grasp_PART_clone.yaml -> /home/spacefactory5/workspaces/ros2_ws_training2.bis/install/grasping_controller/share/grasping_controller/config
copying config/Grasp_PART.yaml -> /home/spacefactory5/workspaces/ros2_ws_training2.bis/install/grasping_controller/share/grasping_controller/config
copying config/Grasp_template.yaml -> /home/spacefactory5/workspaces/ros2_ws_training2.bis/install/grasping_controller/share/grasping_controller/config
running install_egg_info
Copying ../../build/grasping_controller/grasping_controller.egg-info to /home/spacefactory5/workspaces/ros2_ws_training2.bis/install/grasping_controller/lib/python3.10/site-packages/grasping_controller-0.20.3-py3.10.egg-info
running install_scripts
Installing grasping_controller script to /home/spacefactory5/workspaces/ros2_ws_training2.bis/install/grasping_controller/lib/grasping_controller
writing list of installed files to '/home/spacefactory5/workspaces/ros2_ws_training2.bis/build/grasping_controller/install.log'
