[2.699s] Invoking command in '/home/spacefactory5/workspaces/ros2_ws_training2.bis/src/grasping_controller': PYTHONPATH=/home/spacefactory5/workspaces/ros2_ws_training2.bis/build/grasping_controller/prefix_override:/home/spacefactory5/workspaces/ros2_ws_training2.bis/install/grasping_controller/lib/python3.10/site-packages:${PYTHONPATH} /usr/bin/python3 setup.py egg_info --egg-base ../../build/grasping_controller build --build-base /home/spacefactory5/workspaces/ros2_ws_training2.bis/build/grasping_controller/build install --record /home/spacefactory5/workspaces/ros2_ws_training2.bis/build/grasping_controller/install.log --single-version-externally-managed
[3.308s] running egg_info
[3.308s] creating ../../build/grasping_controller/grasping_controller.egg-info
[3.343s] writing ../../build/grasping_controller/grasping_controller.egg-info/PKG-INFO
[3.343s] writing dependency_links to ../../build/grasping_controller/grasping_controller.egg-info/dependency_links.txt
[3.343s] writing entry points to ../../build/grasping_controller/grasping_controller.egg-info/entry_points.txt
[3.343s] writing requirements to ../../build/grasping_controller/grasping_controller.egg-info/requires.txt
[3.344s] writing top-level names to ../../build/grasping_controller/grasping_controller.egg-info/top_level.txt
[3.344s] writing manifest file '../../build/grasping_controller/grasping_controller.egg-info/SOURCES.txt'
[3.566s] writing manifest file '../../build/grasping_controller/grasping_controller.egg-info/SOURCES.txt'
[3.566s] running build
[3.567s] running build_py
[3.567s] creating /home/spacefactory5/workspaces/ros2_ws_training2.bis/build/grasping_controller/build
[3.567s] creating /home/spacefactory5/workspaces/ros2_ws_training2.bis/build/grasping_controller/build/lib
[3.567s] creating /home/spacefactory5/workspaces/ros2_ws_training2.bis/build/grasping_controller/build/lib/grasping_controller
[3.567s] copying grasping_controller/__init__.py -> /home/spacefactory5/workspaces/ros2_ws_training2.bis/build/grasping_controller/build/lib/grasping_controller
[3.567s] /home/spacefactory5/.local/share/ov/pkg/isaac_sim-2023.1.1/kit/exts/omni.kit.pip_archive/pip_prebundle/setuptools/_distutils/cmd.py:66: SetuptoolsDeprecationWarning: setup.py install is deprecated.
[3.567s] !!
[3.568s] 
[3.568s]         ********************************************************************************
[3.568s]         Please avoid running ``setup.py`` directly.
[3.568s]         Instead, use pypa/build, pypa/installer or other
[3.568s]         standards-based tools.
[3.568s] 
[3.568s]         See https://blog.ganssle.io/articles/2021/10/setup-py-deprecated.html for details.
[3.568s]         ********************************************************************************
[3.568s] 
[3.568s] !!
[3.569s]   self.initialize_options()
[3.569s] copying grasping_controller/grasping_controller.py -> /home/spacefactory5/workspaces/ros2_ws_training2.bis/build/grasping_controller/build/lib/grasping_controller
[3.569s] running install
[3.573s] running install_lib
[3.600s] creating /home/spacefactory5/workspaces/ros2_ws_training2.bis/install/grasping_controller/lib/python3.10/site-packages/grasping_controller
[3.600s] copying /home/spacefactory5/workspaces/ros2_ws_training2.bis/build/grasping_controller/build/lib/grasping_controller/__init__.py -> /home/spacefactory5/workspaces/ros2_ws_training2.bis/install/grasping_controller/lib/python3.10/site-packages/grasping_controller
[3.600s] copying /home/spacefactory5/workspaces/ros2_ws_training2.bis/build/grasping_controller/build/lib/grasping_controller/grasping_controller.py -> /home/spacefactory5/workspaces/ros2_ws_training2.bis/install/grasping_controller/lib/python3.10/site-packages/grasping_controller
[3.604s] byte-compiling /home/spacefactory5/workspaces/ros2_ws_training2.bis/install/grasping_controller/lib/python3.10/site-packages/grasping_controller/__init__.py to __init__.cpython-310.pyc
[3.604s] byte-compiling /home/spacefactory5/workspaces/ros2_ws_training2.bis/install/grasping_controller/lib/python3.10/site-packages/grasping_controller/grasping_controller.py to grasping_controller.cpython-310.pyc
[3.605s] running install_data
[3.639s] creating /home/spacefactory5/workspaces/ros2_ws_training2.bis/install/grasping_controller/share/ament_index
[3.639s] creating /home/spacefactory5/workspaces/ros2_ws_training2.bis/install/grasping_controller/share/ament_index/resource_index
[3.639s] creating /home/spacefactory5/workspaces/ros2_ws_training2.bis/install/grasping_controller/share/ament_index/resource_index/packages
[3.639s] copying resource/grasping_controller -> /home/spacefactory5/workspaces/ros2_ws_training2.bis/install/grasping_controller/share/ament_index/resource_index/packages
[3.639s] copying package.xml -> /home/spacefactory5/workspaces/ros2_ws_training2.bis/install/grasping_controller/share/grasping_controller
[3.639s] creating /home/spacefactory5/workspaces/ros2_ws_training2.bis/install/grasping_controller/share/grasping_controller/config
[3.639s] copying config/Grasp_PART_clone.yaml -> /home/spacefactory5/workspaces/ros2_ws_training2.bis/install/grasping_controller/share/grasping_controller/config
[3.639s] copying config/Grasp_PART.yaml -> /home/spacefactory5/workspaces/ros2_ws_training2.bis/install/grasping_controller/share/grasping_controller/config
[3.640s] copying config/Grasp_template.yaml -> /home/spacefactory5/workspaces/ros2_ws_training2.bis/install/grasping_controller/share/grasping_controller/config
[3.640s] running install_egg_info
[3.666s] Copying ../../build/grasping_controller/grasping_controller.egg-info to /home/spacefactory5/workspaces/ros2_ws_training2.bis/install/grasping_controller/lib/python3.10/site-packages/grasping_controller-0.20.3-py3.10.egg-info
[3.667s] running install_scripts
[3.956s] Installing grasping_controller script to /home/spacefactory5/workspaces/ros2_ws_training2.bis/install/grasping_controller/lib/grasping_controller
[3.956s] writing list of installed files to '/home/spacefactory5/workspaces/ros2_ws_training2.bis/build/grasping_controller/install.log'
[3.978s] Invoked command in '/home/spacefactory5/workspaces/ros2_ws_training2.bis/src/grasping_controller' returned '0': PYTHONPATH=/home/spacefactory5/workspaces/ros2_ws_training2.bis/build/grasping_controller/prefix_override:/home/spacefactory5/workspaces/ros2_ws_training2.bis/install/grasping_controller/lib/python3.10/site-packages:${PYTHONPATH} /usr/bin/python3 setup.py egg_info --egg-base ../../build/grasping_controller build --build-base /home/spacefactory5/workspaces/ros2_ws_training2.bis/build/grasping_controller/build install --record /home/spacefactory5/workspaces/ros2_ws_training2.bis/build/grasping_controller/install.log --single-version-externally-managed
