[4.085s] DEBUG:colcon:Command line arguments: ['/usr/bin/colcon', 'build']
[4.085s] DEBUG:colcon:Parsed command line arguments: Namespace(log_base=None, log_level=None, verb_name='build', build_base='build', install_base='install', merge_install=False, symlink_install=False, test_result_base=None, continue_on_error=False, executor='parallel', parallel_workers=20, event_handlers=None, ignore_user_meta=False, metas=['./colcon.meta'], base_paths=['.'], packages_ignore=None, packages_ignore_regex=None, paths=None, packages_up_to=None, packages_up_to_regex=None, packages_above=None, packages_above_and_dependencies=None, packages_above_depth=None, packages_select_by_dep=None, packages_skip_by_dep=None, packages_skip_up_to=None, packages_select_build_failed=False, packages_skip_build_finished=False, packages_select_test_failures=False, packages_skip_test_passed=False, packages_select=None, packages_skip=None, packages_select_regex=None, packages_skip_regex=None, packages_start=None, packages_end=None, allow_overriding=[], cmake_args=None, cmake_target=None, cmake_target_skip_unavailable=False, cmake_clean_cache=False, cmake_clean_first=False, cmake_force_configure=False, ament_cmake_args=None, catkin_cmake_args=None, catkin_skip_building_tests=False, mixin_files=None, mixin=None, verb_parser=<colcon_mixin.mixin.mixin_argument.MixinArgumentDecorator object at 0x7eff6a234af0>, verb_extension=<colcon_core.verb.build.BuildVerb object at 0x7eff6b3a77c0>, main=<bound method BuildVerb.main of <colcon_core.verb.build.BuildVerb object at 0x7eff6b3a77c0>>, mixin_verb=('build',))
[4.254s] Level 1:colcon.colcon_core.package_discovery:discover_packages(colcon_meta) check parameters
[4.254s] Level 1:colcon.colcon_core.package_discovery:discover_packages(recursive) check parameters
[4.254s] Level 1:colcon.colcon_core.package_discovery:discover_packages(ignore) check parameters
[4.254s] Level 1:colcon.colcon_core.package_discovery:discover_packages(path) check parameters
[4.254s] Level 1:colcon.colcon_core.package_discovery:discover_packages(colcon_meta) discover
[4.254s] Level 1:colcon.colcon_core.package_discovery:discover_packages(recursive) discover
[4.254s] INFO:colcon.colcon_core.package_discovery:Crawling recursively for packages in '/home/spacefactory5/workspaces/ros2_ws_training2.bis'
[4.254s] Level 1:colcon.colcon_core.package_identification:_identify(.) by extensions ['ignore', 'ignore_ament_install']
[4.254s] Level 1:colcon.colcon_core.package_identification:_identify(.) by extension 'ignore'
[4.254s] Level 1:colcon.colcon_core.package_identification:_identify(.) by extension 'ignore_ament_install'
[4.254s] Level 1:colcon.colcon_core.package_identification:_identify(.) by extensions ['colcon_pkg']
[4.254s] Level 1:colcon.colcon_core.package_identification:_identify(.) by extension 'colcon_pkg'
[4.254s] Level 1:colcon.colcon_core.package_identification:_identify(.) by extensions ['colcon_meta']
[4.254s] Level 1:colcon.colcon_core.package_identification:_identify(.) by extension 'colcon_meta'
[4.254s] Level 1:colcon.colcon_core.package_identification:_identify(.) by extensions ['ros']
[4.254s] Level 1:colcon.colcon_core.package_identification:_identify(.) by extension 'ros'
[4.290s] Level 1:colcon.colcon_core.package_identification:_identify(.) by extensions ['cmake', 'python']
[4.290s] Level 1:colcon.colcon_core.package_identification:_identify(.) by extension 'cmake'
[4.290s] Level 1:colcon.colcon_core.package_identification:_identify(.) by extension 'python'
[4.291s] Level 1:colcon.colcon_core.package_identification:_identify(.) by extensions ['python_setup_py']
[4.291s] Level 1:colcon.colcon_core.package_identification:_identify(.) by extension 'python_setup_py'
[4.291s] Level 1:colcon.colcon_core.package_identification:_identify(build) by extensions ['ignore', 'ignore_ament_install']
[4.291s] Level 1:colcon.colcon_core.package_identification:_identify(build) by extension 'ignore'
[4.291s] Level 1:colcon.colcon_core.package_identification:_identify(build) ignored
[4.291s] Level 1:colcon.colcon_core.package_identification:_identify(install) by extensions ['ignore', 'ignore_ament_install']
[4.291s] Level 1:colcon.colcon_core.package_identification:_identify(install) by extension 'ignore'
[4.291s] Level 1:colcon.colcon_core.package_identification:_identify(install) ignored
[4.291s] Level 1:colcon.colcon_core.package_identification:_identify(log) by extensions ['ignore', 'ignore_ament_install']
[4.291s] Level 1:colcon.colcon_core.package_identification:_identify(log) by extension 'ignore'
[4.291s] Level 1:colcon.colcon_core.package_identification:_identify(log) ignored
[4.291s] Level 1:colcon.colcon_core.package_identification:_identify(src) by extensions ['ignore', 'ignore_ament_install']
[4.291s] Level 1:colcon.colcon_core.package_identification:_identify(src) by extension 'ignore'
[4.292s] Level 1:colcon.colcon_core.package_identification:_identify(src) by extension 'ignore_ament_install'
[4.292s] Level 1:colcon.colcon_core.package_identification:_identify(src) by extensions ['colcon_pkg']
[4.292s] Level 1:colcon.colcon_core.package_identification:_identify(src) by extension 'colcon_pkg'
[4.292s] Level 1:colcon.colcon_core.package_identification:_identify(src) by extensions ['colcon_meta']
[4.292s] Level 1:colcon.colcon_core.package_identification:_identify(src) by extension 'colcon_meta'
[4.292s] Level 1:colcon.colcon_core.package_identification:_identify(src) by extensions ['ros']
[4.292s] Level 1:colcon.colcon_core.package_identification:_identify(src) by extension 'ros'
[4.292s] Level 1:colcon.colcon_core.package_identification:_identify(src) by extensions ['cmake', 'python']
[4.292s] Level 1:colcon.colcon_core.package_identification:_identify(src) by extension 'cmake'
[4.292s] Level 1:colcon.colcon_core.package_identification:_identify(src) by extension 'python'
[4.292s] Level 1:colcon.colcon_core.package_identification:_identify(src) by extensions ['python_setup_py']
[4.292s] Level 1:colcon.colcon_core.package_identification:_identify(src) by extension 'python_setup_py'
[4.292s] Level 1:colcon.colcon_core.package_identification:_identify(src/isaacsim_rviz_training) by extensions ['ignore', 'ignore_ament_install']
[4.292s] Level 1:colcon.colcon_core.package_identification:_identify(src/isaacsim_rviz_training) by extension 'ignore'
[4.292s] Level 1:colcon.colcon_core.package_identification:_identify(src/isaacsim_rviz_training) by extension 'ignore_ament_install'
[4.292s] Level 1:colcon.colcon_core.package_identification:_identify(src/isaacsim_rviz_training) by extensions ['colcon_pkg']
[4.292s] Level 1:colcon.colcon_core.package_identification:_identify(src/isaacsim_rviz_training) by extension 'colcon_pkg'
[4.292s] Level 1:colcon.colcon_core.package_identification:_identify(src/isaacsim_rviz_training) by extensions ['colcon_meta']
[4.292s] Level 1:colcon.colcon_core.package_identification:_identify(src/isaacsim_rviz_training) by extension 'colcon_meta'
[4.292s] Level 1:colcon.colcon_core.package_identification:_identify(src/isaacsim_rviz_training) by extensions ['ros']
[4.292s] Level 1:colcon.colcon_core.package_identification:_identify(src/isaacsim_rviz_training) by extension 'ros'
[4.302s] DEBUG:colcon.colcon_core.package_identification:Package 'src/isaacsim_rviz_training' with type 'ros.ament_cmake' and name 'isaacsim_rviz_training'
[4.303s] Level 1:colcon.colcon_core.package_discovery:discover_packages(recursive) using defaults
[4.303s] Level 1:colcon.colcon_core.package_discovery:discover_packages(ignore) discover
[4.303s] Level 1:colcon.colcon_core.package_discovery:discover_packages(ignore) using defaults
[4.303s] Level 1:colcon.colcon_core.package_discovery:discover_packages(path) discover
[4.303s] Level 1:colcon.colcon_core.package_discovery:discover_packages(path) using defaults
[4.626s] Level 1:colcon.colcon_core.package_discovery:discover_packages(prefix_path) check parameters
[4.627s] Level 1:colcon.colcon_core.package_discovery:discover_packages(prefix_path) discover
[4.717s] DEBUG:colcon.colcon_installed_package_information.package_discovery:Found 1 installed packages in /home/spacefactory5/workspaces/ros2_ws_training2.bis/install
[4.767s] DEBUG:colcon.colcon_installed_package_information.package_discovery:Found 432 installed packages in /opt/ros/humble
[4.769s] Level 1:colcon.colcon_core.package_discovery:discover_packages(prefix_path) using defaults
[4.964s] Level 5:colcon.colcon_core.verb:set package 'isaacsim_rviz_training' build argument 'cmake_args' from command line to 'None'
[4.964s] Level 5:colcon.colcon_core.verb:set package 'isaacsim_rviz_training' build argument 'cmake_target' from command line to 'None'
[4.964s] Level 5:colcon.colcon_core.verb:set package 'isaacsim_rviz_training' build argument 'cmake_target_skip_unavailable' from command line to 'False'
[4.964s] Level 5:colcon.colcon_core.verb:set package 'isaacsim_rviz_training' build argument 'cmake_clean_cache' from command line to 'False'
[4.964s] Level 5:colcon.colcon_core.verb:set package 'isaacsim_rviz_training' build argument 'cmake_clean_first' from command line to 'False'
[4.964s] Level 5:colcon.colcon_core.verb:set package 'isaacsim_rviz_training' build argument 'cmake_force_configure' from command line to 'False'
[4.964s] Level 5:colcon.colcon_core.verb:set package 'isaacsim_rviz_training' build argument 'ament_cmake_args' from command line to 'None'
[4.964s] Level 5:colcon.colcon_core.verb:set package 'isaacsim_rviz_training' build argument 'catkin_cmake_args' from command line to 'None'
[4.964s] Level 5:colcon.colcon_core.verb:set package 'isaacsim_rviz_training' build argument 'catkin_skip_building_tests' from command line to 'False'
[4.964s] DEBUG:colcon.colcon_core.verb:Building package 'isaacsim_rviz_training' with the following arguments: {'ament_cmake_args': None, 'build_base': '/home/spacefactory5/workspaces/ros2_ws_training2.bis/build/isaacsim_rviz_training', 'catkin_cmake_args': None, 'catkin_skip_building_tests': False, 'cmake_args': None, 'cmake_clean_cache': False, 'cmake_clean_first': False, 'cmake_force_configure': False, 'cmake_target': None, 'cmake_target_skip_unavailable': False, 'install_base': '/home/spacefactory5/workspaces/ros2_ws_training2.bis/install/isaacsim_rviz_training', 'merge_install': False, 'path': '/home/spacefactory5/workspaces/ros2_ws_training2.bis/src/isaacsim_rviz_training', 'symlink_install': False, 'test_result_base': None}
[5.008s] INFO:colcon.colcon_core.executor:Executing jobs using 'parallel' executor
[5.053s] DEBUG:colcon.colcon_parallel_executor.executor.parallel:run_until_complete
[5.054s] INFO:colcon.colcon_ros.task.ament_cmake.build:Building ROS package in '/home/spacefactory5/workspaces/ros2_ws_training2.bis/src/isaacsim_rviz_training' with build type 'ament_cmake'
[5.054s] INFO:colcon.colcon_cmake.task.cmake.build:Building CMake package in '/home/spacefactory5/workspaces/ros2_ws_training2.bis/src/isaacsim_rviz_training'
[5.113s] INFO:colcon.colcon_core.plugin_system:Skipping extension 'colcon_core.shell.bat': Not used on non-Windows systems
[5.113s] INFO:colcon.colcon_core.shell:Skip shell extension 'powershell' for command environment: Not usable outside of PowerShell
[5.114s] DEBUG:colcon.colcon_core.shell:Skip shell extension 'dsv' for command environment
[5.323s] DEBUG:colcon.colcon_core.event_handler.log_command:Invoking command in '/home/spacefactory5/workspaces/ros2_ws_training2.bis/build/isaacsim_rviz_training': CMAKE_PREFIX_PATH=${CMAKE_PREFIX_PATH}:/opt/ros/humble /usr/bin/cmake --build /home/spacefactory5/workspaces/ros2_ws_training2.bis/build/isaacsim_rviz_training -- -j20 -l20
[5.539s] DEBUG:colcon.colcon_core.event_handler.log_command:Invoked command in '/home/spacefactory5/workspaces/ros2_ws_training2.bis/build/isaacsim_rviz_training' returned '0': CMAKE_PREFIX_PATH=${CMAKE_PREFIX_PATH}:/opt/ros/humble /usr/bin/cmake --build /home/spacefactory5/workspaces/ros2_ws_training2.bis/build/isaacsim_rviz_training -- -j20 -l20
[5.843s] DEBUG:colcon.colcon_core.event_handler.log_command:Invoking command in '/home/spacefactory5/workspaces/ros2_ws_training2.bis/build/isaacsim_rviz_training': CMAKE_PREFIX_PATH=${CMAKE_PREFIX_PATH}:/opt/ros/humble /usr/bin/cmake --install /home/spacefactory5/workspaces/ros2_ws_training2.bis/build/isaacsim_rviz_training
[5.866s] Level 1:colcon.colcon_core.environment:create_environment_scripts_only(isaacsim_rviz_training)
[5.874s] DEBUG:colcon.colcon_core.event_handler.log_command:Invoked command in '/home/spacefactory5/workspaces/ros2_ws_training2.bis/build/isaacsim_rviz_training' returned '0': CMAKE_PREFIX_PATH=${CMAKE_PREFIX_PATH}:/opt/ros/humble /usr/bin/cmake --install /home/spacefactory5/workspaces/ros2_ws_training2.bis/build/isaacsim_rviz_training
[5.934s] Level 1:colcon.colcon_core.environment:checking '/home/spacefactory5/workspaces/ros2_ws_training2.bis/install/isaacsim_rviz_training' for CMake module files
[5.935s] Level 1:colcon.colcon_core.environment:checking '/home/spacefactory5/workspaces/ros2_ws_training2.bis/install/isaacsim_rviz_training' for CMake config files
[5.935s] Level 1:colcon.colcon_core.shell:create_environment_hook('isaacsim_rviz_training', 'cmake_prefix_path')
[5.982s] INFO:colcon.colcon_core.shell:Creating environment hook '/home/spacefactory5/workspaces/ros2_ws_training2.bis/install/isaacsim_rviz_training/share/isaacsim_rviz_training/hook/cmake_prefix_path.ps1'
[5.983s] INFO:colcon.colcon_core.shell:Creating environment descriptor '/home/spacefactory5/workspaces/ros2_ws_training2.bis/install/isaacsim_rviz_training/share/isaacsim_rviz_training/hook/cmake_prefix_path.dsv'
[5.984s] INFO:colcon.colcon_core.shell:Creating environment hook '/home/spacefactory5/workspaces/ros2_ws_training2.bis/install/isaacsim_rviz_training/share/isaacsim_rviz_training/hook/cmake_prefix_path.sh'
[5.985s] Level 1:colcon.colcon_core.environment:checking '/home/spacefactory5/workspaces/ros2_ws_training2.bis/install/isaacsim_rviz_training/lib'
[5.985s] Level 1:colcon.colcon_core.shell:create_environment_hook('isaacsim_rviz_training', 'ld_library_path_lib')
[6.031s] INFO:colcon.colcon_core.shell:Creating environment hook '/home/spacefactory5/workspaces/ros2_ws_training2.bis/install/isaacsim_rviz_training/share/isaacsim_rviz_training/hook/ld_library_path_lib.ps1'
[6.032s] INFO:colcon.colcon_core.shell:Creating environment descriptor '/home/spacefactory5/workspaces/ros2_ws_training2.bis/install/isaacsim_rviz_training/share/isaacsim_rviz_training/hook/ld_library_path_lib.dsv'
[6.032s] INFO:colcon.colcon_core.shell:Creating environment hook '/home/spacefactory5/workspaces/ros2_ws_training2.bis/install/isaacsim_rviz_training/share/isaacsim_rviz_training/hook/ld_library_path_lib.sh'
[6.032s] Level 1:colcon.colcon_core.environment:checking '/home/spacefactory5/workspaces/ros2_ws_training2.bis/install/isaacsim_rviz_training/bin'
[6.033s] Level 1:colcon.colcon_core.environment:checking '/home/spacefactory5/workspaces/ros2_ws_training2.bis/install/isaacsim_rviz_training/lib/pkgconfig/isaacsim_rviz_training.pc'
[6.033s] Level 1:colcon.colcon_core.environment:checking '/home/spacefactory5/workspaces/ros2_ws_training2.bis/install/isaacsim_rviz_training/lib/python3.10/site-packages'
[6.033s] Level 1:colcon.colcon_core.environment:checking '/home/spacefactory5/workspaces/ros2_ws_training2.bis/install/isaacsim_rviz_training/bin'
[6.077s] INFO:colcon.colcon_core.shell:Creating package script '/home/spacefactory5/workspaces/ros2_ws_training2.bis/install/isaacsim_rviz_training/share/isaacsim_rviz_training/package.ps1'
[6.078s] INFO:colcon.colcon_core.shell:Creating package descriptor '/home/spacefactory5/workspaces/ros2_ws_training2.bis/install/isaacsim_rviz_training/share/isaacsim_rviz_training/package.dsv'
[6.079s] INFO:colcon.colcon_core.shell:Creating package script '/home/spacefactory5/workspaces/ros2_ws_training2.bis/install/isaacsim_rviz_training/share/isaacsim_rviz_training/package.sh'
[6.080s] INFO:colcon.colcon_core.shell:Creating package script '/home/spacefactory5/workspaces/ros2_ws_training2.bis/install/isaacsim_rviz_training/share/isaacsim_rviz_training/package.bash'
[6.080s] INFO:colcon.colcon_core.shell:Creating package script '/home/spacefactory5/workspaces/ros2_ws_training2.bis/install/isaacsim_rviz_training/share/isaacsim_rviz_training/package.zsh'
[6.081s] Level 1:colcon.colcon_core.environment:create_file_with_runtime_dependencies(/home/spacefactory5/workspaces/ros2_ws_training2.bis/install/isaacsim_rviz_training/share/colcon-core/packages/isaacsim_rviz_training)
[6.414s] Level 1:colcon.colcon_core.environment:create_environment_scripts_only(isaacsim_rviz_training)
[6.459s] Level 1:colcon.colcon_core.environment:checking '/home/spacefactory5/workspaces/ros2_ws_training2.bis/install/isaacsim_rviz_training' for CMake module files
[6.460s] Level 1:colcon.colcon_core.environment:checking '/home/spacefactory5/workspaces/ros2_ws_training2.bis/install/isaacsim_rviz_training' for CMake config files
[6.460s] Level 1:colcon.colcon_core.shell:create_environment_hook('isaacsim_rviz_training', 'cmake_prefix_path')
[6.509s] INFO:colcon.colcon_core.shell:Creating environment hook '/home/spacefactory5/workspaces/ros2_ws_training2.bis/install/isaacsim_rviz_training/share/isaacsim_rviz_training/hook/cmake_prefix_path.ps1'
[6.509s] INFO:colcon.colcon_core.shell:Creating environment descriptor '/home/spacefactory5/workspaces/ros2_ws_training2.bis/install/isaacsim_rviz_training/share/isaacsim_rviz_training/hook/cmake_prefix_path.dsv'
[6.510s] INFO:colcon.colcon_core.shell:Creating environment hook '/home/spacefactory5/workspaces/ros2_ws_training2.bis/install/isaacsim_rviz_training/share/isaacsim_rviz_training/hook/cmake_prefix_path.sh'
[6.510s] Level 1:colcon.colcon_core.environment:checking '/home/spacefactory5/workspaces/ros2_ws_training2.bis/install/isaacsim_rviz_training/lib'
[6.510s] Level 1:colcon.colcon_core.shell:create_environment_hook('isaacsim_rviz_training', 'ld_library_path_lib')
[6.555s] INFO:colcon.colcon_core.shell:Creating environment hook '/home/spacefactory5/workspaces/ros2_ws_training2.bis/install/isaacsim_rviz_training/share/isaacsim_rviz_training/hook/ld_library_path_lib.ps1'
[6.556s] INFO:colcon.colcon_core.shell:Creating environment descriptor '/home/spacefactory5/workspaces/ros2_ws_training2.bis/install/isaacsim_rviz_training/share/isaacsim_rviz_training/hook/ld_library_path_lib.dsv'
[6.556s] INFO:colcon.colcon_core.shell:Creating environment hook '/home/spacefactory5/workspaces/ros2_ws_training2.bis/install/isaacsim_rviz_training/share/isaacsim_rviz_training/hook/ld_library_path_lib.sh'
[6.556s] Level 1:colcon.colcon_core.environment:checking '/home/spacefactory5/workspaces/ros2_ws_training2.bis/install/isaacsim_rviz_training/bin'
[6.556s] Level 1:colcon.colcon_core.environment:checking '/home/spacefactory5/workspaces/ros2_ws_training2.bis/install/isaacsim_rviz_training/lib/pkgconfig/isaacsim_rviz_training.pc'
[6.557s] Level 1:colcon.colcon_core.environment:checking '/home/spacefactory5/workspaces/ros2_ws_training2.bis/install/isaacsim_rviz_training/lib/python3.10/site-packages'
[6.557s] Level 1:colcon.colcon_core.environment:checking '/home/spacefactory5/workspaces/ros2_ws_training2.bis/install/isaacsim_rviz_training/bin'
[6.604s] INFO:colcon.colcon_core.shell:Creating package script '/home/spacefactory5/workspaces/ros2_ws_training2.bis/install/isaacsim_rviz_training/share/isaacsim_rviz_training/package.ps1'
[6.605s] INFO:colcon.colcon_core.shell:Creating package descriptor '/home/spacefactory5/workspaces/ros2_ws_training2.bis/install/isaacsim_rviz_training/share/isaacsim_rviz_training/package.dsv'
[6.605s] INFO:colcon.colcon_core.shell:Creating package script '/home/spacefactory5/workspaces/ros2_ws_training2.bis/install/isaacsim_rviz_training/share/isaacsim_rviz_training/package.sh'
[6.606s] INFO:colcon.colcon_core.shell:Creating package script '/home/spacefactory5/workspaces/ros2_ws_training2.bis/install/isaacsim_rviz_training/share/isaacsim_rviz_training/package.bash'
[6.606s] INFO:colcon.colcon_core.shell:Creating package script '/home/spacefactory5/workspaces/ros2_ws_training2.bis/install/isaacsim_rviz_training/share/isaacsim_rviz_training/package.zsh'
[6.606s] Level 1:colcon.colcon_core.environment:create_file_with_runtime_dependencies(/home/spacefactory5/workspaces/ros2_ws_training2.bis/install/isaacsim_rviz_training/share/colcon-core/packages/isaacsim_rviz_training)
[6.607s] DEBUG:colcon.colcon_parallel_executor.executor.parallel:closing loop
[6.607s] DEBUG:colcon.colcon_parallel_executor.executor.parallel:loop closed
[6.607s] DEBUG:colcon.colcon_parallel_executor.executor.parallel:run_until_complete finished with '0'
[6.609s] DEBUG:colcon.colcon_core.event_reactor:joining thread
[6.709s] INFO:colcon.colcon_core.plugin_system:Skipping extension 'colcon_notification.desktop_notification.terminal_notifier': Not used on non-Darwin systems
[6.710s] INFO:colcon.colcon_core.plugin_system:Skipping extension 'colcon_notification.desktop_notification.win32': Not used on non-Windows systems
[6.710s] INFO:colcon.colcon_notification.desktop_notification:Sending desktop notification using 'notify2'
[6.727s] DEBUG:colcon.colcon_core.event_reactor:joined thread
[6.781s] INFO:colcon.colcon_core.shell:Creating prefix script '/home/spacefactory5/workspaces/ros2_ws_training2.bis/install/local_setup.ps1'
[6.782s] INFO:colcon.colcon_core.shell:Creating prefix util module '/home/spacefactory5/workspaces/ros2_ws_training2.bis/install/_local_setup_util_ps1.py'
[6.783s] INFO:colcon.colcon_core.shell:Creating prefix chain script '/home/spacefactory5/workspaces/ros2_ws_training2.bis/install/setup.ps1'
[6.829s] INFO:colcon.colcon_core.shell:Creating prefix script '/home/spacefactory5/workspaces/ros2_ws_training2.bis/install/local_setup.sh'
[6.830s] INFO:colcon.colcon_core.shell:Creating prefix util module '/home/spacefactory5/workspaces/ros2_ws_training2.bis/install/_local_setup_util_sh.py'
[6.830s] INFO:colcon.colcon_core.shell:Creating prefix chain script '/home/spacefactory5/workspaces/ros2_ws_training2.bis/install/setup.sh'
[6.875s] INFO:colcon.colcon_core.shell:Creating prefix script '/home/spacefactory5/workspaces/ros2_ws_training2.bis/install/local_setup.bash'
[6.876s] INFO:colcon.colcon_core.shell:Creating prefix chain script '/home/spacefactory5/workspaces/ros2_ws_training2.bis/install/setup.bash'
[6.919s] INFO:colcon.colcon_core.shell:Creating prefix script '/home/spacefactory5/workspaces/ros2_ws_training2.bis/install/local_setup.zsh'
[6.919s] INFO:colcon.colcon_core.shell:Creating prefix chain script '/home/spacefactory5/workspaces/ros2_ws_training2.bis/install/setup.zsh'
