[2.579s] DEBUG:colcon:Command line arguments: ['/usr/bin/colcon', 'build']
[2.579s] DEBUG:colcon:Parsed command line arguments: Namespace(log_base=None, log_level=None, verb_name='build', build_base='build', install_base='install', merge_install=False, symlink_install=False, test_result_base=None, continue_on_error=False, executor='parallel', parallel_workers=20, event_handlers=None, ignore_user_meta=False, metas=['./colcon.meta'], base_paths=['.'], packages_ignore=None, packages_ignore_regex=None, paths=None, packages_up_to=None, packages_up_to_regex=None, packages_above=None, packages_above_and_dependencies=None, packages_above_depth=None, packages_select_by_dep=None, packages_skip_by_dep=None, packages_skip_up_to=None, packages_select_build_failed=False, packages_skip_build_finished=False, packages_select_test_failures=False, packages_skip_test_passed=False, packages_select=None, packages_skip=None, packages_select_regex=None, packages_skip_regex=None, packages_start=None, packages_end=None, allow_overriding=[], cmake_args=None, cmake_target=None, cmake_target_skip_unavailable=False, cmake_clean_cache=False, cmake_clean_first=False, cmake_force_configure=False, ament_cmake_args=None, catkin_cmake_args=None, catkin_skip_building_tests=False, mixin_files=None, mixin=None, verb_parser=<colcon_mixin.mixin.mixin_argument.MixinArgumentDecorator object at 0x7fcd6471d450>, verb_extension=<colcon_core.verb.build.BuildVerb object at 0x7fcd64c747c0>, main=<bound method BuildVerb.main of <colcon_core.verb.build.BuildVerb object at 0x7fcd64c747c0>>, mixin_verb=('build',))
[2.696s] Level 1:colcon.colcon_core.package_discovery:discover_packages(colcon_meta) check parameters
[2.696s] Level 1:colcon.colcon_core.package_discovery:discover_packages(recursive) check parameters
[2.696s] Level 1:colcon.colcon_core.package_discovery:discover_packages(ignore) check parameters
[2.696s] Level 1:colcon.colcon_core.package_discovery:discover_packages(path) check parameters
[2.696s] Level 1:colcon.colcon_core.package_discovery:discover_packages(colcon_meta) discover
[2.696s] Level 1:colcon.colcon_core.package_discovery:discover_packages(recursive) discover
[2.696s] INFO:colcon.colcon_core.package_discovery:Crawling recursively for packages in '/home/spacefactory5/workspaces/ros2_ws_training2.bis'
[2.696s] Level 1:colcon.colcon_core.package_identification:_identify(.) by extensions ['ignore', 'ignore_ament_install']
[2.696s] Level 1:colcon.colcon_core.package_identification:_identify(.) by extension 'ignore'
[2.696s] Level 1:colcon.colcon_core.package_identification:_identify(.) by extension 'ignore_ament_install'
[2.696s] Level 1:colcon.colcon_core.package_identification:_identify(.) by extensions ['colcon_pkg']
[2.697s] Level 1:colcon.colcon_core.package_identification:_identify(.) by extension 'colcon_pkg'
[2.697s] Level 1:colcon.colcon_core.package_identification:_identify(.) by extensions ['colcon_meta']
[2.697s] Level 1:colcon.colcon_core.package_identification:_identify(.) by extension 'colcon_meta'
[2.697s] Level 1:colcon.colcon_core.package_identification:_identify(.) by extensions ['ros']
[2.697s] Level 1:colcon.colcon_core.package_identification:_identify(.) by extension 'ros'
[2.724s] Level 1:colcon.colcon_core.package_identification:_identify(.) by extensions ['cmake', 'python']
[2.724s] Level 1:colcon.colcon_core.package_identification:_identify(.) by extension 'cmake'
[2.725s] Level 1:colcon.colcon_core.package_identification:_identify(.) by extension 'python'
[2.725s] Level 1:colcon.colcon_core.package_identification:_identify(.) by extensions ['python_setup_py']
[2.725s] Level 1:colcon.colcon_core.package_identification:_identify(.) by extension 'python_setup_py'
[2.725s] Level 1:colcon.colcon_core.package_identification:_identify(build) by extensions ['ignore', 'ignore_ament_install']
[2.725s] Level 1:colcon.colcon_core.package_identification:_identify(build) by extension 'ignore'
[2.725s] Level 1:colcon.colcon_core.package_identification:_identify(build) ignored
[2.725s] Level 1:colcon.colcon_core.package_identification:_identify(install) by extensions ['ignore', 'ignore_ament_install']
[2.725s] Level 1:colcon.colcon_core.package_identification:_identify(install) by extension 'ignore'
[2.725s] Level 1:colcon.colcon_core.package_identification:_identify(install) ignored
[2.725s] Level 1:colcon.colcon_core.package_identification:_identify(log) by extensions ['ignore', 'ignore_ament_install']
[2.725s] Level 1:colcon.colcon_core.package_identification:_identify(log) by extension 'ignore'
[2.725s] Level 1:colcon.colcon_core.package_identification:_identify(log) ignored
[2.725s] Level 1:colcon.colcon_core.package_identification:_identify(src) by extensions ['ignore', 'ignore_ament_install']
[2.725s] Level 1:colcon.colcon_core.package_identification:_identify(src) by extension 'ignore'
[2.725s] Level 1:colcon.colcon_core.package_identification:_identify(src) by extension 'ignore_ament_install'
[2.725s] Level 1:colcon.colcon_core.package_identification:_identify(src) by extensions ['colcon_pkg']
[2.725s] Level 1:colcon.colcon_core.package_identification:_identify(src) by extension 'colcon_pkg'
[2.725s] Level 1:colcon.colcon_core.package_identification:_identify(src) by extensions ['colcon_meta']
[2.725s] Level 1:colcon.colcon_core.package_identification:_identify(src) by extension 'colcon_meta'
[2.726s] Level 1:colcon.colcon_core.package_identification:_identify(src) by extensions ['ros']
[2.726s] Level 1:colcon.colcon_core.package_identification:_identify(src) by extension 'ros'
[2.726s] Level 1:colcon.colcon_core.package_identification:_identify(src) by extensions ['cmake', 'python']
[2.726s] Level 1:colcon.colcon_core.package_identification:_identify(src) by extension 'cmake'
[2.726s] Level 1:colcon.colcon_core.package_identification:_identify(src) by extension 'python'
[2.726s] Level 1:colcon.colcon_core.package_identification:_identify(src) by extensions ['python_setup_py']
[2.726s] Level 1:colcon.colcon_core.package_identification:_identify(src) by extension 'python_setup_py'
[2.726s] Level 1:colcon.colcon_core.package_identification:_identify(src/grasping_controller) by extensions ['ignore', 'ignore_ament_install']
[2.726s] Level 1:colcon.colcon_core.package_identification:_identify(src/grasping_controller) by extension 'ignore'
[2.726s] Level 1:colcon.colcon_core.package_identification:_identify(src/grasping_controller) by extension 'ignore_ament_install'
[2.726s] Level 1:colcon.colcon_core.package_identification:_identify(src/grasping_controller) by extensions ['colcon_pkg']
[2.726s] Level 1:colcon.colcon_core.package_identification:_identify(src/grasping_controller) by extension 'colcon_pkg'
[2.726s] Level 1:colcon.colcon_core.package_identification:_identify(src/grasping_controller) by extensions ['colcon_meta']
[2.726s] Level 1:colcon.colcon_core.package_identification:_identify(src/grasping_controller) by extension 'colcon_meta'
[2.726s] Level 1:colcon.colcon_core.package_identification:_identify(src/grasping_controller) by extensions ['ros']
[2.726s] Level 1:colcon.colcon_core.package_identification:_identify(src/grasping_controller) by extension 'ros'
[2.728s] DEBUG:colcon.colcon_core.package_identification:Package 'src/grasping_controller' with type 'ros.ament_python' and name 'grasping_controller'
[2.728s] Level 1:colcon.colcon_core.package_identification:_identify(src/isaacsim_rviz_training) by extensions ['ignore', 'ignore_ament_install']
[2.728s] Level 1:colcon.colcon_core.package_identification:_identify(src/isaacsim_rviz_training) by extension 'ignore'
[2.728s] Level 1:colcon.colcon_core.package_identification:_identify(src/isaacsim_rviz_training) by extension 'ignore_ament_install'
[2.728s] Level 1:colcon.colcon_core.package_identification:_identify(src/isaacsim_rviz_training) by extensions ['colcon_pkg']
[2.728s] Level 1:colcon.colcon_core.package_identification:_identify(src/isaacsim_rviz_training) by extension 'colcon_pkg'
[2.728s] Level 1:colcon.colcon_core.package_identification:_identify(src/isaacsim_rviz_training) by extensions ['colcon_meta']
[2.728s] Level 1:colcon.colcon_core.package_identification:_identify(src/isaacsim_rviz_training) by extension 'colcon_meta'
[2.728s] Level 1:colcon.colcon_core.package_identification:_identify(src/isaacsim_rviz_training) by extensions ['ros']
[2.728s] Level 1:colcon.colcon_core.package_identification:_identify(src/isaacsim_rviz_training) by extension 'ros'
[2.729s] DEBUG:colcon.colcon_core.package_identification:Package 'src/isaacsim_rviz_training' with type 'ros.ament_cmake' and name 'isaacsim_rviz_training'
[2.729s] Level 1:colcon.colcon_core.package_discovery:discover_packages(recursive) using defaults
[2.729s] Level 1:colcon.colcon_core.package_discovery:discover_packages(ignore) discover
[2.729s] Level 1:colcon.colcon_core.package_discovery:discover_packages(ignore) using defaults
[2.729s] Level 1:colcon.colcon_core.package_discovery:discover_packages(path) discover
[2.729s] Level 1:colcon.colcon_core.package_discovery:discover_packages(path) using defaults
[3.015s] Level 1:colcon.colcon_core.package_discovery:discover_packages(prefix_path) check parameters
[3.015s] Level 1:colcon.colcon_core.package_discovery:discover_packages(prefix_path) discover
[3.103s] DEBUG:colcon.colcon_installed_package_information.package_discovery:Found 2 installed packages in /home/spacefactory5/workspaces/ros2_ws_training2.bis/install
[3.146s] DEBUG:colcon.colcon_installed_package_information.package_discovery:Found 1 installed packages in /home/spacefactory5/workspaces/bt_library_ws/install
[3.216s] DEBUG:colcon.colcon_installed_package_information.package_discovery:Found 57 installed packages in /home/spacefactory5/workspaces/ws_moveit2/install
[3.260s] DEBUG:colcon.colcon_installed_package_information.package_discovery:Found 5 installed packages in /home/spacefactory5/workspaces/dev_ws/install
[3.304s] DEBUG:colcon.colcon_installed_package_information.package_discovery:Found 31 installed packages in /home/spacefactory5/workspaces/tiago_public_ws/install
[3.349s] DEBUG:colcon.colcon_installed_package_information.package_discovery:Found 8 installed packages in /home/spacefactory5/workspaces/ros2_ws_training3/install
[3.393s] DEBUG:colcon.colcon_installed_package_information.package_discovery:Found 5 installed packages in /home/spacefactory5/workspaces/ros2_ws_training2/install
[3.461s] DEBUG:colcon.colcon_installed_package_information.package_discovery:Found 431 installed packages in /opt/ros/humble
[3.464s] Level 1:colcon.colcon_core.package_discovery:discover_packages(prefix_path) using defaults
[3.622s] Level 5:colcon.colcon_core.verb:set package 'grasping_controller' build argument 'cmake_args' from command line to 'None'
[3.622s] Level 5:colcon.colcon_core.verb:set package 'grasping_controller' build argument 'cmake_target' from command line to 'None'
[3.622s] Level 5:colcon.colcon_core.verb:set package 'grasping_controller' build argument 'cmake_target_skip_unavailable' from command line to 'False'
[3.622s] Level 5:colcon.colcon_core.verb:set package 'grasping_controller' build argument 'cmake_clean_cache' from command line to 'False'
[3.622s] Level 5:colcon.colcon_core.verb:set package 'grasping_controller' build argument 'cmake_clean_first' from command line to 'False'
[3.622s] Level 5:colcon.colcon_core.verb:set package 'grasping_controller' build argument 'cmake_force_configure' from command line to 'False'
[3.622s] Level 5:colcon.colcon_core.verb:set package 'grasping_controller' build argument 'ament_cmake_args' from command line to 'None'
[3.622s] Level 5:colcon.colcon_core.verb:set package 'grasping_controller' build argument 'catkin_cmake_args' from command line to 'None'
[3.622s] Level 5:colcon.colcon_core.verb:set package 'grasping_controller' build argument 'catkin_skip_building_tests' from command line to 'False'
[3.622s] DEBUG:colcon.colcon_core.verb:Building package 'grasping_controller' with the following arguments: {'ament_cmake_args': None, 'build_base': '/home/spacefactory5/workspaces/ros2_ws_training2.bis/build/grasping_controller', 'catkin_cmake_args': None, 'catkin_skip_building_tests': False, 'cmake_args': None, 'cmake_clean_cache': False, 'cmake_clean_first': False, 'cmake_force_configure': False, 'cmake_target': None, 'cmake_target_skip_unavailable': False, 'install_base': '/home/spacefactory5/workspaces/ros2_ws_training2.bis/install/grasping_controller', 'merge_install': False, 'path': '/home/spacefactory5/workspaces/ros2_ws_training2.bis/src/grasping_controller', 'symlink_install': False, 'test_result_base': None}
[3.665s] Level 5:colcon.colcon_core.verb:set package 'isaacsim_rviz_training' build argument 'cmake_args' from command line to 'None'
[3.666s] Level 5:colcon.colcon_core.verb:set package 'isaacsim_rviz_training' build argument 'cmake_target' from command line to 'None'
[3.666s] Level 5:colcon.colcon_core.verb:set package 'isaacsim_rviz_training' build argument 'cmake_target_skip_unavailable' from command line to 'False'
[3.666s] Level 5:colcon.colcon_core.verb:set package 'isaacsim_rviz_training' build argument 'cmake_clean_cache' from command line to 'False'
[3.666s] Level 5:colcon.colcon_core.verb:set package 'isaacsim_rviz_training' build argument 'cmake_clean_first' from command line to 'False'
[3.666s] Level 5:colcon.colcon_core.verb:set package 'isaacsim_rviz_training' build argument 'cmake_force_configure' from command line to 'False'
[3.666s] Level 5:colcon.colcon_core.verb:set package 'isaacsim_rviz_training' build argument 'ament_cmake_args' from command line to 'None'
[3.666s] Level 5:colcon.colcon_core.verb:set package 'isaacsim_rviz_training' build argument 'catkin_cmake_args' from command line to 'None'
[3.666s] Level 5:colcon.colcon_core.verb:set package 'isaacsim_rviz_training' build argument 'catkin_skip_building_tests' from command line to 'False'
[3.666s] DEBUG:colcon.colcon_core.verb:Building package 'isaacsim_rviz_training' with the following arguments: {'ament_cmake_args': None, 'build_base': '/home/spacefactory5/workspaces/ros2_ws_training2.bis/build/isaacsim_rviz_training', 'catkin_cmake_args': None, 'catkin_skip_building_tests': False, 'cmake_args': None, 'cmake_clean_cache': False, 'cmake_clean_first': False, 'cmake_force_configure': False, 'cmake_target': None, 'cmake_target_skip_unavailable': False, 'install_base': '/home/spacefactory5/workspaces/ros2_ws_training2.bis/install/isaacsim_rviz_training', 'merge_install': False, 'path': '/home/spacefactory5/workspaces/ros2_ws_training2.bis/src/isaacsim_rviz_training', 'symlink_install': False, 'test_result_base': None}
[3.709s] INFO:colcon.colcon_core.executor:Executing jobs using 'parallel' executor
[3.776s] DEBUG:colcon.colcon_parallel_executor.executor.parallel:run_until_complete
[3.776s] INFO:colcon.colcon_ros.task.ament_python.build:Building ROS package in '/home/spacefactory5/workspaces/ros2_ws_training2.bis/src/grasping_controller' with build type 'ament_python'
[3.776s] Level 1:colcon.colcon_core.shell:create_environment_hook('grasping_controller', 'ament_prefix_path')
[3.833s] INFO:colcon.colcon_core.plugin_system:Skipping extension 'colcon_core.shell.bat': Not used on non-Windows systems
[3.834s] INFO:colcon.colcon_core.shell:Creating environment hook '/home/spacefactory5/workspaces/ros2_ws_training2.bis/install/grasping_controller/share/grasping_controller/hook/ament_prefix_path.ps1'
[3.834s] INFO:colcon.colcon_core.shell:Creating environment descriptor '/home/spacefactory5/workspaces/ros2_ws_training2.bis/install/grasping_controller/share/grasping_controller/hook/ament_prefix_path.dsv'
[3.835s] INFO:colcon.colcon_core.shell:Creating environment hook '/home/spacefactory5/workspaces/ros2_ws_training2.bis/install/grasping_controller/share/grasping_controller/hook/ament_prefix_path.sh'
[3.882s] INFO:colcon.colcon_core.shell:Skip shell extension 'powershell' for command environment: Not usable outside of PowerShell
[3.882s] DEBUG:colcon.colcon_core.shell:Skip shell extension 'dsv' for command environment
[4.355s] INFO:colcon.colcon_ros.task.ament_cmake.build:Building ROS package in '/home/spacefactory5/workspaces/ros2_ws_training2.bis/src/isaacsim_rviz_training' with build type 'ament_cmake'
[4.356s] INFO:colcon.colcon_cmake.task.cmake.build:Building CMake package in '/home/spacefactory5/workspaces/ros2_ws_training2.bis/src/isaacsim_rviz_training'
[4.400s] INFO:colcon.colcon_core.shell:Skip shell extension 'powershell' for command environment: Not usable outside of PowerShell
[4.400s] DEBUG:colcon.colcon_core.shell:Skip shell extension 'dsv' for command environment
[5.774s] INFO:colcon.colcon_core.task.python.build:Building Python package in '/home/spacefactory5/workspaces/ros2_ws_training2.bis/src/grasping_controller'
[5.846s] INFO:colcon.colcon_core.shell:Skip shell extension 'powershell' for command environment: Not usable outside of PowerShell
[5.846s] DEBUG:colcon.colcon_core.shell:Skip shell extension 'dsv' for command environment
[6.290s] DEBUG:colcon.colcon_core.event_handler.log_command:Invoking command in '/home/spacefactory5/workspaces/ros2_ws_training2.bis/build/isaacsim_rviz_training': CMAKE_PREFIX_PATH=${CMAKE_PREFIX_PATH}:/home/spacefactory5/workspaces/ros2_ws_training2.bis/install/grasping_controller:/home/spacefactory5/workspaces/ros2_ws_training3/install/grasping_controller:/home/spacefactory5/workspaces/ros2_ws_training2/install/py_pubsub_training:/home/spacefactory5/workspaces/ros2_ws_training2/install/lifecycle_py:/home/spacefactory5/workspaces/ros2_ws_training2/install/grasping_controller:/home/spacefactory5/workspaces/dev_ws/install/serial_motor_demo:/home/spacefactory5/workspaces/dev_ws/install/joy_tester:/home/spacefactory5/workspaces/ws_moveit2/install/moveit_configs_utils:/home/spacefactory5/workspaces/ws_moveit2/install/launch_param_builder:/home/spacefactory5/workspaces/tiago_public_ws/install/launch_pal:/opt/ros/humble /usr/bin/cmake --build /home/spacefactory5/workspaces/ros2_ws_training2.bis/build/isaacsim_rviz_training -- -j20 -l20
[6.413s] DEBUG:colcon.colcon_core.event_handler.log_command:Invoked command in '/home/spacefactory5/workspaces/ros2_ws_training2.bis/build/isaacsim_rviz_training' returned '0': CMAKE_PREFIX_PATH=${CMAKE_PREFIX_PATH}:/home/spacefactory5/workspaces/ros2_ws_training2.bis/install/grasping_controller:/home/spacefactory5/workspaces/ros2_ws_training3/install/grasping_controller:/home/spacefactory5/workspaces/ros2_ws_training2/install/py_pubsub_training:/home/spacefactory5/workspaces/ros2_ws_training2/install/lifecycle_py:/home/spacefactory5/workspaces/ros2_ws_training2/install/grasping_controller:/home/spacefactory5/workspaces/dev_ws/install/serial_motor_demo:/home/spacefactory5/workspaces/dev_ws/install/joy_tester:/home/spacefactory5/workspaces/ws_moveit2/install/moveit_configs_utils:/home/spacefactory5/workspaces/ws_moveit2/install/launch_param_builder:/home/spacefactory5/workspaces/tiago_public_ws/install/launch_pal:/opt/ros/humble /usr/bin/cmake --build /home/spacefactory5/workspaces/ros2_ws_training2.bis/build/isaacsim_rviz_training -- -j20 -l20
[6.661s] DEBUG:colcon.colcon_core.event_handler.log_command:Invoking command in '/home/spacefactory5/workspaces/ros2_ws_training2.bis/build/isaacsim_rviz_training': CMAKE_PREFIX_PATH=${CMAKE_PREFIX_PATH}:/home/spacefactory5/workspaces/ros2_ws_training2.bis/install/grasping_controller:/home/spacefactory5/workspaces/ros2_ws_training3/install/grasping_controller:/home/spacefactory5/workspaces/ros2_ws_training2/install/py_pubsub_training:/home/spacefactory5/workspaces/ros2_ws_training2/install/lifecycle_py:/home/spacefactory5/workspaces/ros2_ws_training2/install/grasping_controller:/home/spacefactory5/workspaces/dev_ws/install/serial_motor_demo:/home/spacefactory5/workspaces/dev_ws/install/joy_tester:/home/spacefactory5/workspaces/ws_moveit2/install/moveit_configs_utils:/home/spacefactory5/workspaces/ws_moveit2/install/launch_param_builder:/home/spacefactory5/workspaces/tiago_public_ws/install/launch_pal:/opt/ros/humble /usr/bin/cmake --install /home/spacefactory5/workspaces/ros2_ws_training2.bis/build/isaacsim_rviz_training
[6.684s] Level 1:colcon.colcon_core.environment:create_environment_scripts_only(isaacsim_rviz_training)
[6.689s] DEBUG:colcon.colcon_core.event_handler.log_command:Invoked command in '/home/spacefactory5/workspaces/ros2_ws_training2.bis/build/isaacsim_rviz_training' returned '0': CMAKE_PREFIX_PATH=${CMAKE_PREFIX_PATH}:/home/spacefactory5/workspaces/ros2_ws_training2.bis/install/grasping_controller:/home/spacefactory5/workspaces/ros2_ws_training3/install/grasping_controller:/home/spacefactory5/workspaces/ros2_ws_training2/install/py_pubsub_training:/home/spacefactory5/workspaces/ros2_ws_training2/install/lifecycle_py:/home/spacefactory5/workspaces/ros2_ws_training2/install/grasping_controller:/home/spacefactory5/workspaces/dev_ws/install/serial_motor_demo:/home/spacefactory5/workspaces/dev_ws/install/joy_tester:/home/spacefactory5/workspaces/ws_moveit2/install/moveit_configs_utils:/home/spacefactory5/workspaces/ws_moveit2/install/launch_param_builder:/home/spacefactory5/workspaces/tiago_public_ws/install/launch_pal:/opt/ros/humble /usr/bin/cmake --install /home/spacefactory5/workspaces/ros2_ws_training2.bis/build/isaacsim_rviz_training
[6.749s] Level 1:colcon.colcon_core.environment:checking '/home/spacefactory5/workspaces/ros2_ws_training2.bis/install/isaacsim_rviz_training' for CMake module files
[6.750s] Level 1:colcon.colcon_core.environment:checking '/home/spacefactory5/workspaces/ros2_ws_training2.bis/install/isaacsim_rviz_training' for CMake config files
[6.750s] Level 1:colcon.colcon_core.shell:create_environment_hook('isaacsim_rviz_training', 'cmake_prefix_path')
[6.822s] INFO:colcon.colcon_core.shell:Creating environment hook '/home/spacefactory5/workspaces/ros2_ws_training2.bis/install/isaacsim_rviz_training/share/isaacsim_rviz_training/hook/cmake_prefix_path.ps1'
[6.822s] INFO:colcon.colcon_core.shell:Creating environment descriptor '/home/spacefactory5/workspaces/ros2_ws_training2.bis/install/isaacsim_rviz_training/share/isaacsim_rviz_training/hook/cmake_prefix_path.dsv'
[6.822s] INFO:colcon.colcon_core.shell:Creating environment hook '/home/spacefactory5/workspaces/ros2_ws_training2.bis/install/isaacsim_rviz_training/share/isaacsim_rviz_training/hook/cmake_prefix_path.sh'
[6.823s] Level 1:colcon.colcon_core.environment:checking '/home/spacefactory5/workspaces/ros2_ws_training2.bis/install/isaacsim_rviz_training/lib'
[6.823s] Level 1:colcon.colcon_core.environment:checking '/home/spacefactory5/workspaces/ros2_ws_training2.bis/install/isaacsim_rviz_training/bin'
[6.823s] Level 1:colcon.colcon_core.environment:checking '/home/spacefactory5/workspaces/ros2_ws_training2.bis/install/isaacsim_rviz_training/lib/pkgconfig/isaacsim_rviz_training.pc'
[6.823s] Level 1:colcon.colcon_core.environment:checking '/home/spacefactory5/workspaces/ros2_ws_training2.bis/install/isaacsim_rviz_training/lib/python3.10/site-packages'
[6.824s] Level 1:colcon.colcon_core.environment:checking '/home/spacefactory5/workspaces/ros2_ws_training2.bis/install/isaacsim_rviz_training/bin'
[6.868s] INFO:colcon.colcon_core.shell:Creating package script '/home/spacefactory5/workspaces/ros2_ws_training2.bis/install/isaacsim_rviz_training/share/isaacsim_rviz_training/package.ps1'
[6.869s] INFO:colcon.colcon_core.shell:Creating package descriptor '/home/spacefactory5/workspaces/ros2_ws_training2.bis/install/isaacsim_rviz_training/share/isaacsim_rviz_training/package.dsv'
[6.870s] INFO:colcon.colcon_core.shell:Creating package script '/home/spacefactory5/workspaces/ros2_ws_training2.bis/install/isaacsim_rviz_training/share/isaacsim_rviz_training/package.sh'
[6.870s] INFO:colcon.colcon_core.shell:Creating package script '/home/spacefactory5/workspaces/ros2_ws_training2.bis/install/isaacsim_rviz_training/share/isaacsim_rviz_training/package.bash'
[6.871s] INFO:colcon.colcon_core.shell:Creating package script '/home/spacefactory5/workspaces/ros2_ws_training2.bis/install/isaacsim_rviz_training/share/isaacsim_rviz_training/package.zsh'
[6.871s] Level 1:colcon.colcon_core.environment:create_file_with_runtime_dependencies(/home/spacefactory5/workspaces/ros2_ws_training2.bis/install/isaacsim_rviz_training/share/colcon-core/packages/isaacsim_rviz_training)
[7.160s] Level 1:colcon.colcon_core.environment:create_environment_scripts_only(isaacsim_rviz_training)
[7.205s] Level 1:colcon.colcon_core.environment:checking '/home/spacefactory5/workspaces/ros2_ws_training2.bis/install/isaacsim_rviz_training' for CMake module files
[7.206s] Level 1:colcon.colcon_core.environment:checking '/home/spacefactory5/workspaces/ros2_ws_training2.bis/install/isaacsim_rviz_training' for CMake config files
[7.206s] Level 1:colcon.colcon_core.shell:create_environment_hook('isaacsim_rviz_training', 'cmake_prefix_path')
[7.252s] INFO:colcon.colcon_core.shell:Creating environment hook '/home/spacefactory5/workspaces/ros2_ws_training2.bis/install/isaacsim_rviz_training/share/isaacsim_rviz_training/hook/cmake_prefix_path.ps1'
[7.252s] INFO:colcon.colcon_core.shell:Creating environment descriptor '/home/spacefactory5/workspaces/ros2_ws_training2.bis/install/isaacsim_rviz_training/share/isaacsim_rviz_training/hook/cmake_prefix_path.dsv'
[7.252s] INFO:colcon.colcon_core.shell:Creating environment hook '/home/spacefactory5/workspaces/ros2_ws_training2.bis/install/isaacsim_rviz_training/share/isaacsim_rviz_training/hook/cmake_prefix_path.sh'
[7.253s] Level 1:colcon.colcon_core.environment:checking '/home/spacefactory5/workspaces/ros2_ws_training2.bis/install/isaacsim_rviz_training/lib'
[7.253s] Level 1:colcon.colcon_core.environment:checking '/home/spacefactory5/workspaces/ros2_ws_training2.bis/install/isaacsim_rviz_training/bin'
[7.253s] Level 1:colcon.colcon_core.environment:checking '/home/spacefactory5/workspaces/ros2_ws_training2.bis/install/isaacsim_rviz_training/lib/pkgconfig/isaacsim_rviz_training.pc'
[7.253s] Level 1:colcon.colcon_core.environment:checking '/home/spacefactory5/workspaces/ros2_ws_training2.bis/install/isaacsim_rviz_training/lib/python3.10/site-packages'
[7.254s] Level 1:colcon.colcon_core.environment:checking '/home/spacefactory5/workspaces/ros2_ws_training2.bis/install/isaacsim_rviz_training/bin'
[7.326s] INFO:colcon.colcon_core.shell:Creating package script '/home/spacefactory5/workspaces/ros2_ws_training2.bis/install/isaacsim_rviz_training/share/isaacsim_rviz_training/package.ps1'
[7.327s] INFO:colcon.colcon_core.shell:Creating package descriptor '/home/spacefactory5/workspaces/ros2_ws_training2.bis/install/isaacsim_rviz_training/share/isaacsim_rviz_training/package.dsv'
[7.328s] INFO:colcon.colcon_core.shell:Creating package script '/home/spacefactory5/workspaces/ros2_ws_training2.bis/install/isaacsim_rviz_training/share/isaacsim_rviz_training/package.sh'
[7.328s] INFO:colcon.colcon_core.shell:Creating package script '/home/spacefactory5/workspaces/ros2_ws_training2.bis/install/isaacsim_rviz_training/share/isaacsim_rviz_training/package.bash'
[7.328s] INFO:colcon.colcon_core.shell:Creating package script '/home/spacefactory5/workspaces/ros2_ws_training2.bis/install/isaacsim_rviz_training/share/isaacsim_rviz_training/package.zsh'
[7.328s] Level 1:colcon.colcon_core.environment:create_file_with_runtime_dependencies(/home/spacefactory5/workspaces/ros2_ws_training2.bis/install/isaacsim_rviz_training/share/colcon-core/packages/isaacsim_rviz_training)
[8.283s] DEBUG:colcon.colcon_core.event_handler.log_command:Invoking command in '/home/spacefactory5/workspaces/ros2_ws_training2.bis/src/grasping_controller': PYTHONPATH=/home/spacefactory5/workspaces/ros2_ws_training2.bis/build/grasping_controller/prefix_override:/home/spacefactory5/workspaces/ros2_ws_training2.bis/install/grasping_controller/lib/python3.10/site-packages:${PYTHONPATH} /usr/bin/python3 setup.py egg_info --egg-base ../../build/grasping_controller build --build-base /home/spacefactory5/workspaces/ros2_ws_training2.bis/build/grasping_controller/build install --record /home/spacefactory5/workspaces/ros2_ws_training2.bis/build/grasping_controller/install.log --single-version-externally-managed
[10.461s] DEBUG:colcon.colcon_core.event_handler.log_command:Invoked command in '/home/spacefactory5/workspaces/ros2_ws_training2.bis/src/grasping_controller' returned '0': PYTHONPATH=/home/spacefactory5/workspaces/ros2_ws_training2.bis/build/grasping_controller/prefix_override:/home/spacefactory5/workspaces/ros2_ws_training2.bis/install/grasping_controller/lib/python3.10/site-packages:${PYTHONPATH} /usr/bin/python3 setup.py egg_info --egg-base ../../build/grasping_controller build --build-base /home/spacefactory5/workspaces/ros2_ws_training2.bis/build/grasping_controller/build install --record /home/spacefactory5/workspaces/ros2_ws_training2.bis/build/grasping_controller/install.log --single-version-externally-managed
[10.506s] Level 1:colcon.colcon_core.environment:checking '/home/spacefactory5/workspaces/ros2_ws_training2.bis/install/grasping_controller' for CMake module files
[10.506s] Level 1:colcon.colcon_core.environment:checking '/home/spacefactory5/workspaces/ros2_ws_training2.bis/install/grasping_controller' for CMake config files
[10.507s] Level 1:colcon.colcon_core.environment:checking '/home/spacefactory5/workspaces/ros2_ws_training2.bis/install/grasping_controller/lib'
[10.507s] Level 1:colcon.colcon_core.environment:checking '/home/spacefactory5/workspaces/ros2_ws_training2.bis/install/grasping_controller/bin'
[10.507s] Level 1:colcon.colcon_core.environment:checking '/home/spacefactory5/workspaces/ros2_ws_training2.bis/install/grasping_controller/lib/pkgconfig/grasping_controller.pc'
[10.507s] Level 1:colcon.colcon_core.environment:checking '/home/spacefactory5/workspaces/ros2_ws_training2.bis/install/grasping_controller/lib/python3.10/site-packages'
[10.507s] Level 1:colcon.colcon_core.shell:create_environment_hook('grasping_controller', 'pythonpath')
[10.553s] INFO:colcon.colcon_core.shell:Creating environment hook '/home/spacefactory5/workspaces/ros2_ws_training2.bis/install/grasping_controller/share/grasping_controller/hook/pythonpath.ps1'
[10.553s] INFO:colcon.colcon_core.shell:Creating environment descriptor '/home/spacefactory5/workspaces/ros2_ws_training2.bis/install/grasping_controller/share/grasping_controller/hook/pythonpath.dsv'
[10.553s] INFO:colcon.colcon_core.shell:Creating environment hook '/home/spacefactory5/workspaces/ros2_ws_training2.bis/install/grasping_controller/share/grasping_controller/hook/pythonpath.sh'
[10.554s] Level 1:colcon.colcon_core.environment:checking '/home/spacefactory5/workspaces/ros2_ws_training2.bis/install/grasping_controller/bin'
[10.554s] Level 1:colcon.colcon_core.environment:create_environment_scripts_only(grasping_controller)
[10.600s] INFO:colcon.colcon_core.shell:Creating package script '/home/spacefactory5/workspaces/ros2_ws_training2.bis/install/grasping_controller/share/grasping_controller/package.ps1'
[10.600s] INFO:colcon.colcon_core.shell:Creating package descriptor '/home/spacefactory5/workspaces/ros2_ws_training2.bis/install/grasping_controller/share/grasping_controller/package.dsv'
[10.601s] INFO:colcon.colcon_core.shell:Creating package script '/home/spacefactory5/workspaces/ros2_ws_training2.bis/install/grasping_controller/share/grasping_controller/package.sh'
[10.601s] INFO:colcon.colcon_core.shell:Creating package script '/home/spacefactory5/workspaces/ros2_ws_training2.bis/install/grasping_controller/share/grasping_controller/package.bash'
[10.601s] INFO:colcon.colcon_core.shell:Creating package script '/home/spacefactory5/workspaces/ros2_ws_training2.bis/install/grasping_controller/share/grasping_controller/package.zsh'
[10.602s] Level 1:colcon.colcon_core.environment:create_file_with_runtime_dependencies(/home/spacefactory5/workspaces/ros2_ws_training2.bis/install/grasping_controller/share/colcon-core/packages/grasping_controller)
[10.602s] DEBUG:colcon.colcon_parallel_executor.executor.parallel:closing loop
[10.602s] DEBUG:colcon.colcon_parallel_executor.executor.parallel:loop closed
[10.603s] DEBUG:colcon.colcon_parallel_executor.executor.parallel:run_until_complete finished with '0'
[10.603s] DEBUG:colcon.colcon_core.event_reactor:joining thread
[10.678s] INFO:colcon.colcon_core.plugin_system:Skipping extension 'colcon_notification.desktop_notification.terminal_notifier': Not used on non-Darwin systems
[10.678s] INFO:colcon.colcon_core.plugin_system:Skipping extension 'colcon_notification.desktop_notification.win32': Not used on non-Windows systems
[10.678s] INFO:colcon.colcon_notification.desktop_notification:Sending desktop notification using 'notify2'
[10.691s] DEBUG:colcon.colcon_core.event_reactor:joined thread
[10.764s] INFO:colcon.colcon_core.shell:Creating prefix script '/home/spacefactory5/workspaces/ros2_ws_training2.bis/install/local_setup.ps1'
[10.765s] INFO:colcon.colcon_core.shell:Creating prefix util module '/home/spacefactory5/workspaces/ros2_ws_training2.bis/install/_local_setup_util_ps1.py'
[10.766s] INFO:colcon.colcon_core.shell:Creating prefix chain script '/home/spacefactory5/workspaces/ros2_ws_training2.bis/install/setup.ps1'
[10.815s] INFO:colcon.colcon_core.shell:Creating prefix script '/home/spacefactory5/workspaces/ros2_ws_training2.bis/install/local_setup.sh'
[10.816s] INFO:colcon.colcon_core.shell:Creating prefix util module '/home/spacefactory5/workspaces/ros2_ws_training2.bis/install/_local_setup_util_sh.py'
[10.816s] INFO:colcon.colcon_core.shell:Creating prefix chain script '/home/spacefactory5/workspaces/ros2_ws_training2.bis/install/setup.sh'
[10.865s] INFO:colcon.colcon_core.shell:Creating prefix script '/home/spacefactory5/workspaces/ros2_ws_training2.bis/install/local_setup.bash'
[10.866s] INFO:colcon.colcon_core.shell:Creating prefix chain script '/home/spacefactory5/workspaces/ros2_ws_training2.bis/install/setup.bash'
[10.915s] INFO:colcon.colcon_core.shell:Creating prefix script '/home/spacefactory5/workspaces/ros2_ws_training2.bis/install/local_setup.zsh'
[10.916s] INFO:colcon.colcon_core.shell:Creating prefix chain script '/home/spacefactory5/workspaces/ros2_ws_training2.bis/install/setup.zsh'
