[3.228s] Invoking command in '/home/spacefactory5/workspaces/ros2_ws_training2.bis/src/grasping_controller': PYTHONPATH=/home/spacefactory5/workspaces/ros2_ws_training2.bis/build/grasping_controller/prefix_override:/home/spacefactory5/workspaces/ros2_ws_training2.bis/install/grasping_controller/lib/python3.10/site-packages:${PYTHONPATH} /usr/bin/python3 setup.py egg_info --egg-base ../../build/grasping_controller build --build-base /home/spacefactory5/workspaces/ros2_ws_training2.bis/build/grasping_controller/build install --record /home/spacefactory5/workspaces/ros2_ws_training2.bis/build/grasping_controller/install.log --single-version-externally-managed
[3.966s] running egg_info
[4.013s] writing ../../build/grasping_controller/grasping_controller.egg-info/PKG-INFO
[4.013s] writing dependency_links to ../../build/grasping_controller/grasping_controller.egg-info/dependency_links.txt
[4.013s] writing entry points to ../../build/grasping_controller/grasping_controller.egg-info/entry_points.txt
[4.013s] writing requirements to ../../build/grasping_controller/grasping_controller.egg-info/requires.txt
[4.013s] writing top-level names to ../../build/grasping_controller/grasping_controller.egg-info/top_level.txt
[4.366s] writing manifest file '../../build/grasping_controller/grasping_controller.egg-info/SOURCES.txt'
[4.367s] running build
[4.367s] running build_py
[4.367s] running install
[4.367s] /home/spacefactory5/.local/share/ov/pkg/isaac_sim-2023.1.1/kit/exts/omni.kit.pip_archive/pip_prebundle/setuptools/_distutils/cmd.py:66: SetuptoolsDeprecationWarning: setup.py install is deprecated.
[4.367s] !!
[4.367s] 
[4.367s]         ********************************************************************************
[4.367s]         Please avoid running ``setup.py`` directly.
[4.367s]         Instead, use pypa/build, pypa/installer or other
[4.367s]         standards-based tools.
[4.367s] 
[4.367s]         See https://blog.ganssle.io/articles/2021/10/setup-py-deprecated.html for details.
[4.367s]         ********************************************************************************
[4.367s] 
[4.367s] !!
[4.367s]   self.initialize_options()
[4.375s] running install_lib
[4.411s] running install_data
[4.456s] running install_egg_info
[4.487s] removing '/home/spacefactory5/workspaces/ros2_ws_training2.bis/install/grasping_controller/lib/python3.10/site-packages/grasping_controller-0.20.3-py3.10.egg-info' (and everything under it)
[4.487s] Copying ../../build/grasping_controller/grasping_controller.egg-info to /home/spacefactory5/workspaces/ros2_ws_training2.bis/install/grasping_controller/lib/python3.10/site-packages/grasping_controller-0.20.3-py3.10.egg-info
[4.488s] running install_scripts
[4.814s] Installing grasping_controller script to /home/spacefactory5/workspaces/ros2_ws_training2.bis/install/grasping_controller/lib/grasping_controller
[4.815s] writing list of installed files to '/home/spacefactory5/workspaces/ros2_ws_training2.bis/build/grasping_controller/install.log'
[4.850s] Invoked command in '/home/spacefactory5/workspaces/ros2_ws_training2.bis/src/grasping_controller' returned '0': PYTHONPATH=/home/spacefactory5/workspaces/ros2_ws_training2.bis/build/grasping_controller/prefix_override:/home/spacefactory5/workspaces/ros2_ws_training2.bis/install/grasping_controller/lib/python3.10/site-packages:${PYTHONPATH} /usr/bin/python3 setup.py egg_info --egg-base ../../build/grasping_controller build --build-base /home/spacefactory5/workspaces/ros2_ws_training2.bis/build/grasping_controller/build install --record /home/spacefactory5/workspaces/ros2_ws_training2.bis/build/grasping_controller/install.log --single-version-externally-managed
